CRITICAL - 2020-02-26 05:15:50 --> Undefined property: App\Controllers\Home::$load
#0 C:\OSPanel\domains\localhost\crew\app\Controllers\Home.php(7): CodeIgniter\Debug\Exceptions->errorHandler(8, 'Undefined prope...', 'C:\\OSPanel\\doma...', 7, Array)
#1 C:\OSPanel\domains\localhost\crew\system\CodeIgniter.php(910): App\Controllers\Home->index()
#2 C:\OSPanel\domains\localhost\crew\system\CodeIgniter.php(398): CodeIgniter\CodeIgniter->runController(Object(App\Controllers\Home))
#3 C:\OSPanel\domains\localhost\crew\system\CodeIgniter.php(306): CodeIgniter\CodeIgniter->handleRequest(NULL, Object(Config\Cache), false)
#4 C:\OSPanel\domains\localhost\crew\public\index.php(45): CodeIgniter\CodeIgniter->run()
#5 {main}
CRITICAL - 2020-02-26 05:16:44 --> Call to undefined method App\Controllers\BaseController::__constructor()
#0 C:\OSPanel\domains\localhost\crew\system\CodeIgniter.php(882): App\Controllers\Home->__construct()
#1 C:\OSPanel\domains\localhost\crew\system\CodeIgniter.php(393): CodeIgniter\CodeIgniter->createController()
#2 C:\OSPanel\domains\localhost\crew\system\CodeIgniter.php(306): CodeIgniter\CodeIgniter->handleRequest(NULL, Object(Config\Cache), false)
#3 C:\OSPanel\domains\localhost\crew\public\index.php(45): CodeIgniter\CodeIgniter->run()
#4 {main}
CRITICAL - 2020-02-26 05:43:01 --> syntax error, unexpected '}'
#0 C:\OSPanel\domains\localhost\crew\system\Autoloader\Autoloader.php(296): CodeIgniter\Autoloader\Autoloader->requireFile('C:\\OSPanel\\doma...')
#1 C:\OSPanel\domains\localhost\crew\system\Autoloader\Autoloader.php(258): CodeIgniter\Autoloader\Autoloader->loadInNamespace('App\\Controllers...')
#2 [internal function]: CodeIgniter\Autoloader\Autoloader->loadClass('App\\Controllers...')
#3 [internal function]: spl_autoload_call('App\\Controllers...')
#4 C:\OSPanel\domains\localhost\crew\system\CodeIgniter.php(861): class_exists('\\App\\Controller...', true)
#5 C:\OSPanel\domains\localhost\crew\system\CodeIgniter.php(388): CodeIgniter\CodeIgniter->startController()
#6 C:\OSPanel\domains\localhost\crew\system\CodeIgniter.php(306): CodeIgniter\CodeIgniter->handleRequest(NULL, Object(Config\Cache), false)
#7 C:\OSPanel\domains\localhost\crew\public\index.php(45): CodeIgniter\CodeIgniter->run()
#8 {main}
CRITICAL - 2020-02-26 05:43:37 --> Class 'Firebase\JWT\JWT' not found
#0 C:\OSPanel\domains\localhost\crew\system\CodeIgniter.php(910): App\Controllers\Home->index()
#1 C:\OSPanel\domains\localhost\crew\system\CodeIgniter.php(398): CodeIgniter\CodeIgniter->runController(Object(App\Controllers\Home))
#2 C:\OSPanel\domains\localhost\crew\system\CodeIgniter.php(306): CodeIgniter\CodeIgniter->handleRequest(NULL, Object(Config\Cache), false)
#3 C:\OSPanel\domains\localhost\crew\public\index.php(45): CodeIgniter\CodeIgniter->run()
#4 {main}
CRITICAL - 2020-02-26 05:49:56 --> Class 'Firebase\JWFirebase\JWT\JWT' not found
#0 C:\OSPanel\domains\localhost\crew\system\CodeIgniter.php(910): App\Controllers\Home->index()
#1 C:\OSPanel\domains\localhost\crew\system\CodeIgniter.php(398): CodeIgniter\CodeIgniter->runController(Object(App\Controllers\Home))
#2 C:\OSPanel\domains\localhost\crew\system\CodeIgniter.php(306): CodeIgniter\CodeIgniter->handleRequest(NULL, Object(Config\Cache), false)
#3 C:\OSPanel\domains\localhost\crew\public\index.php(45): CodeIgniter\CodeIgniter->run()
#4 {main}
CRITICAL - 2020-02-26 05:49:57 --> Class 'Firebase\JWFirebase\JWT\JWT' not found
#0 C:\OSPanel\domains\localhost\crew\system\CodeIgniter.php(910): App\Controllers\Home->index()
#1 C:\OSPanel\domains\localhost\crew\system\CodeIgniter.php(398): CodeIgniter\CodeIgniter->runController(Object(App\Controllers\Home))
#2 C:\OSPanel\domains\localhost\crew\system\CodeIgniter.php(306): CodeIgniter\CodeIgniter->handleRequest(NULL, Object(Config\Cache), false)
#3 C:\OSPanel\domains\localhost\crew\public\index.php(45): CodeIgniter\CodeIgniter->run()
#4 {main}
CRITICAL - 2020-02-26 05:49:58 --> Class 'Firebase\JWFirebase\JWT\JWT' not found
#0 C:\OSPanel\domains\localhost\crew\system\CodeIgniter.php(910): App\Controllers\Home->index()
#1 C:\OSPanel\domains\localhost\crew\system\CodeIgniter.php(398): CodeIgniter\CodeIgniter->runController(Object(App\Controllers\Home))
#2 C:\OSPanel\domains\localhost\crew\system\CodeIgniter.php(306): CodeIgniter\CodeIgniter->handleRequest(NULL, Object(Config\Cache), false)
#3 C:\OSPanel\domains\localhost\crew\public\index.php(45): CodeIgniter\CodeIgniter->run()
#4 {main}
CRITICAL - 2020-02-26 05:49:58 --> Class 'Firebase\JWFirebase\JWT\JWT' not found
#0 C:\OSPanel\domains\localhost\crew\system\CodeIgniter.php(910): App\Controllers\Home->index()
#1 C:\OSPanel\domains\localhost\crew\system\CodeIgniter.php(398): CodeIgniter\CodeIgniter->runController(Object(App\Controllers\Home))
#2 C:\OSPanel\domains\localhost\crew\system\CodeIgniter.php(306): CodeIgniter\CodeIgniter->handleRequest(NULL, Object(Config\Cache), false)
#3 C:\OSPanel\domains\localhost\crew\public\index.php(45): CodeIgniter\CodeIgniter->run()
#4 {main}
CRITICAL - 2020-02-26 05:54:30 --> Class 'JWT' not found
#0 C:\OSPanel\domains\localhost\crew\system\CodeIgniter.php(910): App\Controllers\Home->index()
#1 C:\OSPanel\domains\localhost\crew\system\CodeIgniter.php(398): CodeIgniter\CodeIgniter->runController(Object(App\Controllers\Home))
#2 C:\OSPanel\domains\localhost\crew\system\CodeIgniter.php(306): CodeIgniter\CodeIgniter->handleRequest(NULL, Object(Config\Cache), false)
#3 C:\OSPanel\domains\localhost\crew\public\index.php(45): CodeIgniter\CodeIgniter->run()
#4 {main}
CRITICAL - 2020-02-26 05:54:31 --> Class 'JWT' not found
#0 C:\OSPanel\domains\localhost\crew\system\CodeIgniter.php(910): App\Controllers\Home->index()
#1 C:\OSPanel\domains\localhost\crew\system\CodeIgniter.php(398): CodeIgniter\CodeIgniter->runController(Object(App\Controllers\Home))
#2 C:\OSPanel\domains\localhost\crew\system\CodeIgniter.php(306): CodeIgniter\CodeIgniter->handleRequest(NULL, Object(Config\Cache), false)
#3 C:\OSPanel\domains\localhost\crew\public\index.php(45): CodeIgniter\CodeIgniter->run()
#4 {main}
CRITICAL - 2020-02-26 05:55:01 --> Class 'Firebase\JWT\JWT' not found
#0 C:\OSPanel\domains\localhost\crew\system\CodeIgniter.php(910): App\Controllers\Home->index()
#1 C:\OSPanel\domains\localhost\crew\system\CodeIgniter.php(398): CodeIgniter\CodeIgniter->runController(Object(App\Controllers\Home))
#2 C:\OSPanel\domains\localhost\crew\system\CodeIgniter.php(306): CodeIgniter\CodeIgniter->handleRequest(NULL, Object(Config\Cache), false)
#3 C:\OSPanel\domains\localhost\crew\public\index.php(45): CodeIgniter\CodeIgniter->run()
#4 {main}
CRITICAL - 2020-02-26 06:04:36 --> Class 'App\Controllers\JWT' not found
#0 C:\OSPanel\domains\localhost\crew\system\CodeIgniter.php(910): App\Controllers\Home->index()
#1 C:\OSPanel\domains\localhost\crew\system\CodeIgniter.php(398): CodeIgniter\CodeIgniter->runController(Object(App\Controllers\Home))
#2 C:\OSPanel\domains\localhost\crew\system\CodeIgniter.php(306): CodeIgniter\CodeIgniter->handleRequest(NULL, Object(Config\Cache), false)
#3 C:\OSPanel\domains\localhost\crew\public\index.php(45): CodeIgniter\CodeIgniter->run()
#4 {main}
CRITICAL - 2020-02-26 06:05:55 --> Wrong number of segments
#0 C:\OSPanel\domains\localhost\crew\app\Controllers\Home.php(13): Firebase\JWT\JWT::decode('s', 's')
#1 C:\OSPanel\domains\localhost\crew\system\CodeIgniter.php(910): App\Controllers\Home->index()
#2 C:\OSPanel\domains\localhost\crew\system\CodeIgniter.php(398): CodeIgniter\CodeIgniter->runController(Object(App\Controllers\Home))
#3 C:\OSPanel\domains\localhost\crew\system\CodeIgniter.php(306): CodeIgniter\CodeIgniter->handleRequest(NULL, Object(Config\Cache), false)
#4 C:\OSPanel\domains\localhost\crew\public\index.php(45): CodeIgniter\CodeIgniter->run()
#5 {main}
CRITICAL - 2020-02-26 06:07:13 --> include_once(C:\OSPanel\domains\localhost\crew\/php-jwtc/SignatureInvalidException.php): failed to open stream: No such file or directory
#0 C:\OSPanel\domains\localhost\crew\app\Controllers\Home.php(5): CodeIgniter\Debug\Exceptions->errorHandler(2, 'include_once(C:...', 'C:\\OSPanel\\doma...', 5, Array)
#1 C:\OSPanel\domains\localhost\crew\app\Controllers\Home.php(5): include_once()
#2 C:\OSPanel\domains\localhost\crew\system\Autoloader\Autoloader.php(365): require_once('C:\\OSPanel\\doma...')
#3 C:\OSPanel\domains\localhost\crew\system\Autoloader\Autoloader.php(296): CodeIgniter\Autoloader\Autoloader->requireFile('C:\\OSPanel\\doma...')
#4 C:\OSPanel\domains\localhost\crew\system\Autoloader\Autoloader.php(258): CodeIgniter\Autoloader\Autoloader->loadInNamespace('App\\Controllers...')
#5 [internal function]: CodeIgniter\Autoloader\Autoloader->loadClass('App\\Controllers...')
#6 [internal function]: spl_autoload_call('App\\Controllers...')
#7 C:\OSPanel\domains\localhost\crew\system\CodeIgniter.php(861): class_exists('\\App\\Controller...', true)
#8 C:\OSPanel\domains\localhost\crew\system\CodeIgniter.php(388): CodeIgniter\CodeIgniter->startController()
#9 C:\OSPanel\domains\localhost\crew\system\CodeIgniter.php(306): CodeIgniter\CodeIgniter->handleRequest(NULL, Object(Config\Cache), false)
#10 C:\OSPanel\domains\localhost\crew\public\index.php(45): CodeIgniter\CodeIgniter->run()
#11 {main}
CRITICAL - 2020-02-26 06:07:14 --> include_once(C:\OSPanel\domains\localhost\crew\/php-jwtc/SignatureInvalidException.php): failed to open stream: No such file or directory
#0 C:\OSPanel\domains\localhost\crew\app\Controllers\Home.php(5): CodeIgniter\Debug\Exceptions->errorHandler(2, 'include_once(C:...', 'C:\\OSPanel\\doma...', 5, Array)
#1 C:\OSPanel\domains\localhost\crew\app\Controllers\Home.php(5): include_once()
#2 C:\OSPanel\domains\localhost\crew\system\Autoloader\Autoloader.php(365): require_once('C:\\OSPanel\\doma...')
#3 C:\OSPanel\domains\localhost\crew\system\Autoloader\Autoloader.php(296): CodeIgniter\Autoloader\Autoloader->requireFile('C:\\OSPanel\\doma...')
#4 C:\OSPanel\domains\localhost\crew\system\Autoloader\Autoloader.php(258): CodeIgniter\Autoloader\Autoloader->loadInNamespace('App\\Controllers...')
#5 [internal function]: CodeIgniter\Autoloader\Autoloader->loadClass('App\\Controllers...')
#6 [internal function]: spl_autoload_call('App\\Controllers...')
#7 C:\OSPanel\domains\localhost\crew\system\CodeIgniter.php(861): class_exists('\\App\\Controller...', true)
#8 C:\OSPanel\domains\localhost\crew\system\CodeIgniter.php(388): CodeIgniter\CodeIgniter->startController()
#9 C:\OSPanel\domains\localhost\crew\system\CodeIgniter.php(306): CodeIgniter\CodeIgniter->handleRequest(NULL, Object(Config\Cache), false)
#10 C:\OSPanel\domains\localhost\crew\public\index.php(45): CodeIgniter\CodeIgniter->run()
#11 {main}
CRITICAL - 2020-02-26 06:07:25 --> include_once(C:\OSPanel\domains\localhost\crew\/php-jwt/SignatureInvalidException.php): failed to open stream: No such file or directory
#0 C:\OSPanel\domains\localhost\crew\app\Controllers\Home.php(5): CodeIgniter\Debug\Exceptions->errorHandler(2, 'include_once(C:...', 'C:\\OSPanel\\doma...', 5, Array)
#1 C:\OSPanel\domains\localhost\crew\app\Controllers\Home.php(5): include_once()
#2 C:\OSPanel\domains\localhost\crew\system\Autoloader\Autoloader.php(365): require_once('C:\\OSPanel\\doma...')
#3 C:\OSPanel\domains\localhost\crew\system\Autoloader\Autoloader.php(296): CodeIgniter\Autoloader\Autoloader->requireFile('C:\\OSPanel\\doma...')
#4 C:\OSPanel\domains\localhost\crew\system\Autoloader\Autoloader.php(258): CodeIgniter\Autoloader\Autoloader->loadInNamespace('App\\Controllers...')
#5 [internal function]: CodeIgniter\Autoloader\Autoloader->loadClass('App\\Controllers...')
#6 [internal function]: spl_autoload_call('App\\Controllers...')
#7 C:\OSPanel\domains\localhost\crew\system\CodeIgniter.php(861): class_exists('\\App\\Controller...', true)
#8 C:\OSPanel\domains\localhost\crew\system\CodeIgniter.php(388): CodeIgniter\CodeIgniter->startController()
#9 C:\OSPanel\domains\localhost\crew\system\CodeIgniter.php(306): CodeIgniter\CodeIgniter->handleRequest(NULL, Object(Config\Cache), false)
#10 C:\OSPanel\domains\localhost\crew\public\index.php(45): CodeIgniter\CodeIgniter->run()
#11 {main}
CRITICAL - 2020-02-26 06:14:47 --> Undefined property: App\Controllers\Home::$token_key
#0 C:\OSPanel\domains\localhost\crew\app\Controllers\Home.php(30): CodeIgniter\Debug\Exceptions->errorHandler(8, 'Undefined prope...', 'C:\\OSPanel\\doma...', 30, Array)
#1 C:\OSPanel\domains\localhost\crew\system\CodeIgniter.php(910): App\Controllers\Home->index()
#2 C:\OSPanel\domains\localhost\crew\system\CodeIgniter.php(398): CodeIgniter\CodeIgniter->runController(Object(App\Controllers\Home))
#3 C:\OSPanel\domains\localhost\crew\system\CodeIgniter.php(306): CodeIgniter\CodeIgniter->handleRequest(NULL, Object(Config\Cache), false)
#4 C:\OSPanel\domains\localhost\crew\public\index.php(45): CodeIgniter\CodeIgniter->run()
#5 {main}
CRITICAL - 2020-02-26 06:16:36 --> Undefined property: CodeIgniter\Config\Config::$token_key
#0 C:\OSPanel\domains\localhost\crew\app\Controllers\Home.php(32): CodeIgniter\Debug\Exceptions->errorHandler(8, 'Undefined prope...', 'C:\\OSPanel\\doma...', 32, Array)
#1 C:\OSPanel\domains\localhost\crew\system\CodeIgniter.php(910): App\Controllers\Home->index()
#2 C:\OSPanel\domains\localhost\crew\system\CodeIgniter.php(398): CodeIgniter\CodeIgniter->runController(Object(App\Controllers\Home))
#3 C:\OSPanel\domains\localhost\crew\system\CodeIgniter.php(306): CodeIgniter\CodeIgniter->handleRequest(NULL, Object(Config\Cache), false)
#4 C:\OSPanel\domains\localhost\crew\public\index.php(45): CodeIgniter\CodeIgniter->run()
#5 {main}
CRITICAL - 2020-02-26 06:16:51 --> Class 'App\Controllers\Config\Config' not found
#0 C:\OSPanel\domains\localhost\crew\system\CodeIgniter.php(910): App\Controllers\Home->index()
#1 C:\OSPanel\domains\localhost\crew\system\CodeIgniter.php(398): CodeIgniter\CodeIgniter->runController(Object(App\Controllers\Home))
#2 C:\OSPanel\domains\localhost\crew\system\CodeIgniter.php(306): CodeIgniter\CodeIgniter->handleRequest(NULL, Object(Config\Cache), false)
#3 C:\OSPanel\domains\localhost\crew\public\index.php(45): CodeIgniter\CodeIgniter->run()
#4 {main}
CRITICAL - 2020-02-26 06:17:24 --> Undefined property: CodeIgniter\Config\Config::$token_key
#0 C:\OSPanel\domains\localhost\crew\app\Controllers\Home.php(33): CodeIgniter\Debug\Exceptions->errorHandler(8, 'Undefined prope...', 'C:\\OSPanel\\doma...', 33, Array)
#1 C:\OSPanel\domains\localhost\crew\system\CodeIgniter.php(910): App\Controllers\Home->index()
#2 C:\OSPanel\domains\localhost\crew\system\CodeIgniter.php(398): CodeIgniter\CodeIgniter->runController(Object(App\Controllers\Home))
#3 C:\OSPanel\domains\localhost\crew\system\CodeIgniter.php(306): CodeIgniter\CodeIgniter->handleRequest(NULL, Object(Config\Cache), false)
#4 C:\OSPanel\domains\localhost\crew\public\index.php(45): CodeIgniter\CodeIgniter->run()
#5 {main}
CRITICAL - 2020-02-26 06:44:18 --> syntax error, unexpected ')', expecting ',' or ';'
#0 C:\OSPanel\domains\localhost\crew\system\Autoloader\Autoloader.php(296): CodeIgniter\Autoloader\Autoloader->requireFile('C:\\OSPanel\\doma...')
#1 C:\OSPanel\domains\localhost\crew\system\Autoloader\Autoloader.php(258): CodeIgniter\Autoloader\Autoloader->loadInNamespace('App\\Controllers...')
#2 [internal function]: CodeIgniter\Autoloader\Autoloader->loadClass('App\\Controllers...')
#3 [internal function]: spl_autoload_call('App\\Controllers...')
#4 C:\OSPanel\domains\localhost\crew\system\CodeIgniter.php(861): class_exists('\\App\\Controller...', true)
#5 C:\OSPanel\domains\localhost\crew\system\CodeIgniter.php(388): CodeIgniter\CodeIgniter->startController()
#6 C:\OSPanel\domains\localhost\crew\system\CodeIgniter.php(306): CodeIgniter\CodeIgniter->handleRequest(NULL, Object(Config\Cache), false)
#7 C:\OSPanel\domains\localhost\crew\public\index.php(45): CodeIgniter\CodeIgniter->run()
#8 {main}
CRITICAL - 2020-02-26 06:44:29 --> Undefined property: App\Controllers\Home::$validation
#0 C:\OSPanel\domains\localhost\crew\app\Controllers\Home.php(20): CodeIgniter\Debug\Exceptions->errorHandler(8, 'Undefined prope...', 'C:\\OSPanel\\doma...', 20, Array)
#1 C:\OSPanel\domains\localhost\crew\system\CodeIgniter.php(910): App\Controllers\Home->index()
#2 C:\OSPanel\domains\localhost\crew\system\CodeIgniter.php(398): CodeIgniter\CodeIgniter->runController(Object(App\Controllers\Home))
#3 C:\OSPanel\domains\localhost\crew\system\CodeIgniter.php(306): CodeIgniter\CodeIgniter->handleRequest(NULL, Object(Config\Cache), false)
#4 C:\OSPanel\domains\localhost\crew\public\index.php(45): CodeIgniter\CodeIgniter->run()
#5 {main}
CRITICAL - 2020-02-26 06:44:44 --> Undefined property: App\Controllers\Home::$ionAuth
#0 C:\OSPanel\domains\localhost\crew\app\Controllers\Home.php(25): CodeIgniter\Debug\Exceptions->errorHandler(8, 'Undefined prope...', 'C:\\OSPanel\\doma...', 25, Array)
#1 C:\OSPanel\domains\localhost\crew\system\CodeIgniter.php(910): App\Controllers\Home->index()
#2 C:\OSPanel\domains\localhost\crew\system\CodeIgniter.php(398): CodeIgniter\CodeIgniter->runController(Object(App\Controllers\Home))
#3 C:\OSPanel\domains\localhost\crew\system\CodeIgniter.php(306): CodeIgniter\CodeIgniter->handleRequest(NULL, Object(Config\Cache), false)
#4 C:\OSPanel\domains\localhost\crew\public\index.php(45): CodeIgniter\CodeIgniter->run()
#5 {main}
CRITICAL - 2020-02-26 06:45:56 --> Argument 1 passed to IonAuth\Models\IonAuthModel::login() must be of the type string, null given
#0 [internal function]: IonAuth\Models\IonAuthModel->login(NULL, NULL, true)
#1 C:\OSPanel\domains\localhost\crew\CodeIgniter-Ion-Auth\Libraries\IonAuth.php(104): call_user_func_array(Array, Array)
#2 C:\OSPanel\domains\localhost\crew\app\Controllers\Home.php(37): IonAuth\Libraries\IonAuth->__call('login', Array)
#3 C:\OSPanel\domains\localhost\crew\system\CodeIgniter.php(910): App\Controllers\Home->index()
#4 C:\OSPanel\domains\localhost\crew\system\CodeIgniter.php(398): CodeIgniter\CodeIgniter->runController(Object(App\Controllers\Home))
#5 C:\OSPanel\domains\localhost\crew\system\CodeIgniter.php(306): CodeIgniter\CodeIgniter->handleRequest(NULL, Object(Config\Cache), false)
#6 C:\OSPanel\domains\localhost\crew\public\index.php(45): CodeIgniter\CodeIgniter->run()
#7 {main}
CRITICAL - 2020-02-26 06:45:57 --> Argument 1 passed to IonAuth\Models\IonAuthModel::login() must be of the type string, null given
#0 [internal function]: IonAuth\Models\IonAuthModel->login(NULL, NULL, true)
#1 C:\OSPanel\domains\localhost\crew\CodeIgniter-Ion-Auth\Libraries\IonAuth.php(104): call_user_func_array(Array, Array)
#2 C:\OSPanel\domains\localhost\crew\app\Controllers\Home.php(37): IonAuth\Libraries\IonAuth->__call('login', Array)
#3 C:\OSPanel\domains\localhost\crew\system\CodeIgniter.php(910): App\Controllers\Home->index()
#4 C:\OSPanel\domains\localhost\crew\system\CodeIgniter.php(398): CodeIgniter\CodeIgniter->runController(Object(App\Controllers\Home))
#5 C:\OSPanel\domains\localhost\crew\system\CodeIgniter.php(306): CodeIgniter\CodeIgniter->handleRequest(NULL, Object(Config\Cache), false)
#6 C:\OSPanel\domains\localhost\crew\public\index.php(45): CodeIgniter\CodeIgniter->run()
#7 {main}
CRITICAL - 2020-02-26 06:49:20 --> syntax error, unexpected '{'
#0 C:\OSPanel\domains\localhost\crew\system\Autoloader\Autoloader.php(296): CodeIgniter\Autoloader\Autoloader->requireFile('C:\\OSPanel\\doma...')
#1 C:\OSPanel\domains\localhost\crew\system\Autoloader\Autoloader.php(258): CodeIgniter\Autoloader\Autoloader->loadInNamespace('App\\Controllers...')
#2 [internal function]: CodeIgniter\Autoloader\Autoloader->loadClass('App\\Controllers...')
#3 [internal function]: spl_autoload_call('App\\Controllers...')
#4 C:\OSPanel\domains\localhost\crew\system\CodeIgniter.php(861): class_exists('\\App\\Controller...', true)
#5 C:\OSPanel\domains\localhost\crew\system\CodeIgniter.php(388): CodeIgniter\CodeIgniter->startController()
#6 C:\OSPanel\domains\localhost\crew\system\CodeIgniter.php(306): CodeIgniter\CodeIgniter->handleRequest(NULL, Object(Config\Cache), false)
#7 C:\OSPanel\domains\localhost\crew\public\index.php(45): CodeIgniter\CodeIgniter->run()
#8 {main}
CRITICAL - 2020-02-26 06:49:40 --> syntax error, unexpected '{'
#0 C:\OSPanel\domains\localhost\crew\system\Autoloader\Autoloader.php(296): CodeIgniter\Autoloader\Autoloader->requireFile('C:\\OSPanel\\doma...')
#1 C:\OSPanel\domains\localhost\crew\system\Autoloader\Autoloader.php(258): CodeIgniter\Autoloader\Autoloader->loadInNamespace('App\\Controllers...')
#2 [internal function]: CodeIgniter\Autoloader\Autoloader->loadClass('App\\Controllers...')
#3 [internal function]: spl_autoload_call('App\\Controllers...')
#4 C:\OSPanel\domains\localhost\crew\system\CodeIgniter.php(861): class_exists('\\App\\Controller...', true)
#5 C:\OSPanel\domains\localhost\crew\system\CodeIgniter.php(388): CodeIgniter\CodeIgniter->startController()
#6 C:\OSPanel\domains\localhost\crew\system\CodeIgniter.php(306): CodeIgniter\CodeIgniter->handleRequest(NULL, Object(Config\Cache), false)
#7 C:\OSPanel\domains\localhost\crew\public\index.php(45): CodeIgniter\CodeIgniter->run()
#8 {main}
CRITICAL - 2020-02-26 06:49:51 --> syntax error, unexpected ')'
#0 C:\OSPanel\domains\localhost\crew\system\Autoloader\Autoloader.php(296): CodeIgniter\Autoloader\Autoloader->requireFile('C:\\OSPanel\\doma...')
#1 C:\OSPanel\domains\localhost\crew\system\Autoloader\Autoloader.php(258): CodeIgniter\Autoloader\Autoloader->loadInNamespace('App\\Controllers...')
#2 [internal function]: CodeIgniter\Autoloader\Autoloader->loadClass('App\\Controllers...')
#3 [internal function]: spl_autoload_call('App\\Controllers...')
#4 C:\OSPanel\domains\localhost\crew\system\CodeIgniter.php(861): class_exists('\\App\\Controller...', true)
#5 C:\OSPanel\domains\localhost\crew\system\CodeIgniter.php(388): CodeIgniter\CodeIgniter->startController()
#6 C:\OSPanel\domains\localhost\crew\system\CodeIgniter.php(306): CodeIgniter\CodeIgniter->handleRequest(NULL, Object(Config\Cache), false)
#7 C:\OSPanel\domains\localhost\crew\public\index.php(45): CodeIgniter\CodeIgniter->run()
#8 {main}
CRITICAL - 2020-02-26 06:58:22 --> Undefined property: App\Controllers\Home::$ion_auth
#0 C:\OSPanel\domains\localhost\crew\app\Controllers\Home.php(40): CodeIgniter\Debug\Exceptions->errorHandler(8, 'Undefined prope...', 'C:\\OSPanel\\doma...', 40, Array)
#1 C:\OSPanel\domains\localhost\crew\system\CodeIgniter.php(910): App\Controllers\Home->index()
#2 C:\OSPanel\domains\localhost\crew\system\CodeIgniter.php(398): CodeIgniter\CodeIgniter->runController(Object(App\Controllers\Home))
#3 C:\OSPanel\domains\localhost\crew\system\CodeIgniter.php(306): CodeIgniter\CodeIgniter->handleRequest(NULL, Object(Config\Cache), false)
#4 C:\OSPanel\domains\localhost\crew\public\index.php(45): CodeIgniter\CodeIgniter->run()
#5 {main}
CRITICAL - 2020-02-26 07:00:22 --> Undefined property: IonAuth\Models\IonAuthModel::$username
#0 C:\OSPanel\domains\localhost\crew\app\Controllers\Home.php(42): CodeIgniter\Debug\Exceptions->errorHandler(8, 'Undefined prope...', 'C:\\OSPanel\\doma...', 42, Array)
#1 C:\OSPanel\domains\localhost\crew\system\CodeIgniter.php(910): App\Controllers\Home->index()
#2 C:\OSPanel\domains\localhost\crew\system\CodeIgniter.php(398): CodeIgniter\CodeIgniter->runController(Object(App\Controllers\Home))
#3 C:\OSPanel\domains\localhost\crew\system\CodeIgniter.php(306): CodeIgniter\CodeIgniter->handleRequest(NULL, Object(Config\Cache), false)
#4 C:\OSPanel\domains\localhost\crew\public\index.php(45): CodeIgniter\CodeIgniter->run()
#5 {main}
CRITICAL - 2020-02-26 08:24:11 --> Illegal string offset 'email'
#0 C:\OSPanel\domains\localhost\crew\app\Controllers\Home.php(40): CodeIgniter\Debug\Exceptions->errorHandler(2, 'Illegal string ...', 'C:\\OSPanel\\doma...', 40, Array)
#1 C:\OSPanel\domains\localhost\crew\system\CodeIgniter.php(910): App\Controllers\Home->index()
#2 C:\OSPanel\domains\localhost\crew\system\CodeIgniter.php(398): CodeIgniter\CodeIgniter->runController(Object(App\Controllers\Home))
#3 C:\OSPanel\domains\localhost\crew\system\CodeIgniter.php(306): CodeIgniter\CodeIgniter->handleRequest(NULL, Object(Config\Cache), false)
#4 C:\OSPanel\domains\localhost\crew\public\index.php(45): CodeIgniter\CodeIgniter->run()
#5 {main}
CRITICAL - 2020-02-26 08:24:46 --> Undefined index: email
#0 C:\OSPanel\domains\localhost\crew\app\Controllers\Home.php(46): CodeIgniter\Debug\Exceptions->errorHandler(8, 'Undefined index...', 'C:\\OSPanel\\doma...', 46, Array)
#1 C:\OSPanel\domains\localhost\crew\system\CodeIgniter.php(910): App\Controllers\Home->index()
#2 C:\OSPanel\domains\localhost\crew\system\CodeIgniter.php(398): CodeIgniter\CodeIgniter->runController(Object(App\Controllers\Home))
#3 C:\OSPanel\domains\localhost\crew\system\CodeIgniter.php(306): CodeIgniter\CodeIgniter->handleRequest(NULL, Object(Config\Cache), false)
#4 C:\OSPanel\domains\localhost\crew\public\index.php(45): CodeIgniter\CodeIgniter->run()
#5 {main}
CRITICAL - 2020-02-26 08:25:02 --> Undefined index: email
#0 C:\OSPanel\domains\localhost\crew\app\Controllers\Home.php(47): CodeIgniter\Debug\Exceptions->errorHandler(8, 'Undefined index...', 'C:\\OSPanel\\doma...', 47, Array)
#1 C:\OSPanel\domains\localhost\crew\system\CodeIgniter.php(910): App\Controllers\Home->index()
#2 C:\OSPanel\domains\localhost\crew\system\CodeIgniter.php(398): CodeIgniter\CodeIgniter->runController(Object(App\Controllers\Home))
#3 C:\OSPanel\domains\localhost\crew\system\CodeIgniter.php(306): CodeIgniter\CodeIgniter->handleRequest(NULL, Object(Config\Cache), false)
#4 C:\OSPanel\domains\localhost\crew\public\index.php(45): CodeIgniter\CodeIgniter->run()
#5 {main}
CRITICAL - 2020-02-26 08:25:16 --> Cannot use object of type stdClass as array
#0 C:\OSPanel\domains\localhost\crew\system\CodeIgniter.php(910): App\Controllers\Home->index()
#1 C:\OSPanel\domains\localhost\crew\system\CodeIgniter.php(398): CodeIgniter\CodeIgniter->runController(Object(App\Controllers\Home))
#2 C:\OSPanel\domains\localhost\crew\system\CodeIgniter.php(306): CodeIgniter\CodeIgniter->handleRequest(NULL, Object(Config\Cache), false)
#3 C:\OSPanel\domains\localhost\crew\public\index.php(45): CodeIgniter\CodeIgniter->run()
#4 {main}
CRITICAL - 2020-02-26 08:27:26 --> syntax error, unexpected '}'
#0 C:\OSPanel\domains\localhost\crew\system\Router\Router.php(192): CodeIgniter\Router\Router->autoRoute('/')
#1 C:\OSPanel\domains\localhost\crew\system\CodeIgniter.php(785): CodeIgniter\Router\Router->handle('/')
#2 C:\OSPanel\domains\localhost\crew\system\CodeIgniter.php(358): CodeIgniter\CodeIgniter->tryToRouteIt(Object(CodeIgniter\Router\RouteCollection))
#3 C:\OSPanel\domains\localhost\crew\system\CodeIgniter.php(306): CodeIgniter\CodeIgniter->handleRequest(NULL, Object(Config\Cache), false)
#4 C:\OSPanel\domains\localhost\crew\public\index.php(45): CodeIgniter\CodeIgniter->run()
#5 {main}
CRITICAL - 2020-02-26 08:27:31 --> syntax error, unexpected '}'
#0 C:\OSPanel\domains\localhost\crew\system\Router\Router.php(192): CodeIgniter\Router\Router->autoRoute('/')
#1 C:\OSPanel\domains\localhost\crew\system\CodeIgniter.php(785): CodeIgniter\Router\Router->handle('/')
#2 C:\OSPanel\domains\localhost\crew\system\CodeIgniter.php(358): CodeIgniter\CodeIgniter->tryToRouteIt(Object(CodeIgniter\Router\RouteCollection))
#3 C:\OSPanel\domains\localhost\crew\system\CodeIgniter.php(306): CodeIgniter\CodeIgniter->handleRequest(NULL, Object(Config\Cache), false)
#4 C:\OSPanel\domains\localhost\crew\public\index.php(45): CodeIgniter\CodeIgniter->run()
#5 {main}
CRITICAL - 2020-02-26 08:28:08 --> syntax error, unexpected 'return' (T_RETURN), expecting function (T_FUNCTION) or const (T_CONST)
#0 C:\OSPanel\domains\localhost\crew\system\Router\Router.php(192): CodeIgniter\Router\Router->autoRoute('/')
#1 C:\OSPanel\domains\localhost\crew\system\CodeIgniter.php(785): CodeIgniter\Router\Router->handle('/')
#2 C:\OSPanel\domains\localhost\crew\system\CodeIgniter.php(358): CodeIgniter\CodeIgniter->tryToRouteIt(Object(CodeIgniter\Router\RouteCollection))
#3 C:\OSPanel\domains\localhost\crew\system\CodeIgniter.php(306): CodeIgniter\CodeIgniter->handleRequest(NULL, Object(Config\Cache), false)
#4 C:\OSPanel\domains\localhost\crew\public\index.php(45): CodeIgniter\CodeIgniter->run()
#5 {main}
CRITICAL - 2020-02-26 08:28:15 --> syntax error, unexpected 'return' (T_RETURN), expecting function (T_FUNCTION) or const (T_CONST)
#0 C:\OSPanel\domains\localhost\crew\system\Router\Router.php(192): CodeIgniter\Router\Router->autoRoute('/')
#1 C:\OSPanel\domains\localhost\crew\system\CodeIgniter.php(785): CodeIgniter\Router\Router->handle('/')
#2 C:\OSPanel\domains\localhost\crew\system\CodeIgniter.php(358): CodeIgniter\CodeIgniter->tryToRouteIt(Object(CodeIgniter\Router\RouteCollection))
#3 C:\OSPanel\domains\localhost\crew\system\CodeIgniter.php(306): CodeIgniter\CodeIgniter->handleRequest(NULL, Object(Config\Cache), false)
#4 C:\OSPanel\domains\localhost\crew\public\index.php(45): CodeIgniter\CodeIgniter->run()
#5 {main}
CRITICAL - 2020-02-26 08:28:43 --> syntax error, unexpected 'return' (T_RETURN), expecting function (T_FUNCTION) or const (T_CONST)
#0 C:\OSPanel\domains\localhost\crew\system\Router\Router.php(192): CodeIgniter\Router\Router->autoRoute('/')
#1 C:\OSPanel\domains\localhost\crew\system\CodeIgniter.php(785): CodeIgniter\Router\Router->handle('/')
#2 C:\OSPanel\domains\localhost\crew\system\CodeIgniter.php(358): CodeIgniter\CodeIgniter->tryToRouteIt(Object(CodeIgniter\Router\RouteCollection))
#3 C:\OSPanel\domains\localhost\crew\system\CodeIgniter.php(306): CodeIgniter\CodeIgniter->handleRequest(NULL, Object(Config\Cache), false)
#4 C:\OSPanel\domains\localhost\crew\public\index.php(45): CodeIgniter\CodeIgniter->run()
#5 {main}
CRITICAL - 2020-02-26 08:28:54 --> syntax error, unexpected 'return' (T_RETURN), expecting function (T_FUNCTION) or const (T_CONST)
#0 C:\OSPanel\domains\localhost\crew\system\Router\Router.php(192): CodeIgniter\Router\Router->autoRoute('/')
#1 C:\OSPanel\domains\localhost\crew\system\CodeIgniter.php(785): CodeIgniter\Router\Router->handle('/')
#2 C:\OSPanel\domains\localhost\crew\system\CodeIgniter.php(358): CodeIgniter\CodeIgniter->tryToRouteIt(Object(CodeIgniter\Router\RouteCollection))
#3 C:\OSPanel\domains\localhost\crew\system\CodeIgniter.php(306): CodeIgniter\CodeIgniter->handleRequest(NULL, Object(Config\Cache), false)
#4 C:\OSPanel\domains\localhost\crew\public\index.php(45): CodeIgniter\CodeIgniter->run()
#5 {main}
CRITICAL - 2020-02-26 08:29:24 --> syntax error, unexpected 'return' (T_RETURN), expecting function (T_FUNCTION) or const (T_CONST)
#0 C:\OSPanel\domains\localhost\crew\system\Router\Router.php(192): CodeIgniter\Router\Router->autoRoute('/')
#1 C:\OSPanel\domains\localhost\crew\system\CodeIgniter.php(785): CodeIgniter\Router\Router->handle('/')
#2 C:\OSPanel\domains\localhost\crew\system\CodeIgniter.php(358): CodeIgniter\CodeIgniter->tryToRouteIt(Object(CodeIgniter\Router\RouteCollection))
#3 C:\OSPanel\domains\localhost\crew\system\CodeIgniter.php(306): CodeIgniter\CodeIgniter->handleRequest(NULL, Object(Config\Cache), false)
#4 C:\OSPanel\domains\localhost\crew\public\index.php(45): CodeIgniter\CodeIgniter->run()
#5 {main}
CRITICAL - 2020-02-26 08:29:41 --> syntax error, unexpected 'return' (T_RETURN), expecting function (T_FUNCTION) or const (T_CONST)
#0 C:\OSPanel\domains\localhost\crew\system\Router\Router.php(192): CodeIgniter\Router\Router->autoRoute('/')
#1 C:\OSPanel\domains\localhost\crew\system\CodeIgniter.php(785): CodeIgniter\Router\Router->handle('/')
#2 C:\OSPanel\domains\localhost\crew\system\CodeIgniter.php(358): CodeIgniter\CodeIgniter->tryToRouteIt(Object(CodeIgniter\Router\RouteCollection))
#3 C:\OSPanel\domains\localhost\crew\system\CodeIgniter.php(306): CodeIgniter\CodeIgniter->handleRequest(NULL, Object(Config\Cache), false)
#4 C:\OSPanel\domains\localhost\crew\public\index.php(45): CodeIgniter\CodeIgniter->run()
#5 {main}
CRITICAL - 2020-02-26 08:30:02 --> syntax error, unexpected 'return' (T_RETURN), expecting function (T_FUNCTION) or const (T_CONST)
#0 C:\OSPanel\domains\localhost\crew\system\Router\Router.php(192): CodeIgniter\Router\Router->autoRoute('/')
#1 C:\OSPanel\domains\localhost\crew\system\CodeIgniter.php(785): CodeIgniter\Router\Router->handle('/')
#2 C:\OSPanel\domains\localhost\crew\system\CodeIgniter.php(358): CodeIgniter\CodeIgniter->tryToRouteIt(Object(CodeIgniter\Router\RouteCollection))
#3 C:\OSPanel\domains\localhost\crew\system\CodeIgniter.php(306): CodeIgniter\CodeIgniter->handleRequest(NULL, Object(Config\Cache), false)
#4 C:\OSPanel\domains\localhost\crew\public\index.php(45): CodeIgniter\CodeIgniter->run()
#5 {main}
CRITICAL - 2020-02-26 08:30:18 --> syntax error, unexpected 'return' (T_RETURN), expecting function (T_FUNCTION) or const (T_CONST)
#0 C:\OSPanel\domains\localhost\crew\system\Autoloader\Autoloader.php(296): CodeIgniter\Autoloader\Autoloader->requireFile('C:\\OSPanel\\doma...')
#1 C:\OSPanel\domains\localhost\crew\system\Autoloader\Autoloader.php(258): CodeIgniter\Autoloader\Autoloader->loadInNamespace('App\\Controllers...')
#2 [internal function]: CodeIgniter\Autoloader\Autoloader->loadClass('App\\Controllers...')
#3 [internal function]: spl_autoload_call('App\\Controllers...')
#4 C:\OSPanel\domains\localhost\crew\system\CodeIgniter.php(861): class_exists('\\App\\Controller...', true)
#5 C:\OSPanel\domains\localhost\crew\system\CodeIgniter.php(388): CodeIgniter\CodeIgniter->startController()
#6 C:\OSPanel\domains\localhost\crew\system\CodeIgniter.php(306): CodeIgniter\CodeIgniter->handleRequest(NULL, Object(Config\Cache), false)
#7 C:\OSPanel\domains\localhost\crew\public\index.php(45): CodeIgniter\CodeIgniter->run()
#8 {main}
CRITICAL - 2020-02-26 08:35:52 --> Trying to get property 'email' of non-object
#0 C:\OSPanel\domains\localhost\crew\app\Controllers\Home.php(42): CodeIgniter\Debug\Exceptions->errorHandler(8, 'Trying to get p...', 'C:\\OSPanel\\doma...', 42, Array)
#1 C:\OSPanel\domains\localhost\crew\system\CodeIgniter.php(910): App\Controllers\Home->index()
#2 C:\OSPanel\domains\localhost\crew\system\CodeIgniter.php(398): CodeIgniter\CodeIgniter->runController(Object(App\Controllers\Home))
#3 C:\OSPanel\domains\localhost\crew\system\CodeIgniter.php(306): CodeIgniter\CodeIgniter->handleRequest(NULL, Object(Config\Cache), false)
#4 C:\OSPanel\domains\localhost\crew\public\index.php(45): CodeIgniter\CodeIgniter->run()
#5 {main}
