CRITICAL - 2020-03-01 05:39:12 --> Call to undefined method App\Controllers\Register::renderPage()
#0 C:\OSPanel\domains\localhost\crew\system\CodeIgniter.php(910): App\Controllers\Register->index()
#1 C:\OSPanel\domains\localhost\crew\system\CodeIgniter.php(398): CodeIgniter\CodeIgniter->runController(Object(App\Controllers\Register))
#2 C:\OSPanel\domains\localhost\crew\system\CodeIgniter.php(306): CodeIgniter\CodeIgniter->handleRequest(NULL, Object(Config\Cache), false)
#3 C:\OSPanel\domains\localhost\crew\public\index.php(45): CodeIgniter\CodeIgniter->run()
#4 {main}
CRITICAL - 2020-03-01 05:56:57 --> Undefined property: stdClass::$emai
#0 C:\OSPanel\domains\localhost\crew\app\Controllers\Register.php(45): CodeIgniter\Debug\Exceptions->errorHandler(8, 'Undefined prope...', 'C:\\OSPanel\\doma...', 45, Array)
#1 C:\OSPanel\domains\localhost\crew\system\CodeIgniter.php(910): App\Controllers\Register->index()
#2 C:\OSPanel\domains\localhost\crew\system\CodeIgniter.php(398): CodeIgniter\CodeIgniter->runController(Object(App\Controllers\Register))
#3 C:\OSPanel\domains\localhost\crew\system\CodeIgniter.php(306): CodeIgniter\CodeIgniter->handleRequest(NULL, Object(Config\Cache), false)
#4 C:\OSPanel\domains\localhost\crew\public\index.php(45): CodeIgniter\CodeIgniter->run()
#5 {main}
CRITICAL - 2020-03-01 06:04:20 --> Call to undefined method CodeIgniter\HTTP\IncomingRequest::setForm()
#0 C:\OSPanel\domains\localhost\crew\system\CodeIgniter.php(910): App\Controllers\Register->index()
#1 C:\OSPanel\domains\localhost\crew\system\CodeIgniter.php(398): CodeIgniter\CodeIgniter->runController(Object(App\Controllers\Register))
#2 C:\OSPanel\domains\localhost\crew\system\CodeIgniter.php(306): CodeIgniter\CodeIgniter->handleRequest(NULL, Object(Config\Cache), false)
#3 C:\OSPanel\domains\localhost\crew\public\index.php(45): CodeIgniter\CodeIgniter->run()
#4 {main}
CRITICAL - 2020-03-01 06:04:51 --> Argument 1 passed to CodeIgniter\HTTP\Message::appendHeader() must be of the type string, array given, called in C:\OSPanel\domains\localhost\crew\app\Controllers\Register.php on line 52
#0 C:\OSPanel\domains\localhost\crew\app\Controllers\Register.php(52): CodeIgniter\HTTP\Message->appendHeader(Array)
#1 C:\OSPanel\domains\localhost\crew\system\CodeIgniter.php(910): App\Controllers\Register->index()
#2 C:\OSPanel\domains\localhost\crew\system\CodeIgniter.php(398): CodeIgniter\CodeIgniter->runController(Object(App\Controllers\Register))
#3 C:\OSPanel\domains\localhost\crew\system\CodeIgniter.php(306): CodeIgniter\CodeIgniter->handleRequest(NULL, Object(Config\Cache), false)
#4 C:\OSPanel\domains\localhost\crew\public\index.php(45): CodeIgniter\CodeIgniter->run()
#5 {main}
CRITICAL - 2020-03-01 06:05:10 --> Array to string conversion
#0 C:\OSPanel\domains\localhost\crew\system\HTTP\Message.php(133): CodeIgniter\Debug\Exceptions->errorHandler(8, 'Array to string...', 'C:\\OSPanel\\doma...', 133, Array)
#1 C:\OSPanel\domains\localhost\crew\app\Controllers\Register.php(52): CodeIgniter\HTTP\Message->appendBody(Array)
#2 C:\OSPanel\domains\localhost\crew\system\CodeIgniter.php(910): App\Controllers\Register->index()
#3 C:\OSPanel\domains\localhost\crew\system\CodeIgniter.php(398): CodeIgniter\CodeIgniter->runController(Object(App\Controllers\Register))
#4 C:\OSPanel\domains\localhost\crew\system\CodeIgniter.php(306): CodeIgniter\CodeIgniter->handleRequest(NULL, Object(Config\Cache), false)
#5 C:\OSPanel\domains\localhost\crew\public\index.php(45): CodeIgniter\CodeIgniter->run()
#6 {main}
CRITICAL - 2020-03-01 06:05:54 --> Call to undefined method CodeIgniter\HTTP\IncomingRequest::setForm()
#0 C:\OSPanel\domains\localhost\crew\system\CodeIgniter.php(910): App\Controllers\Register->index()
#1 C:\OSPanel\domains\localhost\crew\system\CodeIgniter.php(398): CodeIgniter\CodeIgniter->runController(Object(App\Controllers\Register))
#2 C:\OSPanel\domains\localhost\crew\system\CodeIgniter.php(306): CodeIgniter\CodeIgniter->handleRequest(NULL, Object(Config\Cache), false)
#3 C:\OSPanel\domains\localhost\crew\public\index.php(45): CodeIgniter\CodeIgniter->run()
#4 {main}
CRITICAL - 2020-03-01 06:06:13 --> Call to undefined method CodeIgniter\HTTP\IncomingRequest::setForm()
#0 C:\OSPanel\domains\localhost\crew\system\CodeIgniter.php(910): App\Controllers\Register->index()
#1 C:\OSPanel\domains\localhost\crew\system\CodeIgniter.php(398): CodeIgniter\CodeIgniter->runController(Object(App\Controllers\Register))
#2 C:\OSPanel\domains\localhost\crew\system\CodeIgniter.php(306): CodeIgniter\CodeIgniter->handleRequest(NULL, Object(Config\Cache), false)
#3 C:\OSPanel\domains\localhost\crew\public\index.php(45): CodeIgniter\CodeIgniter->run()
#4 {main}
CRITICAL - 2020-03-01 06:12:03 --> Undefined property: IonAuth\Models\IonAuthModel::$activation_code
#0 C:\OSPanel\domains\localhost\crew\CodeIgniter-Ion-Auth\Libraries\IonAuth.php(255): CodeIgniter\Debug\Exceptions->errorHandler(8, 'Undefined prope...', 'C:\\OSPanel\\doma...', 255, Array)
#1 C:\OSPanel\domains\localhost\crew\app\Controllers\Register.php(63): IonAuth\Libraries\IonAuth->register('mauguzun+denias...', 'asdsdf8', 'mauguzun+denias...', Array)
#2 C:\OSPanel\domains\localhost\crew\system\CodeIgniter.php(910): App\Controllers\Register->index()
#3 C:\OSPanel\domains\localhost\crew\system\CodeIgniter.php(398): CodeIgniter\CodeIgniter->runController(Object(App\Controllers\Register))
#4 C:\OSPanel\domains\localhost\crew\system\CodeIgniter.php(306): CodeIgniter\CodeIgniter->handleRequest(NULL, Object(Config\Cache), false)
#5 C:\OSPanel\domains\localhost\crew\public\index.php(45): CodeIgniter\CodeIgniter->run()
#6 {main}
CRITICAL - 2020-03-01 06:14:13 --> Undefined property: IonAuth\Models\IonAuthModel::$activation_code
#0 C:\OSPanel\domains\localhost\crew\CodeIgniter-Ion-Auth\Libraries\IonAuth.php(255): CodeIgniter\Debug\Exceptions->errorHandler(8, 'Undefined prope...', 'C:\\OSPanel\\doma...', 255, Array)
#1 C:\OSPanel\domains\localhost\crew\app\Controllers\Register.php(63): IonAuth\Libraries\IonAuth->register('mauguzun+deniha...', 'asdsdf8', 'mauguzun+deniha...', Array)
#2 C:\OSPanel\domains\localhost\crew\system\CodeIgniter.php(910): App\Controllers\Register->index()
#3 C:\OSPanel\domains\localhost\crew\system\CodeIgniter.php(398): CodeIgniter\CodeIgniter->runController(Object(App\Controllers\Register))
#4 C:\OSPanel\domains\localhost\crew\system\CodeIgniter.php(306): CodeIgniter\CodeIgniter->handleRequest(NULL, Object(Config\Cache), false)
#5 C:\OSPanel\domains\localhost\crew\public\index.php(45): CodeIgniter\CodeIgniter->run()
#6 {main}
CRITICAL - 2020-03-01 06:16:49 --> Undefined property: IonAuth\Models\IonAuthModel::$activation_code
#0 C:\OSPanel\domains\localhost\crew\CodeIgniter-Ion-Auth\Libraries\IonAuth.php(255): CodeIgniter\Debug\Exceptions->errorHandler(8, 'Undefined prope...', 'C:\\OSPanel\\doma...', 255, Array)
#1 C:\OSPanel\domains\localhost\crew\app\Controllers\Register.php(63): IonAuth\Libraries\IonAuth->register('mauguzun+djenih...', 'asdsdf8', 'mauguzun+djenih...', Array)
#2 C:\OSPanel\domains\localhost\crew\system\CodeIgniter.php(910): App\Controllers\Register->index()
#3 C:\OSPanel\domains\localhost\crew\system\CodeIgniter.php(398): CodeIgniter\CodeIgniter->runController(Object(App\Controllers\Register))
#4 C:\OSPanel\domains\localhost\crew\system\CodeIgniter.php(306): CodeIgniter\CodeIgniter->handleRequest(NULL, Object(Config\Cache), false)
#5 C:\OSPanel\domains\localhost\crew\public\index.php(45): CodeIgniter\CodeIgniter->run()
#6 {main}
CRITICAL - 2020-03-01 06:18:44 --> Undefined property: IonAuth\Models\IonAuthModel::$activation_code
#0 C:\OSPanel\domains\localhost\crew\CodeIgniter-Ion-Auth\Libraries\IonAuth.php(255): CodeIgniter\Debug\Exceptions->errorHandler(8, 'Undefined prope...', 'C:\\OSPanel\\doma...', 255, Array)
#1 C:\OSPanel\domains\localhost\crew\CodeIgniter-Ion-Auth\Controllers\Auth.php(572): IonAuth\Libraries\IonAuth->register('mauguzun+den1is...', 'password', 'mauguzun+den1is...', Array)
#2 C:\OSPanel\domains\localhost\crew\system\CodeIgniter.php(910): IonAuth\Controllers\Auth->create_user()
#3 C:\OSPanel\domains\localhost\crew\system\CodeIgniter.php(398): CodeIgniter\CodeIgniter->runController(Object(IonAuth\Controllers\Auth))
#4 C:\OSPanel\domains\localhost\crew\system\CodeIgniter.php(306): CodeIgniter\CodeIgniter->handleRequest(NULL, Object(Config\Cache), false)
#5 C:\OSPanel\domains\localhost\crew\public\index.php(45): CodeIgniter\CodeIgniter->run()
#6 {main}
CRITICAL - 2020-03-01 06:21:32 --> Undefined property: IonAuth\Models\IonAuthModel::$activation_code
#0 C:\OSPanel\domains\localhost\crew\CodeIgniter-Ion-Auth\Libraries\IonAuth.php(255): CodeIgniter\Debug\Exceptions->errorHandler(8, 'Undefined prope...', 'C:\\OSPanel\\doma...', 255, Array)
#1 C:\OSPanel\domains\localhost\crew\app\Controllers\Register.php(63): IonAuth\Libraries\IonAuth->register('mauguzun+djenis...', 'asdsdf8', 'mauguzun+djenis...', Array)
#2 C:\OSPanel\domains\localhost\crew\system\CodeIgniter.php(910): App\Controllers\Register->index()
#3 C:\OSPanel\domains\localhost\crew\system\CodeIgniter.php(398): CodeIgniter\CodeIgniter->runController(Object(App\Controllers\Register))
#4 C:\OSPanel\domains\localhost\crew\system\CodeIgniter.php(306): CodeIgniter\CodeIgniter->handleRequest(NULL, Object(Config\Cache), false)
#5 C:\OSPanel\domains\localhost\crew\public\index.php(45): CodeIgniter\CodeIgniter->run()
#6 {main}
CRITICAL - 2020-03-01 06:25:23 --> Argument 1 passed to IonAuth\Models\IonAuthModel::getUsersGroups() must be of the type int, null given, called in C:\OSPanel\domains\localhost\crew\CodeIgniter-Ion-Auth\Models\IonAuthModel.php on line 1572
#0 C:\OSPanel\domains\localhost\crew\CodeIgniter-Ion-Auth\Models\IonAuthModel.php(1572): IonAuth\Models\IonAuthModel->getUsersGroups(NULL)
#1 C:\OSPanel\domains\localhost\crew\CodeIgniter-Ion-Auth\Libraries\IonAuth.php(380): IonAuth\Models\IonAuthModel->inGroup(Array, NULL)
#2 C:\OSPanel\domains\localhost\crew\CodeIgniter-Ion-Auth\Controllers\Auth.php(455): IonAuth\Libraries\IonAuth->isAdmin()
#3 C:\OSPanel\domains\localhost\crew\system\CodeIgniter.php(910): IonAuth\Controllers\Auth->activate(10, 'b9b9fa91c8ca0db...')
#4 C:\OSPanel\domains\localhost\crew\system\CodeIgniter.php(398): CodeIgniter\CodeIgniter->runController(Object(IonAuth\Controllers\Auth))
#5 C:\OSPanel\domains\localhost\crew\system\CodeIgniter.php(306): CodeIgniter\CodeIgniter->handleRequest(NULL, Object(Config\Cache), false)
#6 C:\OSPanel\domains\localhost\crew\public\index.php(45): CodeIgniter\CodeIgniter->run()
#7 {main}
CRITICAL - 2020-03-01 06:25:55 --> preg_match(): Compilation failed: unmatched closing parenthesis at offset 22
#0 [internal function]: CodeIgniter\Debug\Exceptions->errorHandler(2, 'preg_match(): C...', 'C:\\OSPanel\\doma...', 425, Array)
#1 C:\OSPanel\domains\localhost\crew\system\Router\Router.php(425): preg_match('#^auth/activate...', 'auth/activate/1...', Array)
#2 C:\OSPanel\domains\localhost\crew\system\Router\Router.php(174): CodeIgniter\Router\Router->checkRoutes('auth/activate/1...')
#3 C:\OSPanel\domains\localhost\crew\system\CodeIgniter.php(785): CodeIgniter\Router\Router->handle('auth/activate/1...')
#4 C:\OSPanel\domains\localhost\crew\system\CodeIgniter.php(358): CodeIgniter\CodeIgniter->tryToRouteIt(Object(CodeIgniter\Router\RouteCollection))
#5 C:\OSPanel\domains\localhost\crew\system\CodeIgniter.php(306): CodeIgniter\CodeIgniter->handleRequest(NULL, Object(Config\Cache), false)
#6 C:\OSPanel\domains\localhost\crew\public\index.php(45): CodeIgniter\CodeIgniter->run()
#7 {main}
CRITICAL - 2020-03-01 06:26:02 --> preg_match(): Compilation failed: unmatched closing parenthesis at offset 22
#0 [internal function]: CodeIgniter\Debug\Exceptions->errorHandler(2, 'preg_match(): C...', 'C:\\OSPanel\\doma...', 425, Array)
#1 C:\OSPanel\domains\localhost\crew\system\Router\Router.php(425): preg_match('#^auth/activate...', 'auth/activate/1...', Array)
#2 C:\OSPanel\domains\localhost\crew\system\Router\Router.php(174): CodeIgniter\Router\Router->checkRoutes('auth/activate/1...')
#3 C:\OSPanel\domains\localhost\crew\system\CodeIgniter.php(785): CodeIgniter\Router\Router->handle('auth/activate/1...')
#4 C:\OSPanel\domains\localhost\crew\system\CodeIgniter.php(358): CodeIgniter\CodeIgniter->tryToRouteIt(Object(CodeIgniter\Router\RouteCollection))
#5 C:\OSPanel\domains\localhost\crew\system\CodeIgniter.php(306): CodeIgniter\CodeIgniter->handleRequest(NULL, Object(Config\Cache), false)
#6 C:\OSPanel\domains\localhost\crew\public\index.php(45): CodeIgniter\CodeIgniter->run()
#7 {main}
CRITICAL - 2020-03-01 06:26:12 --> Argument 1 passed to IonAuth\Models\IonAuthModel::getUsersGroups() must be of the type int, null given, called in C:\OSPanel\domains\localhost\crew\CodeIgniter-Ion-Auth\Models\IonAuthModel.php on line 1572
#0 C:\OSPanel\domains\localhost\crew\CodeIgniter-Ion-Auth\Models\IonAuthModel.php(1572): IonAuth\Models\IonAuthModel->getUsersGroups(NULL)
#1 C:\OSPanel\domains\localhost\crew\CodeIgniter-Ion-Auth\Libraries\IonAuth.php(380): IonAuth\Models\IonAuthModel->inGroup(Array, NULL)
#2 C:\OSPanel\domains\localhost\crew\CodeIgniter-Ion-Auth\Controllers\Auth.php(455): IonAuth\Libraries\IonAuth->isAdmin()
#3 C:\OSPanel\domains\localhost\crew\system\CodeIgniter.php(910): IonAuth\Controllers\Auth->activate(10, 'b9b9fa91c8ca0db...')
#4 C:\OSPanel\domains\localhost\crew\system\CodeIgniter.php(398): CodeIgniter\CodeIgniter->runController(Object(IonAuth\Controllers\Auth))
#5 C:\OSPanel\domains\localhost\crew\system\CodeIgniter.php(306): CodeIgniter\CodeIgniter->handleRequest(NULL, Object(Config\Cache), false)
#6 C:\OSPanel\domains\localhost\crew\public\index.php(45): CodeIgniter\CodeIgniter->run()
#7 {main}
CRITICAL - 2020-03-01 06:29:20 --> Argument 1 passed to IonAuth\Models\IonAuthModel::getUsersGroups() must be of the type int, null given, called in C:\OSPanel\domains\localhost\crew\CodeIgniter-Ion-Auth\Models\IonAuthModel.php on line 1572
#0 C:\OSPanel\domains\localhost\crew\CodeIgniter-Ion-Auth\Models\IonAuthModel.php(1572): IonAuth\Models\IonAuthModel->getUsersGroups(NULL)
#1 C:\OSPanel\domains\localhost\crew\CodeIgniter-Ion-Auth\Libraries\IonAuth.php(380): IonAuth\Models\IonAuthModel->inGroup(Array, NULL)
#2 C:\OSPanel\domains\localhost\crew\CodeIgniter-Ion-Auth\Controllers\Auth.php(455): IonAuth\Libraries\IonAuth->isAdmin()
#3 C:\OSPanel\domains\localhost\crew\system\CodeIgniter.php(910): IonAuth\Controllers\Auth->activate(10, 'b9b9fa91c8ca0db...')
#4 C:\OSPanel\domains\localhost\crew\system\CodeIgniter.php(398): CodeIgniter\CodeIgniter->runController(Object(IonAuth\Controllers\Auth))
#5 C:\OSPanel\domains\localhost\crew\system\CodeIgniter.php(306): CodeIgniter\CodeIgniter->handleRequest(NULL, Object(Config\Cache), false)
#6 C:\OSPanel\domains\localhost\crew\public\index.php(45): CodeIgniter\CodeIgniter->run()
#7 {main}
CRITICAL - 2020-03-01 06:31:49 --> Argument 1 passed to IonAuth\Models\IonAuthModel::getUsersGroups() must be of the type int, null given, called in C:\OSPanel\domains\localhost\crew\CodeIgniter-Ion-Auth\Models\IonAuthModel.php on line 1572
#0 C:\OSPanel\domains\localhost\crew\CodeIgniter-Ion-Auth\Models\IonAuthModel.php(1572): IonAuth\Models\IonAuthModel->getUsersGroups(NULL)
#1 C:\OSPanel\domains\localhost\crew\CodeIgniter-Ion-Auth\Libraries\IonAuth.php(380): IonAuth\Models\IonAuthModel->inGroup(Array, NULL)
#2 C:\OSPanel\domains\localhost\crew\CodeIgniter-Ion-Auth\Controllers\Auth.php(455): IonAuth\Libraries\IonAuth->isAdmin()
#3 C:\OSPanel\domains\localhost\crew\system\CodeIgniter.php(910): IonAuth\Controllers\Auth->activate(10, 'b9b9fa91c8ca0db...')
#4 C:\OSPanel\domains\localhost\crew\system\CodeIgniter.php(398): CodeIgniter\CodeIgniter->runController(Object(IonAuth\Controllers\Auth))
#5 C:\OSPanel\domains\localhost\crew\system\CodeIgniter.php(306): CodeIgniter\CodeIgniter->handleRequest(NULL, Object(Config\Cache), false)
#6 C:\OSPanel\domains\localhost\crew\public\index.php(45): CodeIgniter\CodeIgniter->run()
#7 {main}
CRITICAL - 2020-03-01 06:31:51 --> Argument 1 passed to IonAuth\Models\IonAuthModel::getUsersGroups() must be of the type int, null given, called in C:\OSPanel\domains\localhost\crew\CodeIgniter-Ion-Auth\Models\IonAuthModel.php on line 1572
#0 C:\OSPanel\domains\localhost\crew\CodeIgniter-Ion-Auth\Models\IonAuthModel.php(1572): IonAuth\Models\IonAuthModel->getUsersGroups(NULL)
#1 C:\OSPanel\domains\localhost\crew\CodeIgniter-Ion-Auth\Libraries\IonAuth.php(380): IonAuth\Models\IonAuthModel->inGroup(Array, NULL)
#2 C:\OSPanel\domains\localhost\crew\CodeIgniter-Ion-Auth\Controllers\Auth.php(455): IonAuth\Libraries\IonAuth->isAdmin()
#3 C:\OSPanel\domains\localhost\crew\system\CodeIgniter.php(910): IonAuth\Controllers\Auth->activate(10, 'b9b9fa91c8ca0db...')
#4 C:\OSPanel\domains\localhost\crew\system\CodeIgniter.php(398): CodeIgniter\CodeIgniter->runController(Object(IonAuth\Controllers\Auth))
#5 C:\OSPanel\domains\localhost\crew\system\CodeIgniter.php(306): CodeIgniter\CodeIgniter->handleRequest(NULL, Object(Config\Cache), false)
#6 C:\OSPanel\domains\localhost\crew\public\index.php(45): CodeIgniter\CodeIgniter->run()
#7 {main}
CRITICAL - 2020-03-01 06:35:50 --> Argument 1 passed to IonAuth\Models\IonAuthModel::getUsersGroups() must be of the type int, null given, called in C:\OSPanel\domains\localhost\crew\CodeIgniter-Ion-Auth\Models\IonAuthModel.php on line 1572
#0 C:\OSPanel\domains\localhost\crew\CodeIgniter-Ion-Auth\Models\IonAuthModel.php(1572): IonAuth\Models\IonAuthModel->getUsersGroups(NULL)
#1 C:\OSPanel\domains\localhost\crew\CodeIgniter-Ion-Auth\Libraries\IonAuth.php(380): IonAuth\Models\IonAuthModel->inGroup(Array, NULL)
#2 C:\OSPanel\domains\localhost\crew\CodeIgniter-Ion-Auth\Controllers\Auth.php(464): IonAuth\Libraries\IonAuth->isAdmin()
#3 C:\OSPanel\domains\localhost\crew\system\CodeIgniter.php(910): IonAuth\Controllers\Auth->activate(10, 'b9b9fa91c8ca0db...')
#4 C:\OSPanel\domains\localhost\crew\system\CodeIgniter.php(398): CodeIgniter\CodeIgniter->runController(Object(IonAuth\Controllers\Auth))
#5 C:\OSPanel\domains\localhost\crew\system\CodeIgniter.php(306): CodeIgniter\CodeIgniter->handleRequest(NULL, Object(Config\Cache), false)
#6 C:\OSPanel\domains\localhost\crew\public\index.php(45): CodeIgniter\CodeIgniter->run()
#7 {main}
CRITICAL - 2020-03-01 06:35:51 --> Argument 1 passed to IonAuth\Models\IonAuthModel::getUsersGroups() must be of the type int, null given, called in C:\OSPanel\domains\localhost\crew\CodeIgniter-Ion-Auth\Models\IonAuthModel.php on line 1572
#0 C:\OSPanel\domains\localhost\crew\CodeIgniter-Ion-Auth\Models\IonAuthModel.php(1572): IonAuth\Models\IonAuthModel->getUsersGroups(NULL)
#1 C:\OSPanel\domains\localhost\crew\CodeIgniter-Ion-Auth\Libraries\IonAuth.php(380): IonAuth\Models\IonAuthModel->inGroup(Array, NULL)
#2 C:\OSPanel\domains\localhost\crew\CodeIgniter-Ion-Auth\Controllers\Auth.php(464): IonAuth\Libraries\IonAuth->isAdmin()
#3 C:\OSPanel\domains\localhost\crew\system\CodeIgniter.php(910): IonAuth\Controllers\Auth->activate(10, 'b9b9fa91c8ca0db...')
#4 C:\OSPanel\domains\localhost\crew\system\CodeIgniter.php(398): CodeIgniter\CodeIgniter->runController(Object(IonAuth\Controllers\Auth))
#5 C:\OSPanel\domains\localhost\crew\system\CodeIgniter.php(306): CodeIgniter\CodeIgniter->handleRequest(NULL, Object(Config\Cache), false)
#6 C:\OSPanel\domains\localhost\crew\public\index.php(45): CodeIgniter\CodeIgniter->run()
#7 {main}
CRITICAL - 2020-03-01 06:36:00 --> A function with return type must return a value
#0 [internal function]: CodeIgniter\Debug\Exceptions->shutdownHandler()
#1 {main}
CRITICAL - 2020-03-01 06:36:17 --> A function with return type must return a value
#0 [internal function]: CodeIgniter\Debug\Exceptions->shutdownHandler()
#1 {main}
CRITICAL - 2020-03-01 06:36:18 --> A function with return type must return a value
#0 [internal function]: CodeIgniter\Debug\Exceptions->shutdownHandler()
#1 {main}
CRITICAL - 2020-03-01 06:36:30 --> A function with return type must return a value
#0 [internal function]: CodeIgniter\Debug\Exceptions->shutdownHandler()
#1 {main}
CRITICAL - 2020-03-01 06:45:07 --> syntax error, unexpected '}'
#0 C:\OSPanel\domains\localhost\crew\system\Autoloader\Autoloader.php(296): CodeIgniter\Autoloader\Autoloader->requireFile('C:\\OSPanel\\doma...')
#1 C:\OSPanel\domains\localhost\crew\system\Autoloader\Autoloader.php(258): CodeIgniter\Autoloader\Autoloader->loadInNamespace('IonAuth\\Control...')
#2 [internal function]: CodeIgniter\Autoloader\Autoloader->loadClass('IonAuth\\Control...')
#3 [internal function]: spl_autoload_call('IonAuth\\Control...')
#4 C:\OSPanel\domains\localhost\crew\system\CodeIgniter.php(861): class_exists('\\IonAuth\\Contro...', true)
#5 C:\OSPanel\domains\localhost\crew\system\CodeIgniter.php(388): CodeIgniter\CodeIgniter->startController()
#6 C:\OSPanel\domains\localhost\crew\system\CodeIgniter.php(306): CodeIgniter\CodeIgniter->handleRequest(NULL, Object(Config\Cache), false)
#7 C:\OSPanel\domains\localhost\crew\public\index.php(45): CodeIgniter\CodeIgniter->run()
#8 {main}
CRITICAL - 2020-03-01 06:45:16 --> Trying to get property 'selector' of non-object
#0 C:\OSPanel\domains\localhost\crew\CodeIgniter-Ion-Auth\Models\IonAuthModel.php(359): CodeIgniter\Debug\Exceptions->errorHandler(8, 'Trying to get p...', 'C:\\OSPanel\\doma...', 359, Array)
#1 C:\OSPanel\domains\localhost\crew\CodeIgniter-Ion-Auth\Models\IonAuthModel.php(389): IonAuth\Models\IonAuthModel->getUserByActivationCode('1')
#2 C:\OSPanel\domains\localhost\crew\CodeIgniter-Ion-Auth\Controllers\Auth.php(456): IonAuth\Models\IonAuthModel->activate(10, true)
#3 C:\OSPanel\domains\localhost\crew\system\CodeIgniter.php(910): IonAuth\Controllers\Auth->activate(10, 'b9b9fa91c8ca0db...')
#4 C:\OSPanel\domains\localhost\crew\system\CodeIgniter.php(398): CodeIgniter\CodeIgniter->runController(Object(IonAuth\Controllers\Auth))
#5 C:\OSPanel\domains\localhost\crew\system\CodeIgniter.php(306): CodeIgniter\CodeIgniter->handleRequest(NULL, Object(Config\Cache), false)
#6 C:\OSPanel\domains\localhost\crew\public\index.php(45): CodeIgniter\CodeIgniter->run()
#7 {main}
CRITICAL - 2020-03-01 06:45:40 --> Trying to get property 'selector' of non-object
#0 C:\OSPanel\domains\localhost\crew\CodeIgniter-Ion-Auth\Models\IonAuthModel.php(359): CodeIgniter\Debug\Exceptions->errorHandler(8, 'Trying to get p...', 'C:\\OSPanel\\doma...', 359, Array)
#1 C:\OSPanel\domains\localhost\crew\CodeIgniter-Ion-Auth\Models\IonAuthModel.php(389): IonAuth\Models\IonAuthModel->getUserByActivationCode('1')
#2 C:\OSPanel\domains\localhost\crew\CodeIgniter-Ion-Auth\Controllers\Auth.php(456): IonAuth\Models\IonAuthModel->activate(10, true)
#3 C:\OSPanel\domains\localhost\crew\system\CodeIgniter.php(910): IonAuth\Controllers\Auth->activate(10, 'b9b9fa91c8ca0db...')
#4 C:\OSPanel\domains\localhost\crew\system\CodeIgniter.php(398): CodeIgniter\CodeIgniter->runController(Object(IonAuth\Controllers\Auth))
#5 C:\OSPanel\domains\localhost\crew\system\CodeIgniter.php(306): CodeIgniter\CodeIgniter->handleRequest(NULL, Object(Config\Cache), false)
#6 C:\OSPanel\domains\localhost\crew\public\index.php(45): CodeIgniter\CodeIgniter->run()
#7 {main}
CRITICAL - 2020-03-01 06:46:53 --> Undefined property: IonAuth\Controllers\Auth::$tables
#0 C:\OSPanel\domains\localhost\crew\CodeIgniter-Ion-Auth\Controllers\Auth.php(456): CodeIgniter\Debug\Exceptions->errorHandler(8, 'Undefined prope...', 'C:\\OSPanel\\doma...', 456, Array)
#1 C:\OSPanel\domains\localhost\crew\system\CodeIgniter.php(910): IonAuth\Controllers\Auth->activate(10, 'b9b9fa91c8ca0db...')
#2 C:\OSPanel\domains\localhost\crew\system\CodeIgniter.php(398): CodeIgniter\CodeIgniter->runController(Object(IonAuth\Controllers\Auth))
#3 C:\OSPanel\domains\localhost\crew\system\CodeIgniter.php(306): CodeIgniter\CodeIgniter->handleRequest(NULL, Object(Config\Cache), false)
#4 C:\OSPanel\domains\localhost\crew\public\index.php(45): CodeIgniter\CodeIgniter->run()
#5 {main}
CRITICAL - 2020-03-01 06:47:05 --> Unknown column 'activated' in 'field list'
#0 C:\OSPanel\domains\localhost\crew\system\Database\MySQLi\Connection.php(330): mysqli->query('UPDATE `users` ...')
#1 C:\OSPanel\domains\localhost\crew\system\Database\BaseConnection.php(738): CodeIgniter\Database\MySQLi\Connection->execute('UPDATE `users` ...')
#2 C:\OSPanel\domains\localhost\crew\system\Database\BaseConnection.php(666): CodeIgniter\Database\BaseConnection->simpleQuery('UPDATE `users` ...')
#3 C:\OSPanel\domains\localhost\crew\system\Database\BaseBuilder.php(2410): CodeIgniter\Database\BaseConnection->query('UPDATE `users` ...', Array, false)
#4 C:\OSPanel\domains\localhost\crew\CodeIgniter-Ion-Auth\Controllers\Auth.php(456): CodeIgniter\Database\BaseBuilder->update(Array, Array)
#5 C:\OSPanel\domains\localhost\crew\system\CodeIgniter.php(910): IonAuth\Controllers\Auth->activate(10, 'b9b9fa91c8ca0db...')
#6 C:\OSPanel\domains\localhost\crew\system\CodeIgniter.php(398): CodeIgniter\CodeIgniter->runController(Object(IonAuth\Controllers\Auth))
#7 C:\OSPanel\domains\localhost\crew\system\CodeIgniter.php(306): CodeIgniter\CodeIgniter->handleRequest(NULL, Object(Config\Cache), false)
#8 C:\OSPanel\domains\localhost\crew\public\index.php(45): CodeIgniter\CodeIgniter->run()
#9 {main}
CRITICAL - 2020-03-01 06:48:34 --> syntax error, unexpected 'public' (T_PUBLIC)
#0 C:\OSPanel\domains\localhost\crew\system\Autoloader\Autoloader.php(296): CodeIgniter\Autoloader\Autoloader->requireFile('C:\\OSPanel\\doma...')
#1 C:\OSPanel\domains\localhost\crew\system\Autoloader\Autoloader.php(258): CodeIgniter\Autoloader\Autoloader->loadInNamespace('IonAuth\\Control...')
#2 [internal function]: CodeIgniter\Autoloader\Autoloader->loadClass('IonAuth\\Control...')
#3 [internal function]: spl_autoload_call('IonAuth\\Control...')
#4 C:\OSPanel\domains\localhost\crew\system\CodeIgniter.php(861): class_exists('\\IonAuth\\Contro...', true)
#5 C:\OSPanel\domains\localhost\crew\system\CodeIgniter.php(388): CodeIgniter\CodeIgniter->startController()
#6 C:\OSPanel\domains\localhost\crew\system\CodeIgniter.php(306): CodeIgniter\CodeIgniter->handleRequest(NULL, Object(Config\Cache), false)
#7 C:\OSPanel\domains\localhost\crew\public\index.php(45): CodeIgniter\CodeIgniter->run()
#8 {main}
CRITICAL - 2020-03-01 11:11:48 --> Undefined index: email
#0 C:\OSPanel\domains\localhost\crew\app\Controllers\Register.php(71): CodeIgniter\Debug\Exceptions->errorHandler(8, 'Undefined index...', 'C:\\OSPanel\\doma...', 71, Array)
#1 C:\OSPanel\domains\localhost\crew\system\CodeIgniter.php(910): App\Controllers\Register->index()
#2 C:\OSPanel\domains\localhost\crew\system\CodeIgniter.php(398): CodeIgniter\CodeIgniter->runController(Object(App\Controllers\Register))
#3 C:\OSPanel\domains\localhost\crew\system\CodeIgniter.php(306): CodeIgniter\CodeIgniter->handleRequest(NULL, Object(Config\Cache), false)
#4 C:\OSPanel\domains\localhost\crew\public\index.php(45): CodeIgniter\CodeIgniter->run()
#5 {main}
CRITICAL - 2020-03-01 11:12:54 --> Undefined index: email
#0 C:\OSPanel\domains\localhost\crew\app\Controllers\Register.php(71): CodeIgniter\Debug\Exceptions->errorHandler(8, 'Undefined index...', 'C:\\OSPanel\\doma...', 71, Array)
#1 C:\OSPanel\domains\localhost\crew\system\CodeIgniter.php(910): App\Controllers\Register->index()
#2 C:\OSPanel\domains\localhost\crew\system\CodeIgniter.php(398): CodeIgniter\CodeIgniter->runController(Object(App\Controllers\Register))
#3 C:\OSPanel\domains\localhost\crew\system\CodeIgniter.php(306): CodeIgniter\CodeIgniter->handleRequest(NULL, Object(Config\Cache), false)
#4 C:\OSPanel\domains\localhost\crew\public\index.php(45): CodeIgniter\CodeIgniter->run()
#5 {main}
CRITICAL - 2020-03-01 11:15:58 --> Undefined index: error
#0 C:\OSPanel\domains\localhost\crew\app\Controllers\Register.php(70): CodeIgniter\Debug\Exceptions->errorHandler(8, 'Undefined index...', 'C:\\OSPanel\\doma...', 70, Array)
#1 C:\OSPanel\domains\localhost\crew\system\CodeIgniter.php(910): App\Controllers\Register->index()
#2 C:\OSPanel\domains\localhost\crew\system\CodeIgniter.php(398): CodeIgniter\CodeIgniter->runController(Object(App\Controllers\Register))
#3 C:\OSPanel\domains\localhost\crew\system\CodeIgniter.php(306): CodeIgniter\CodeIgniter->handleRequest(NULL, Object(Config\Cache), false)
#4 C:\OSPanel\domains\localhost\crew\public\index.php(45): CodeIgniter\CodeIgniter->run()
#5 {main}
CRITICAL - 2020-03-01 11:16:36 --> Trying to get property 'error' of non-object
#0 C:\OSPanel\domains\localhost\crew\app\Controllers\Register.php(70): CodeIgniter\Debug\Exceptions->errorHandler(8, 'Trying to get p...', 'C:\\OSPanel\\doma...', 70, Array)
#1 C:\OSPanel\domains\localhost\crew\system\CodeIgniter.php(910): App\Controllers\Register->index()
#2 C:\OSPanel\domains\localhost\crew\system\CodeIgniter.php(398): CodeIgniter\CodeIgniter->runController(Object(App\Controllers\Register))
#3 C:\OSPanel\domains\localhost\crew\system\CodeIgniter.php(306): CodeIgniter\CodeIgniter->handleRequest(NULL, Object(Config\Cache), false)
#4 C:\OSPanel\domains\localhost\crew\public\index.php(45): CodeIgniter\CodeIgniter->run()
#5 {main}
CRITICAL - 2020-03-01 11:22:16 --> syntax error, unexpected '='
#0 C:\OSPanel\domains\localhost\crew\system\Autoloader\Autoloader.php(296): CodeIgniter\Autoloader\Autoloader->requireFile('C:\\OSPanel\\doma...')
#1 C:\OSPanel\domains\localhost\crew\system\Autoloader\Autoloader.php(258): CodeIgniter\Autoloader\Autoloader->loadInNamespace('App\\Controllers...')
#2 [internal function]: CodeIgniter\Autoloader\Autoloader->loadClass('App\\Controllers...')
#3 [internal function]: spl_autoload_call('App\\Controllers...')
#4 C:\OSPanel\domains\localhost\crew\system\CodeIgniter.php(861): class_exists('\\App\\Controller...', true)
#5 C:\OSPanel\domains\localhost\crew\system\CodeIgniter.php(388): CodeIgniter\CodeIgniter->startController()
#6 C:\OSPanel\domains\localhost\crew\system\CodeIgniter.php(306): CodeIgniter\CodeIgniter->handleRequest(NULL, Object(Config\Cache), false)
#7 C:\OSPanel\domains\localhost\crew\public\index.php(45): CodeIgniter\CodeIgniter->run()
#8 {main}
