CRITICAL - 2020-02-27 05:26:20 --> Algorithm not allowed
#0 C:\OSPanel\domains\localhost\crew\app\Controllers\Event.php(40): Firebase\JWT\JWT::decode('eyJ0eXAiOiJKV1Q...', 'OADSFOASDOFAOSD...')
#1 C:\OSPanel\domains\localhost\crew\app\Controllers\Event.php(23): App\Controllers\Event->check_token()
#2 C:\OSPanel\domains\localhost\crew\system\CodeIgniter.php(910): App\Controllers\Event->index()
#3 C:\OSPanel\domains\localhost\crew\system\CodeIgniter.php(398): CodeIgniter\CodeIgniter->runController(Object(App\Controllers\Event))
#4 C:\OSPanel\domains\localhost\crew\system\CodeIgniter.php(306): CodeIgniter\CodeIgniter->handleRequest(NULL, Object(Config\Cache), false)
#5 C:\OSPanel\domains\localhost\crew\public\index.php(45): CodeIgniter\CodeIgniter->run()
#6 {main}
CRITICAL - 2020-02-27 05:26:54 --> syntax error, unexpected ','
#0 C:\OSPanel\domains\localhost\crew\system\Router\Router.php(192): CodeIgniter\Router\Router->autoRoute('event')
#1 C:\OSPanel\domains\localhost\crew\system\CodeIgniter.php(785): CodeIgniter\Router\Router->handle('event')
#2 C:\OSPanel\domains\localhost\crew\system\CodeIgniter.php(358): CodeIgniter\CodeIgniter->tryToRouteIt(Object(CodeIgniter\Router\RouteCollection))
#3 C:\OSPanel\domains\localhost\crew\system\CodeIgniter.php(306): CodeIgniter\CodeIgniter->handleRequest(NULL, Object(Config\Cache), false)
#4 C:\OSPanel\domains\localhost\crew\public\index.php(45): CodeIgniter\CodeIgniter->run()
#5 {main}
CRITICAL - 2020-02-27 05:27:28 --> syntax error, unexpected ','
#0 C:\OSPanel\domains\localhost\crew\system\Router\Router.php(192): CodeIgniter\Router\Router->autoRoute('event')
#1 C:\OSPanel\domains\localhost\crew\system\CodeIgniter.php(785): CodeIgniter\Router\Router->handle('event')
#2 C:\OSPanel\domains\localhost\crew\system\CodeIgniter.php(358): CodeIgniter\CodeIgniter->tryToRouteIt(Object(CodeIgniter\Router\RouteCollection))
#3 C:\OSPanel\domains\localhost\crew\system\CodeIgniter.php(306): CodeIgniter\CodeIgniter->handleRequest(NULL, Object(Config\Cache), false)
#4 C:\OSPanel\domains\localhost\crew\public\index.php(45): CodeIgniter\CodeIgniter->run()
#5 {main}
CRITICAL - 2020-02-27 05:27:41 --> Algorithm not allowed
#0 C:\OSPanel\domains\localhost\crew\app\Controllers\Event.php(40): Firebase\JWT\JWT::decode('eyJ0eXAiOiJKV1Q...', 'OADSFOASDOFAOSD...')
#1 C:\OSPanel\domains\localhost\crew\app\Controllers\Event.php(23): App\Controllers\Event->check_token()
#2 C:\OSPanel\domains\localhost\crew\system\CodeIgniter.php(910): App\Controllers\Event->index()
#3 C:\OSPanel\domains\localhost\crew\system\CodeIgniter.php(398): CodeIgniter\CodeIgniter->runController(Object(App\Controllers\Event))
#4 C:\OSPanel\domains\localhost\crew\system\CodeIgniter.php(306): CodeIgniter\CodeIgniter->handleRequest(NULL, Object(Config\Cache), false)
#5 C:\OSPanel\domains\localhost\crew\public\index.php(45): CodeIgniter\CodeIgniter->run()
#6 {main}
CRITICAL - 2020-02-27 05:30:25 --> Cannot use object of type stdClass as array
#0 C:\OSPanel\domains\localhost\crew\app\Controllers\Event.php(24): App\Controllers\Event->check_token()
#1 C:\OSPanel\domains\localhost\crew\system\CodeIgniter.php(910): App\Controllers\Event->index()
#2 C:\OSPanel\domains\localhost\crew\system\CodeIgniter.php(398): CodeIgniter\CodeIgniter->runController(Object(App\Controllers\Event))
#3 C:\OSPanel\domains\localhost\crew\system\CodeIgniter.php(306): CodeIgniter\CodeIgniter->handleRequest(NULL, Object(Config\Cache), false)
#4 C:\OSPanel\domains\localhost\crew\public\index.php(45): CodeIgniter\CodeIgniter->run()
#5 {main}
CRITICAL - 2020-02-27 05:30:44 --> Undefined property: stdClass::$username
#0 C:\OSPanel\domains\localhost\crew\app\Controllers\Event.php(43): CodeIgniter\Debug\Exceptions->errorHandler(8, 'Undefined prope...', 'C:\\OSPanel\\doma...', 43, Array)
#1 C:\OSPanel\domains\localhost\crew\app\Controllers\Event.php(24): App\Controllers\Event->check_token()
#2 C:\OSPanel\domains\localhost\crew\system\CodeIgniter.php(910): App\Controllers\Event->index()
#3 C:\OSPanel\domains\localhost\crew\system\CodeIgniter.php(398): CodeIgniter\CodeIgniter->runController(Object(App\Controllers\Event))
#4 C:\OSPanel\domains\localhost\crew\system\CodeIgniter.php(306): CodeIgniter\CodeIgniter->handleRequest(NULL, Object(Config\Cache), false)
#5 C:\OSPanel\domains\localhost\crew\public\index.php(45): CodeIgniter\CodeIgniter->run()
#6 {main}
CRITICAL - 2020-02-27 05:32:35 --> Undefined index: username
#0 C:\OSPanel\domains\localhost\crew\app\Controllers\Event.php(43): CodeIgniter\Debug\Exceptions->errorHandler(8, 'Undefined index...', 'C:\\OSPanel\\doma...', 43, Array)
#1 C:\OSPanel\domains\localhost\crew\app\Controllers\Event.php(24): App\Controllers\Event->check_token()
#2 C:\OSPanel\domains\localhost\crew\system\CodeIgniter.php(910): App\Controllers\Event->index()
#3 C:\OSPanel\domains\localhost\crew\system\CodeIgniter.php(398): CodeIgniter\CodeIgniter->runController(Object(App\Controllers\Event))
#4 C:\OSPanel\domains\localhost\crew\system\CodeIgniter.php(306): CodeIgniter\CodeIgniter->handleRequest(NULL, Object(Config\Cache), false)
#5 C:\OSPanel\domains\localhost\crew\public\index.php(45): CodeIgniter\CodeIgniter->run()
#6 {main}
CRITICAL - 2020-02-27 05:33:34 --> Class 'App\Controllers\JWT' not found
#0 C:\OSPanel\domains\localhost\crew\app\Controllers\Event.php(24): App\Controllers\BaseController->check_token()
#1 C:\OSPanel\domains\localhost\crew\system\CodeIgniter.php(910): App\Controllers\Event->index()
#2 C:\OSPanel\domains\localhost\crew\system\CodeIgniter.php(398): CodeIgniter\CodeIgniter->runController(Object(App\Controllers\Event))
#3 C:\OSPanel\domains\localhost\crew\system\CodeIgniter.php(306): CodeIgniter\CodeIgniter->handleRequest(NULL, Object(Config\Cache), false)
#4 C:\OSPanel\domains\localhost\crew\public\index.php(45): CodeIgniter\CodeIgniter->run()
#5 {main}
CRITICAL - 2020-02-27 05:34:02 --> array_key_exists() expects parameter 2 to be array, string given
#0 [internal function]: CodeIgniter\Debug\Exceptions->errorHandler(2, 'array_key_exist...', 'C:\\OSPanel\\doma...', 68, Array)
#1 C:\OSPanel\domains\localhost\crew\app\Controllers\BaseController.php(68): array_key_exists(Array, 'username')
#2 C:\OSPanel\domains\localhost\crew\app\Controllers\Event.php(24): App\Controllers\BaseController->check_token()
#3 C:\OSPanel\domains\localhost\crew\system\CodeIgniter.php(910): App\Controllers\Event->index()
#4 C:\OSPanel\domains\localhost\crew\system\CodeIgniter.php(398): CodeIgniter\CodeIgniter->runController(Object(App\Controllers\Event))
#5 C:\OSPanel\domains\localhost\crew\system\CodeIgniter.php(306): CodeIgniter\CodeIgniter->handleRequest(NULL, Object(Config\Cache), false)
#6 C:\OSPanel\domains\localhost\crew\public\index.php(45): CodeIgniter\CodeIgniter->run()
#7 {main}
CRITICAL - 2020-02-27 05:47:41 --> Duplicate entry '' for key 'PRIMARY'
#0 C:\OSPanel\domains\localhost\crew\system\Database\MySQLi\Connection.php(330): mysqli->query('INSERT INTO `ev...')
#1 C:\OSPanel\domains\localhost\crew\system\Database\BaseConnection.php(738): CodeIgniter\Database\MySQLi\Connection->execute('INSERT INTO `ev...')
#2 C:\OSPanel\domains\localhost\crew\system\Database\BaseConnection.php(666): CodeIgniter\Database\BaseConnection->simpleQuery('INSERT INTO `ev...')
#3 C:\OSPanel\domains\localhost\crew\system\Database\BaseBuilder.php(2206): CodeIgniter\Database\BaseConnection->query('INSERT INTO `ev...', Array, false)
#4 C:\OSPanel\domains\localhost\crew\system\Model.php(722): CodeIgniter\Database\BaseBuilder->insert()
#5 C:\OSPanel\domains\localhost\crew\app\Controllers\Event.php(36): CodeIgniter\Model->insert(Array)
#6 C:\OSPanel\domains\localhost\crew\system\CodeIgniter.php(910): App\Controllers\Event->index()
#7 C:\OSPanel\domains\localhost\crew\system\CodeIgniter.php(398): CodeIgniter\CodeIgniter->runController(Object(App\Controllers\Event))
#8 C:\OSPanel\domains\localhost\crew\system\CodeIgniter.php(306): CodeIgniter\CodeIgniter->handleRequest(NULL, Object(Config\Cache), false)
#9 C:\OSPanel\domains\localhost\crew\public\index.php(45): CodeIgniter\CodeIgniter->run()
#10 {main}
CRITICAL - 2020-02-27 06:07:07 --> Duplicate entry '1582801757' for key 'PRIMARY'
#0 C:\OSPanel\domains\localhost\crew\system\Database\MySQLi\Connection.php(330): mysqli->query('INSERT INTO `ev...')
#1 C:\OSPanel\domains\localhost\crew\system\Database\BaseConnection.php(738): CodeIgniter\Database\MySQLi\Connection->execute('INSERT INTO `ev...')
#2 C:\OSPanel\domains\localhost\crew\system\Database\BaseConnection.php(666): CodeIgniter\Database\BaseConnection->simpleQuery('INSERT INTO `ev...')
#3 C:\OSPanel\domains\localhost\crew\system\Database\BaseBuilder.php(2206): CodeIgniter\Database\BaseConnection->query('INSERT INTO `ev...', Array, false)
#4 C:\OSPanel\domains\localhost\crew\system\Model.php(722): CodeIgniter\Database\BaseBuilder->insert()
#5 C:\OSPanel\domains\localhost\crew\app\Controllers\Event.php(42): CodeIgniter\Model->insert(Array)
#6 C:\OSPanel\domains\localhost\crew\system\CodeIgniter.php(910): App\Controllers\Event->index()
#7 C:\OSPanel\domains\localhost\crew\system\CodeIgniter.php(398): CodeIgniter\CodeIgniter->runController(Object(App\Controllers\Event))
#8 C:\OSPanel\domains\localhost\crew\system\CodeIgniter.php(306): CodeIgniter\CodeIgniter->handleRequest(NULL, Object(Config\Cache), false)
#9 C:\OSPanel\domains\localhost\crew\public\index.php(45): CodeIgniter\CodeIgniter->run()
#10 {main}
CRITICAL - 2020-02-27 06:07:24 --> Wrong number of segments
#0 C:\OSPanel\domains\localhost\crew\app\Controllers\BaseController.php(68): Firebase\JWT\JWT::decode('null', 'OADSFOASDOFAOSD...', Array)
#1 C:\OSPanel\domains\localhost\crew\app\Controllers\Event.php(24): App\Controllers\BaseController->check_token()
#2 C:\OSPanel\domains\localhost\crew\system\CodeIgniter.php(910): App\Controllers\Event->index()
#3 C:\OSPanel\domains\localhost\crew\system\CodeIgniter.php(398): CodeIgniter\CodeIgniter->runController(Object(App\Controllers\Event))
#4 C:\OSPanel\domains\localhost\crew\system\CodeIgniter.php(306): CodeIgniter\CodeIgniter->handleRequest(NULL, Object(Config\Cache), false)
#5 C:\OSPanel\domains\localhost\crew\public\index.php(45): CodeIgniter\CodeIgniter->run()
#6 {main}
CRITICAL - 2020-02-27 06:08:31 --> Wrong number of segments
#0 C:\OSPanel\domains\localhost\crew\app\Controllers\BaseController.php(68): Firebase\JWT\JWT::decode('null', 'OADSFOASDOFAOSD...', Array)
#1 C:\OSPanel\domains\localhost\crew\app\Controllers\Event.php(24): App\Controllers\BaseController->check_token()
#2 C:\OSPanel\domains\localhost\crew\system\CodeIgniter.php(910): App\Controllers\Event->index()
#3 C:\OSPanel\domains\localhost\crew\system\CodeIgniter.php(398): CodeIgniter\CodeIgniter->runController(Object(App\Controllers\Event))
#4 C:\OSPanel\domains\localhost\crew\system\CodeIgniter.php(306): CodeIgniter\CodeIgniter->handleRequest(NULL, Object(Config\Cache), false)
#5 C:\OSPanel\domains\localhost\crew\public\index.php(45): CodeIgniter\CodeIgniter->run()
#6 {main}
CRITICAL - 2020-02-27 06:10:22 --> Wrong number of segments
#0 C:\OSPanel\domains\localhost\crew\app\Controllers\BaseController.php(68): Firebase\JWT\JWT::decode('null', 'OADSFOASDOFAOSD...', Array)
#1 C:\OSPanel\domains\localhost\crew\app\Controllers\Event.php(24): App\Controllers\BaseController->check_token()
#2 C:\OSPanel\domains\localhost\crew\system\CodeIgniter.php(910): App\Controllers\Event->index()
#3 C:\OSPanel\domains\localhost\crew\system\CodeIgniter.php(398): CodeIgniter\CodeIgniter->runController(Object(App\Controllers\Event))
#4 C:\OSPanel\domains\localhost\crew\system\CodeIgniter.php(306): CodeIgniter\CodeIgniter->handleRequest(NULL, Object(Config\Cache), false)
#5 C:\OSPanel\domains\localhost\crew\public\index.php(45): CodeIgniter\CodeIgniter->run()
#6 {main}
CRITICAL - 2020-02-27 06:11:16 --> Wrong number of segments
#0 C:\OSPanel\domains\localhost\crew\app\Controllers\BaseController.php(68): Firebase\JWT\JWT::decode('null', 'OADSFOASDOFAOSD...', Array)
#1 C:\OSPanel\domains\localhost\crew\app\Controllers\Event.php(24): App\Controllers\BaseController->check_token()
#2 C:\OSPanel\domains\localhost\crew\system\CodeIgniter.php(910): App\Controllers\Event->index()
#3 C:\OSPanel\domains\localhost\crew\system\CodeIgniter.php(398): CodeIgniter\CodeIgniter->runController(Object(App\Controllers\Event))
#4 C:\OSPanel\domains\localhost\crew\system\CodeIgniter.php(306): CodeIgniter\CodeIgniter->handleRequest(NULL, Object(Config\Cache), false)
#5 C:\OSPanel\domains\localhost\crew\public\index.php(45): CodeIgniter\CodeIgniter->run()
#6 {main}
CRITICAL - 2020-02-27 06:11:37 --> Wrong number of segments
#0 C:\OSPanel\domains\localhost\crew\app\Controllers\BaseController.php(68): Firebase\JWT\JWT::decode('null', 'OADSFOASDOFAOSD...', Array)
#1 C:\OSPanel\domains\localhost\crew\app\Controllers\Event.php(24): App\Controllers\BaseController->check_token()
#2 C:\OSPanel\domains\localhost\crew\system\CodeIgniter.php(910): App\Controllers\Event->index()
#3 C:\OSPanel\domains\localhost\crew\system\CodeIgniter.php(398): CodeIgniter\CodeIgniter->runController(Object(App\Controllers\Event))
#4 C:\OSPanel\domains\localhost\crew\system\CodeIgniter.php(306): CodeIgniter\CodeIgniter->handleRequest(NULL, Object(Config\Cache), false)
#5 C:\OSPanel\domains\localhost\crew\public\index.php(45): CodeIgniter\CodeIgniter->run()
#6 {main}
CRITICAL - 2020-02-27 06:12:44 --> Wrong number of segments
#0 C:\OSPanel\domains\localhost\crew\app\Controllers\BaseController.php(68): Firebase\JWT\JWT::decode('null', 'OADSFOASDOFAOSD...', Array)
#1 C:\OSPanel\domains\localhost\crew\app\Controllers\Event.php(24): App\Controllers\BaseController->check_token()
#2 C:\OSPanel\domains\localhost\crew\system\CodeIgniter.php(910): App\Controllers\Event->index()
#3 C:\OSPanel\domains\localhost\crew\system\CodeIgniter.php(398): CodeIgniter\CodeIgniter->runController(Object(App\Controllers\Event))
#4 C:\OSPanel\domains\localhost\crew\system\CodeIgniter.php(306): CodeIgniter\CodeIgniter->handleRequest(NULL, Object(Config\Cache), false)
#5 C:\OSPanel\domains\localhost\crew\public\index.php(45): CodeIgniter\CodeIgniter->run()
#6 {main}
CRITICAL - 2020-02-27 06:13:49 --> Wrong number of segments
#0 C:\OSPanel\domains\localhost\crew\app\Controllers\BaseController.php(68): Firebase\JWT\JWT::decode('null', 'OADSFOASDOFAOSD...', Array)
#1 C:\OSPanel\domains\localhost\crew\app\Controllers\Event.php(24): App\Controllers\BaseController->check_token()
#2 C:\OSPanel\domains\localhost\crew\system\CodeIgniter.php(910): App\Controllers\Event->index()
#3 C:\OSPanel\domains\localhost\crew\system\CodeIgniter.php(398): CodeIgniter\CodeIgniter->runController(Object(App\Controllers\Event))
#4 C:\OSPanel\domains\localhost\crew\system\CodeIgniter.php(306): CodeIgniter\CodeIgniter->handleRequest(NULL, Object(Config\Cache), false)
#5 C:\OSPanel\domains\localhost\crew\public\index.php(45): CodeIgniter\CodeIgniter->run()
#6 {main}
CRITICAL - 2020-02-27 06:16:14 --> Undefined property: stdClass::$event
#0 C:\OSPanel\domains\localhost\crew\app\Controllers\Event.php(34): CodeIgniter\Debug\Exceptions->errorHandler(8, 'Undefined prope...', 'C:\\OSPanel\\doma...', 34, Array)
#1 C:\OSPanel\domains\localhost\crew\system\CodeIgniter.php(910): App\Controllers\Event->index()
#2 C:\OSPanel\domains\localhost\crew\system\CodeIgniter.php(398): CodeIgniter\CodeIgniter->runController(Object(App\Controllers\Event))
#3 C:\OSPanel\domains\localhost\crew\system\CodeIgniter.php(306): CodeIgniter\CodeIgniter->handleRequest(NULL, Object(Config\Cache), false)
#4 C:\OSPanel\domains\localhost\crew\public\index.php(45): CodeIgniter\CodeIgniter->run()
#5 {main}
CRITICAL - 2020-02-27 06:20:42 --> Class 'App\Controllers\JWT' not found
#0 C:\OSPanel\domains\localhost\crew\system\CodeIgniter.php(910): App\Controllers\Home->index()
#1 C:\OSPanel\domains\localhost\crew\system\CodeIgniter.php(398): CodeIgniter\CodeIgniter->runController(Object(App\Controllers\Home))
#2 C:\OSPanel\domains\localhost\crew\system\CodeIgniter.php(306): CodeIgniter\CodeIgniter->handleRequest(NULL, Object(Config\Cache), false)
#3 C:\OSPanel\domains\localhost\crew\public\index.php(45): CodeIgniter\CodeIgniter->run()
#4 {main}
CRITICAL - 2020-02-27 06:22:42 --> Undefined variable: error
#0 C:\OSPanel\domains\localhost\crew\app\Controllers\Event.php(52): CodeIgniter\Debug\Exceptions->errorHandler(8, 'Undefined varia...', 'C:\\OSPanel\\doma...', 52, Array)
#1 C:\OSPanel\domains\localhost\crew\system\CodeIgniter.php(910): App\Controllers\Event->index()
#2 C:\OSPanel\domains\localhost\crew\system\CodeIgniter.php(398): CodeIgniter\CodeIgniter->runController(Object(App\Controllers\Event))
#3 C:\OSPanel\domains\localhost\crew\system\CodeIgniter.php(306): CodeIgniter\CodeIgniter->handleRequest(NULL, Object(Config\Cache), false)
#4 C:\OSPanel\domains\localhost\crew\public\index.php(45): CodeIgniter\CodeIgniter->run()
#5 {main}
CRITICAL - 2020-02-27 06:29:33 --> Undefined variable: error
#0 C:\OSPanel\domains\localhost\crew\app\Controllers\Event.php(52): CodeIgniter\Debug\Exceptions->errorHandler(8, 'Undefined varia...', 'C:\\OSPanel\\doma...', 52, Array)
#1 C:\OSPanel\domains\localhost\crew\system\CodeIgniter.php(910): App\Controllers\Event->index()
#2 C:\OSPanel\domains\localhost\crew\system\CodeIgniter.php(398): CodeIgniter\CodeIgniter->runController(Object(App\Controllers\Event))
#3 C:\OSPanel\domains\localhost\crew\system\CodeIgniter.php(306): CodeIgniter\CodeIgniter->handleRequest(NULL, Object(Config\Cache), false)
#4 C:\OSPanel\domains\localhost\crew\public\index.php(45): CodeIgniter\CodeIgniter->run()
#5 {main}
CRITICAL - 2020-02-27 06:32:10 --> Duplicate entry '1582806558' for key 'PRIMARY'
#0 C:\OSPanel\domains\localhost\crew\system\Database\MySQLi\Connection.php(330): mysqli->query('INSERT INTO `ev...')
#1 C:\OSPanel\domains\localhost\crew\system\Database\BaseConnection.php(738): CodeIgniter\Database\MySQLi\Connection->execute('INSERT INTO `ev...')
#2 C:\OSPanel\domains\localhost\crew\system\Database\BaseConnection.php(666): CodeIgniter\Database\BaseConnection->simpleQuery('INSERT INTO `ev...')
#3 C:\OSPanel\domains\localhost\crew\system\Database\BaseBuilder.php(2206): CodeIgniter\Database\BaseConnection->query('INSERT INTO `ev...', Array, false)
#4 C:\OSPanel\domains\localhost\crew\system\Model.php(722): CodeIgniter\Database\BaseBuilder->insert()
#5 C:\OSPanel\domains\localhost\crew\app\Controllers\Event.php(45): CodeIgniter\Model->insert(Array)
#6 C:\OSPanel\domains\localhost\crew\system\CodeIgniter.php(910): App\Controllers\Event->index()
#7 C:\OSPanel\domains\localhost\crew\system\CodeIgniter.php(398): CodeIgniter\CodeIgniter->runController(Object(App\Controllers\Event))
#8 C:\OSPanel\domains\localhost\crew\system\CodeIgniter.php(306): CodeIgniter\CodeIgniter->handleRequest(NULL, Object(Config\Cache), false)
#9 C:\OSPanel\domains\localhost\crew\public\index.php(45): CodeIgniter\CodeIgniter->run()
#10 {main}
CRITICAL - 2020-02-27 06:33:55 --> Undefined variable: error
#0 C:\OSPanel\domains\localhost\crew\app\Controllers\Event.php(55): CodeIgniter\Debug\Exceptions->errorHandler(8, 'Undefined varia...', 'C:\\OSPanel\\doma...', 55, Array)
#1 C:\OSPanel\domains\localhost\crew\system\CodeIgniter.php(910): App\Controllers\Event->index()
#2 C:\OSPanel\domains\localhost\crew\system\CodeIgniter.php(398): CodeIgniter\CodeIgniter->runController(Object(App\Controllers\Event))
#3 C:\OSPanel\domains\localhost\crew\system\CodeIgniter.php(306): CodeIgniter\CodeIgniter->handleRequest(NULL, Object(Config\Cache), false)
#4 C:\OSPanel\domains\localhost\crew\public\index.php(45): CodeIgniter\CodeIgniter->run()
#5 {main}
CRITICAL - 2020-02-27 06:34:22 --> Duplicate entry '1582806807' for key 'PRIMARY'
#0 C:\OSPanel\domains\localhost\crew\system\Database\MySQLi\Connection.php(330): mysqli->query('INSERT INTO `ev...')
#1 C:\OSPanel\domains\localhost\crew\system\Database\BaseConnection.php(738): CodeIgniter\Database\MySQLi\Connection->execute('INSERT INTO `ev...')
#2 C:\OSPanel\domains\localhost\crew\system\Database\BaseConnection.php(666): CodeIgniter\Database\BaseConnection->simpleQuery('INSERT INTO `ev...')
#3 C:\OSPanel\domains\localhost\crew\system\Database\BaseBuilder.php(2206): CodeIgniter\Database\BaseConnection->query('INSERT INTO `ev...', Array, false)
#4 C:\OSPanel\domains\localhost\crew\system\Model.php(722): CodeIgniter\Database\BaseBuilder->insert()
#5 C:\OSPanel\domains\localhost\crew\app\Controllers\Event.php(45): CodeIgniter\Model->insert(Array)
#6 C:\OSPanel\domains\localhost\crew\system\CodeIgniter.php(910): App\Controllers\Event->index()
#7 C:\OSPanel\domains\localhost\crew\system\CodeIgniter.php(398): CodeIgniter\CodeIgniter->runController(Object(App\Controllers\Event))
#8 C:\OSPanel\domains\localhost\crew\system\CodeIgniter.php(306): CodeIgniter\CodeIgniter->handleRequest(NULL, Object(Config\Cache), false)
#9 C:\OSPanel\domains\localhost\crew\public\index.php(45): CodeIgniter\CodeIgniter->run()
#10 {main}
CRITICAL - 2020-02-27 06:34:41 --> Call to a member function format() on string
#0 C:\OSPanel\domains\localhost\crew\system\CodeIgniter.php(910): App\Controllers\Event->index()
#1 C:\OSPanel\domains\localhost\crew\system\CodeIgniter.php(398): CodeIgniter\CodeIgniter->runController(Object(App\Controllers\Event))
#2 C:\OSPanel\domains\localhost\crew\system\CodeIgniter.php(306): CodeIgniter\CodeIgniter->handleRequest(NULL, Object(Config\Cache), false)
#3 C:\OSPanel\domains\localhost\crew\public\index.php(45): CodeIgniter\CodeIgniter->run()
#4 {main}
CRITICAL - 2020-02-27 06:35:15 --> Call to a member function format() on string
#0 C:\OSPanel\domains\localhost\crew\system\CodeIgniter.php(910): App\Controllers\Event->index()
#1 C:\OSPanel\domains\localhost\crew\system\CodeIgniter.php(398): CodeIgniter\CodeIgniter->runController(Object(App\Controllers\Event))
#2 C:\OSPanel\domains\localhost\crew\system\CodeIgniter.php(306): CodeIgniter\CodeIgniter->handleRequest(NULL, Object(Config\Cache), false)
#3 C:\OSPanel\domains\localhost\crew\public\index.php(45): CodeIgniter\CodeIgniter->run()
#4 {main}
CRITICAL - 2020-02-27 06:36:00 --> Duplicate entry '1582806807' for key 'PRIMARY'
#0 C:\OSPanel\domains\localhost\crew\system\Database\MySQLi\Connection.php(330): mysqli->query('INSERT INTO `ev...')
#1 C:\OSPanel\domains\localhost\crew\system\Database\BaseConnection.php(738): CodeIgniter\Database\MySQLi\Connection->execute('INSERT INTO `ev...')
#2 C:\OSPanel\domains\localhost\crew\system\Database\BaseConnection.php(666): CodeIgniter\Database\BaseConnection->simpleQuery('INSERT INTO `ev...')
#3 C:\OSPanel\domains\localhost\crew\system\Database\BaseBuilder.php(2206): CodeIgniter\Database\BaseConnection->query('INSERT INTO `ev...', Array, false)
#4 C:\OSPanel\domains\localhost\crew\system\Model.php(722): CodeIgniter\Database\BaseBuilder->insert()
#5 C:\OSPanel\domains\localhost\crew\app\Controllers\Event.php(45): CodeIgniter\Model->insert(Array)
#6 C:\OSPanel\domains\localhost\crew\system\CodeIgniter.php(910): App\Controllers\Event->index()
#7 C:\OSPanel\domains\localhost\crew\system\CodeIgniter.php(398): CodeIgniter\CodeIgniter->runController(Object(App\Controllers\Event))
#8 C:\OSPanel\domains\localhost\crew\system\CodeIgniter.php(306): CodeIgniter\CodeIgniter->handleRequest(NULL, Object(Config\Cache), false)
#9 C:\OSPanel\domains\localhost\crew\public\index.php(45): CodeIgniter\CodeIgniter->run()
#10 {main}
CRITICAL - 2020-02-27 06:36:10 --> Duplicate entry '1582806807' for key 'PRIMARY'
#0 C:\OSPanel\domains\localhost\crew\system\Database\MySQLi\Connection.php(330): mysqli->query('INSERT INTO `ev...')
#1 C:\OSPanel\domains\localhost\crew\system\Database\BaseConnection.php(738): CodeIgniter\Database\MySQLi\Connection->execute('INSERT INTO `ev...')
#2 C:\OSPanel\domains\localhost\crew\system\Database\BaseConnection.php(666): CodeIgniter\Database\BaseConnection->simpleQuery('INSERT INTO `ev...')
#3 C:\OSPanel\domains\localhost\crew\system\Database\BaseBuilder.php(2206): CodeIgniter\Database\BaseConnection->query('INSERT INTO `ev...', Array, false)
#4 C:\OSPanel\domains\localhost\crew\system\Model.php(722): CodeIgniter\Database\BaseBuilder->insert()
#5 C:\OSPanel\domains\localhost\crew\app\Controllers\Event.php(45): CodeIgniter\Model->insert(Array)
#6 C:\OSPanel\domains\localhost\crew\system\CodeIgniter.php(910): App\Controllers\Event->index()
#7 C:\OSPanel\domains\localhost\crew\system\CodeIgniter.php(398): CodeIgniter\CodeIgniter->runController(Object(App\Controllers\Event))
#8 C:\OSPanel\domains\localhost\crew\system\CodeIgniter.php(306): CodeIgniter\CodeIgniter->handleRequest(NULL, Object(Config\Cache), false)
#9 C:\OSPanel\domains\localhost\crew\public\index.php(45): CodeIgniter\CodeIgniter->run()
#10 {main}
CRITICAL - 2020-02-27 06:36:20 --> Duplicate entry '1582806807' for key 'PRIMARY'
#0 C:\OSPanel\domains\localhost\crew\system\Database\MySQLi\Connection.php(330): mysqli->query('INSERT INTO `ev...')
#1 C:\OSPanel\domains\localhost\crew\system\Database\BaseConnection.php(738): CodeIgniter\Database\MySQLi\Connection->execute('INSERT INTO `ev...')
#2 C:\OSPanel\domains\localhost\crew\system\Database\BaseConnection.php(666): CodeIgniter\Database\BaseConnection->simpleQuery('INSERT INTO `ev...')
#3 C:\OSPanel\domains\localhost\crew\system\Database\BaseBuilder.php(2206): CodeIgniter\Database\BaseConnection->query('INSERT INTO `ev...', Array, false)
#4 C:\OSPanel\domains\localhost\crew\system\Model.php(722): CodeIgniter\Database\BaseBuilder->insert()
#5 C:\OSPanel\domains\localhost\crew\app\Controllers\Event.php(45): CodeIgniter\Model->insert(Array)
#6 C:\OSPanel\domains\localhost\crew\system\CodeIgniter.php(910): App\Controllers\Event->index()
#7 C:\OSPanel\domains\localhost\crew\system\CodeIgniter.php(398): CodeIgniter\CodeIgniter->runController(Object(App\Controllers\Event))
#8 C:\OSPanel\domains\localhost\crew\system\CodeIgniter.php(306): CodeIgniter\CodeIgniter->handleRequest(NULL, Object(Config\Cache), false)
#9 C:\OSPanel\domains\localhost\crew\public\index.php(45): CodeIgniter\CodeIgniter->run()
#10 {main}
CRITICAL - 2020-02-27 06:36:33 --> Duplicate entry '1582806807' for key 'PRIMARY'
#0 C:\OSPanel\domains\localhost\crew\system\Database\MySQLi\Connection.php(330): mysqli->query('INSERT INTO `ev...')
#1 C:\OSPanel\domains\localhost\crew\system\Database\BaseConnection.php(738): CodeIgniter\Database\MySQLi\Connection->execute('INSERT INTO `ev...')
#2 C:\OSPanel\domains\localhost\crew\system\Database\BaseConnection.php(666): CodeIgniter\Database\BaseConnection->simpleQuery('INSERT INTO `ev...')
#3 C:\OSPanel\domains\localhost\crew\system\Database\BaseBuilder.php(2206): CodeIgniter\Database\BaseConnection->query('INSERT INTO `ev...', Array, false)
#4 C:\OSPanel\domains\localhost\crew\system\Model.php(722): CodeIgniter\Database\BaseBuilder->insert()
#5 C:\OSPanel\domains\localhost\crew\app\Controllers\Event.php(45): CodeIgniter\Model->insert(Array)
#6 C:\OSPanel\domains\localhost\crew\system\CodeIgniter.php(910): App\Controllers\Event->index()
#7 C:\OSPanel\domains\localhost\crew\system\CodeIgniter.php(398): CodeIgniter\CodeIgniter->runController(Object(App\Controllers\Event))
#8 C:\OSPanel\domains\localhost\crew\system\CodeIgniter.php(306): CodeIgniter\CodeIgniter->handleRequest(NULL, Object(Config\Cache), false)
#9 C:\OSPanel\domains\localhost\crew\public\index.php(45): CodeIgniter\CodeIgniter->run()
#10 {main}
CRITICAL - 2020-02-27 06:37:56 --> Undefined variable: error
#0 C:\OSPanel\domains\localhost\crew\app\Controllers\Event.php(55): CodeIgniter\Debug\Exceptions->errorHandler(8, 'Undefined varia...', 'C:\\OSPanel\\doma...', 55, Array)
#1 C:\OSPanel\domains\localhost\crew\system\CodeIgniter.php(910): App\Controllers\Event->index()
#2 C:\OSPanel\domains\localhost\crew\system\CodeIgniter.php(398): CodeIgniter\CodeIgniter->runController(Object(App\Controllers\Event))
#3 C:\OSPanel\domains\localhost\crew\system\CodeIgniter.php(306): CodeIgniter\CodeIgniter->handleRequest(NULL, Object(Config\Cache), false)
#4 C:\OSPanel\domains\localhost\crew\public\index.php(45): CodeIgniter\CodeIgniter->run()
#5 {main}
CRITICAL - 2020-02-27 06:38:18 --> Duplicate entry '1582807064' for key 'PRIMARY'
#0 C:\OSPanel\domains\localhost\crew\system\Database\MySQLi\Connection.php(330): mysqli->query('INSERT INTO `ev...')
#1 C:\OSPanel\domains\localhost\crew\system\Database\BaseConnection.php(738): CodeIgniter\Database\MySQLi\Connection->execute('INSERT INTO `ev...')
#2 C:\OSPanel\domains\localhost\crew\system\Database\BaseConnection.php(666): CodeIgniter\Database\BaseConnection->simpleQuery('INSERT INTO `ev...')
#3 C:\OSPanel\domains\localhost\crew\system\Database\BaseBuilder.php(2206): CodeIgniter\Database\BaseConnection->query('INSERT INTO `ev...', Array, false)
#4 C:\OSPanel\domains\localhost\crew\system\Model.php(722): CodeIgniter\Database\BaseBuilder->insert()
#5 C:\OSPanel\domains\localhost\crew\app\Controllers\Event.php(45): CodeIgniter\Model->insert(Array)
#6 C:\OSPanel\domains\localhost\crew\system\CodeIgniter.php(910): App\Controllers\Event->index()
#7 C:\OSPanel\domains\localhost\crew\system\CodeIgniter.php(398): CodeIgniter\CodeIgniter->runController(Object(App\Controllers\Event))
#8 C:\OSPanel\domains\localhost\crew\system\CodeIgniter.php(306): CodeIgniter\CodeIgniter->handleRequest(NULL, Object(Config\Cache), false)
#9 C:\OSPanel\domains\localhost\crew\public\index.php(45): CodeIgniter\CodeIgniter->run()
#10 {main}
CRITICAL - 2020-02-27 06:39:59 --> Duplicate entry '1582807064' for key 'PRIMARY'
#0 C:\OSPanel\domains\localhost\crew\system\Database\MySQLi\Connection.php(330): mysqli->query('INSERT INTO `ev...')
#1 C:\OSPanel\domains\localhost\crew\system\Database\BaseConnection.php(738): CodeIgniter\Database\MySQLi\Connection->execute('INSERT INTO `ev...')
#2 C:\OSPanel\domains\localhost\crew\system\Database\BaseConnection.php(666): CodeIgniter\Database\BaseConnection->simpleQuery('INSERT INTO `ev...')
#3 C:\OSPanel\domains\localhost\crew\system\Database\BaseBuilder.php(2206): CodeIgniter\Database\BaseConnection->query('INSERT INTO `ev...', Array, false)
#4 C:\OSPanel\domains\localhost\crew\system\Model.php(722): CodeIgniter\Database\BaseBuilder->insert()
#5 C:\OSPanel\domains\localhost\crew\app\Controllers\Event.php(45): CodeIgniter\Model->insert(Array)
#6 C:\OSPanel\domains\localhost\crew\system\CodeIgniter.php(910): App\Controllers\Event->index()
#7 C:\OSPanel\domains\localhost\crew\system\CodeIgniter.php(398): CodeIgniter\CodeIgniter->runController(Object(App\Controllers\Event))
#8 C:\OSPanel\domains\localhost\crew\system\CodeIgniter.php(306): CodeIgniter\CodeIgniter->handleRequest(NULL, Object(Config\Cache), false)
#9 C:\OSPanel\domains\localhost\crew\public\index.php(45): CodeIgniter\CodeIgniter->run()
#10 {main}
CRITICAL - 2020-02-27 06:40:21 --> Duplicate entry '1582807064' for key 'PRIMARY'
#0 C:\OSPanel\domains\localhost\crew\system\Database\MySQLi\Connection.php(330): mysqli->query('INSERT INTO `ev...')
#1 C:\OSPanel\domains\localhost\crew\system\Database\BaseConnection.php(738): CodeIgniter\Database\MySQLi\Connection->execute('INSERT INTO `ev...')
#2 C:\OSPanel\domains\localhost\crew\system\Database\BaseConnection.php(666): CodeIgniter\Database\BaseConnection->simpleQuery('INSERT INTO `ev...')
#3 C:\OSPanel\domains\localhost\crew\system\Database\BaseBuilder.php(2206): CodeIgniter\Database\BaseConnection->query('INSERT INTO `ev...', Array, false)
#4 C:\OSPanel\domains\localhost\crew\system\Model.php(722): CodeIgniter\Database\BaseBuilder->insert()
#5 C:\OSPanel\domains\localhost\crew\app\Controllers\Event.php(45): CodeIgniter\Model->insert(Array)
#6 C:\OSPanel\domains\localhost\crew\system\CodeIgniter.php(910): App\Controllers\Event->index()
#7 C:\OSPanel\domains\localhost\crew\system\CodeIgniter.php(398): CodeIgniter\CodeIgniter->runController(Object(App\Controllers\Event))
#8 C:\OSPanel\domains\localhost\crew\system\CodeIgniter.php(306): CodeIgniter\CodeIgniter->handleRequest(NULL, Object(Config\Cache), false)
#9 C:\OSPanel\domains\localhost\crew\public\index.php(45): CodeIgniter\CodeIgniter->run()
#10 {main}
CRITICAL - 2020-02-27 06:40:40 --> Duplicate entry '1582807064' for key 'PRIMARY'
#0 C:\OSPanel\domains\localhost\crew\system\Database\MySQLi\Connection.php(330): mysqli->query('INSERT INTO `ev...')
#1 C:\OSPanel\domains\localhost\crew\system\Database\BaseConnection.php(738): CodeIgniter\Database\MySQLi\Connection->execute('INSERT INTO `ev...')
#2 C:\OSPanel\domains\localhost\crew\system\Database\BaseConnection.php(666): CodeIgniter\Database\BaseConnection->simpleQuery('INSERT INTO `ev...')
#3 C:\OSPanel\domains\localhost\crew\system\Database\BaseBuilder.php(2206): CodeIgniter\Database\BaseConnection->query('INSERT INTO `ev...', Array, false)
#4 C:\OSPanel\domains\localhost\crew\system\Model.php(722): CodeIgniter\Database\BaseBuilder->insert()
#5 C:\OSPanel\domains\localhost\crew\app\Controllers\Event.php(45): CodeIgniter\Model->insert(Array)
#6 C:\OSPanel\domains\localhost\crew\system\CodeIgniter.php(910): App\Controllers\Event->index()
#7 C:\OSPanel\domains\localhost\crew\system\CodeIgniter.php(398): CodeIgniter\CodeIgniter->runController(Object(App\Controllers\Event))
#8 C:\OSPanel\domains\localhost\crew\system\CodeIgniter.php(306): CodeIgniter\CodeIgniter->handleRequest(NULL, Object(Config\Cache), false)
#9 C:\OSPanel\domains\localhost\crew\public\index.php(45): CodeIgniter\CodeIgniter->run()
#10 {main}
CRITICAL - 2020-02-27 06:42:35 --> Undefined variable: error
#0 C:\OSPanel\domains\localhost\crew\app\Controllers\Event.php(55): CodeIgniter\Debug\Exceptions->errorHandler(8, 'Undefined varia...', 'C:\\OSPanel\\doma...', 55, Array)
#1 C:\OSPanel\domains\localhost\crew\system\CodeIgniter.php(910): App\Controllers\Event->index()
#2 C:\OSPanel\domains\localhost\crew\system\CodeIgniter.php(398): CodeIgniter\CodeIgniter->runController(Object(App\Controllers\Event))
#3 C:\OSPanel\domains\localhost\crew\system\CodeIgniter.php(306): CodeIgniter\CodeIgniter->handleRequest(NULL, Object(Config\Cache), false)
#4 C:\OSPanel\domains\localhost\crew\public\index.php(45): CodeIgniter\CodeIgniter->run()
#5 {main}
CRITICAL - 2020-02-27 06:45:32 --> Undefined variable: error
#0 C:\OSPanel\domains\localhost\crew\app\Controllers\Event.php(55): CodeIgniter\Debug\Exceptions->errorHandler(8, 'Undefined varia...', 'C:\\OSPanel\\doma...', 55, Array)
#1 C:\OSPanel\domains\localhost\crew\system\CodeIgniter.php(910): App\Controllers\Event->index()
#2 C:\OSPanel\domains\localhost\crew\system\CodeIgniter.php(398): CodeIgniter\CodeIgniter->runController(Object(App\Controllers\Event))
#3 C:\OSPanel\domains\localhost\crew\system\CodeIgniter.php(306): CodeIgniter\CodeIgniter->handleRequest(NULL, Object(Config\Cache), false)
#4 C:\OSPanel\domains\localhost\crew\public\index.php(45): CodeIgniter\CodeIgniter->run()
#5 {main}
CRITICAL - 2020-02-27 06:51:16 --> Undefined variable: error
#0 C:\OSPanel\domains\localhost\crew\app\Controllers\Event.php(55): CodeIgniter\Debug\Exceptions->errorHandler(8, 'Undefined varia...', 'C:\\OSPanel\\doma...', 55, Array)
#1 C:\OSPanel\domains\localhost\crew\system\CodeIgniter.php(910): App\Controllers\Event->index()
#2 C:\OSPanel\domains\localhost\crew\system\CodeIgniter.php(398): CodeIgniter\CodeIgniter->runController(Object(App\Controllers\Event))
#3 C:\OSPanel\domains\localhost\crew\system\CodeIgniter.php(306): CodeIgniter\CodeIgniter->handleRequest(NULL, Object(Config\Cache), false)
#4 C:\OSPanel\domains\localhost\crew\public\index.php(45): CodeIgniter\CodeIgniter->run()
#5 {main}
CRITICAL - 2020-02-27 06:51:58 --> Undefined variable: error
#0 C:\OSPanel\domains\localhost\crew\app\Controllers\Event.php(55): CodeIgniter\Debug\Exceptions->errorHandler(8, 'Undefined varia...', 'C:\\OSPanel\\doma...', 55, Array)
#1 C:\OSPanel\domains\localhost\crew\system\CodeIgniter.php(910): App\Controllers\Event->index()
#2 C:\OSPanel\domains\localhost\crew\system\CodeIgniter.php(398): CodeIgniter\CodeIgniter->runController(Object(App\Controllers\Event))
#3 C:\OSPanel\domains\localhost\crew\system\CodeIgniter.php(306): CodeIgniter\CodeIgniter->handleRequest(NULL, Object(Config\Cache), false)
#4 C:\OSPanel\domains\localhost\crew\public\index.php(45): CodeIgniter\CodeIgniter->run()
#5 {main}
CRITICAL - 2020-02-27 07:01:33 --> Duplicate entry '1582807912' for key 'PRIMARY'
#0 C:\OSPanel\domains\localhost\crew\system\Database\MySQLi\Connection.php(330): mysqli->query('INSERT INTO `ev...')
#1 C:\OSPanel\domains\localhost\crew\system\Database\BaseConnection.php(738): CodeIgniter\Database\MySQLi\Connection->execute('INSERT INTO `ev...')
#2 C:\OSPanel\domains\localhost\crew\system\Database\BaseConnection.php(666): CodeIgniter\Database\BaseConnection->simpleQuery('INSERT INTO `ev...')
#3 C:\OSPanel\domains\localhost\crew\system\Database\BaseBuilder.php(2206): CodeIgniter\Database\BaseConnection->query('INSERT INTO `ev...', Array, false)
#4 C:\OSPanel\domains\localhost\crew\system\Model.php(722): CodeIgniter\Database\BaseBuilder->insert()
#5 C:\OSPanel\domains\localhost\crew\app\Controllers\Event.php(45): CodeIgniter\Model->insert(Array)
#6 C:\OSPanel\domains\localhost\crew\system\CodeIgniter.php(910): App\Controllers\Event->index()
#7 C:\OSPanel\domains\localhost\crew\system\CodeIgniter.php(398): CodeIgniter\CodeIgniter->runController(Object(App\Controllers\Event))
#8 C:\OSPanel\domains\localhost\crew\system\CodeIgniter.php(306): CodeIgniter\CodeIgniter->handleRequest(NULL, Object(Config\Cache), false)
#9 C:\OSPanel\domains\localhost\crew\public\index.php(45): CodeIgniter\CodeIgniter->run()
#10 {main}
CRITICAL - 2020-02-27 07:04:44 --> Trying to get property 'deadline' of non-object
#0 C:\OSPanel\domains\localhost\crew\app\Controllers\Event.php(33): CodeIgniter\Debug\Exceptions->errorHandler(8, 'Trying to get p...', 'C:\\OSPanel\\doma...', 33, Array)
#1 C:\OSPanel\domains\localhost\crew\system\CodeIgniter.php(910): App\Controllers\Event->index()
#2 C:\OSPanel\domains\localhost\crew\system\CodeIgniter.php(398): CodeIgniter\CodeIgniter->runController(Object(App\Controllers\Event))
#3 C:\OSPanel\domains\localhost\crew\system\CodeIgniter.php(306): CodeIgniter\CodeIgniter->handleRequest(NULL, Object(Config\Cache), false)
#4 C:\OSPanel\domains\localhost\crew\public\index.php(45): CodeIgniter\CodeIgniter->run()
#5 {main}
CRITICAL - 2020-02-27 07:06:18 --> Undefined variable: error
#0 C:\OSPanel\domains\localhost\crew\app\Controllers\Event.php(55): CodeIgniter\Debug\Exceptions->errorHandler(8, 'Undefined varia...', 'C:\\OSPanel\\doma...', 55, Array)
#1 C:\OSPanel\domains\localhost\crew\system\CodeIgniter.php(910): App\Controllers\Event->index()
#2 C:\OSPanel\domains\localhost\crew\system\CodeIgniter.php(398): CodeIgniter\CodeIgniter->runController(Object(App\Controllers\Event))
#3 C:\OSPanel\domains\localhost\crew\system\CodeIgniter.php(306): CodeIgniter\CodeIgniter->handleRequest(NULL, Object(Config\Cache), false)
#4 C:\OSPanel\domains\localhost\crew\public\index.php(45): CodeIgniter\CodeIgniter->run()
#5 {main}
CRITICAL - 2020-02-27 07:10:41 --> Undefined variable: error
#0 C:\OSPanel\domains\localhost\crew\app\Controllers\Event.php(55): CodeIgniter\Debug\Exceptions->errorHandler(8, 'Undefined varia...', 'C:\\OSPanel\\doma...', 55, Array)
#1 C:\OSPanel\domains\localhost\crew\system\CodeIgniter.php(910): App\Controllers\Event->index()
#2 C:\OSPanel\domains\localhost\crew\system\CodeIgniter.php(398): CodeIgniter\CodeIgniter->runController(Object(App\Controllers\Event))
#3 C:\OSPanel\domains\localhost\crew\system\CodeIgniter.php(306): CodeIgniter\CodeIgniter->handleRequest(NULL, Object(Config\Cache), false)
#4 C:\OSPanel\domains\localhost\crew\public\index.php(45): CodeIgniter\CodeIgniter->run()
#5 {main}
CRITICAL - 2020-02-27 07:10:48 --> Duplicate entry '1582809032' for key 'PRIMARY'
#0 C:\OSPanel\domains\localhost\crew\system\Database\MySQLi\Connection.php(330): mysqli->query('INSERT INTO `ev...')
#1 C:\OSPanel\domains\localhost\crew\system\Database\BaseConnection.php(738): CodeIgniter\Database\MySQLi\Connection->execute('INSERT INTO `ev...')
#2 C:\OSPanel\domains\localhost\crew\system\Database\BaseConnection.php(666): CodeIgniter\Database\BaseConnection->simpleQuery('INSERT INTO `ev...')
#3 C:\OSPanel\domains\localhost\crew\system\Database\BaseBuilder.php(2206): CodeIgniter\Database\BaseConnection->query('INSERT INTO `ev...', Array, false)
#4 C:\OSPanel\domains\localhost\crew\system\Model.php(722): CodeIgniter\Database\BaseBuilder->insert()
#5 C:\OSPanel\domains\localhost\crew\app\Controllers\Event.php(45): CodeIgniter\Model->insert(Array)
#6 C:\OSPanel\domains\localhost\crew\system\CodeIgniter.php(910): App\Controllers\Event->index()
#7 C:\OSPanel\domains\localhost\crew\system\CodeIgniter.php(398): CodeIgniter\CodeIgniter->runController(Object(App\Controllers\Event))
#8 C:\OSPanel\domains\localhost\crew\system\CodeIgniter.php(306): CodeIgniter\CodeIgniter->handleRequest(NULL, Object(Config\Cache), false)
#9 C:\OSPanel\domains\localhost\crew\public\index.php(45): CodeIgniter\CodeIgniter->run()
#10 {main}
CRITICAL - 2020-02-27 07:23:51 --> Undefined variable: error
#0 C:\OSPanel\domains\localhost\crew\app\Controllers\Event.php(55): CodeIgniter\Debug\Exceptions->errorHandler(8, 'Undefined varia...', 'C:\\OSPanel\\doma...', 55, Array)
#1 C:\OSPanel\domains\localhost\crew\system\CodeIgniter.php(910): App\Controllers\Event->index()
#2 C:\OSPanel\domains\localhost\crew\system\CodeIgniter.php(398): CodeIgniter\CodeIgniter->runController(Object(App\Controllers\Event))
#3 C:\OSPanel\domains\localhost\crew\system\CodeIgniter.php(306): CodeIgniter\CodeIgniter->handleRequest(NULL, Object(Config\Cache), false)
#4 C:\OSPanel\domains\localhost\crew\public\index.php(45): CodeIgniter\CodeIgniter->run()
#5 {main}
CRITICAL - 2020-02-27 07:25:44 --> Undefined variable: error
#0 C:\OSPanel\domains\localhost\crew\app\Controllers\Event.php(55): CodeIgniter\Debug\Exceptions->errorHandler(8, 'Undefined varia...', 'C:\\OSPanel\\doma...', 55, Array)
#1 C:\OSPanel\domains\localhost\crew\system\CodeIgniter.php(910): App\Controllers\Event->index()
#2 C:\OSPanel\domains\localhost\crew\system\CodeIgniter.php(398): CodeIgniter\CodeIgniter->runController(Object(App\Controllers\Event))
#3 C:\OSPanel\domains\localhost\crew\system\CodeIgniter.php(306): CodeIgniter\CodeIgniter->handleRequest(NULL, Object(Config\Cache), false)
#4 C:\OSPanel\domains\localhost\crew\public\index.php(45): CodeIgniter\CodeIgniter->run()
#5 {main}
CRITICAL - 2020-02-27 07:38:32 --> Undefined variable: error
#0 C:\OSPanel\domains\localhost\crew\app\Controllers\Event.php(55): CodeIgniter\Debug\Exceptions->errorHandler(8, 'Undefined varia...', 'C:\\OSPanel\\doma...', 55, Array)
#1 C:\OSPanel\domains\localhost\crew\system\CodeIgniter.php(910): App\Controllers\Event->index()
#2 C:\OSPanel\domains\localhost\crew\system\CodeIgniter.php(398): CodeIgniter\CodeIgniter->runController(Object(App\Controllers\Event))
#3 C:\OSPanel\domains\localhost\crew\system\CodeIgniter.php(306): CodeIgniter\CodeIgniter->handleRequest(NULL, Object(Config\Cache), false)
#4 C:\OSPanel\domains\localhost\crew\public\index.php(45): CodeIgniter\CodeIgniter->run()
#5 {main}
CRITICAL - 2020-02-27 07:46:54 --> Undefined variable: error
#0 C:\OSPanel\domains\localhost\crew\app\Controllers\Event.php(55): CodeIgniter\Debug\Exceptions->errorHandler(8, 'Undefined varia...', 'C:\\OSPanel\\doma...', 55, Array)
#1 C:\OSPanel\domains\localhost\crew\system\CodeIgniter.php(910): App\Controllers\Event->index()
#2 C:\OSPanel\domains\localhost\crew\system\CodeIgniter.php(398): CodeIgniter\CodeIgniter->runController(Object(App\Controllers\Event))
#3 C:\OSPanel\domains\localhost\crew\system\CodeIgniter.php(306): CodeIgniter\CodeIgniter->handleRequest(NULL, Object(Config\Cache), false)
#4 C:\OSPanel\domains\localhost\crew\public\index.php(45): CodeIgniter\CodeIgniter->run()
#5 {main}
CRITICAL - 2020-02-27 07:50:04 --> Undefined variable: error
#0 C:\OSPanel\domains\localhost\crew\app\Controllers\Event.php(55): CodeIgniter\Debug\Exceptions->errorHandler(8, 'Undefined varia...', 'C:\\OSPanel\\doma...', 55, Array)
#1 C:\OSPanel\domains\localhost\crew\system\CodeIgniter.php(910): App\Controllers\Event->index()
#2 C:\OSPanel\domains\localhost\crew\system\CodeIgniter.php(398): CodeIgniter\CodeIgniter->runController(Object(App\Controllers\Event))
#3 C:\OSPanel\domains\localhost\crew\system\CodeIgniter.php(306): CodeIgniter\CodeIgniter->handleRequest(NULL, Object(Config\Cache), false)
#4 C:\OSPanel\domains\localhost\crew\public\index.php(45): CodeIgniter\CodeIgniter->run()
#5 {main}
CRITICAL - 2020-02-27 07:50:55 --> Undefined variable: error
#0 C:\OSPanel\domains\localhost\crew\app\Controllers\Event.php(55): CodeIgniter\Debug\Exceptions->errorHandler(8, 'Undefined varia...', 'C:\\OSPanel\\doma...', 55, Array)
#1 C:\OSPanel\domains\localhost\crew\system\CodeIgniter.php(910): App\Controllers\Event->index()
#2 C:\OSPanel\domains\localhost\crew\system\CodeIgniter.php(398): CodeIgniter\CodeIgniter->runController(Object(App\Controllers\Event))
#3 C:\OSPanel\domains\localhost\crew\system\CodeIgniter.php(306): CodeIgniter\CodeIgniter->handleRequest(NULL, Object(Config\Cache), false)
#4 C:\OSPanel\domains\localhost\crew\public\index.php(45): CodeIgniter\CodeIgniter->run()
#5 {main}
CRITICAL - 2020-02-27 08:27:48 --> Undefined property: stdClass::$event
#0 C:\OSPanel\domains\localhost\crew\app\Controllers\Event.php(33): CodeIgniter\Debug\Exceptions->errorHandler(8, 'Undefined prope...', 'C:\\OSPanel\\doma...', 33, Array)
#1 C:\OSPanel\domains\localhost\crew\system\CodeIgniter.php(910): App\Controllers\Event->index()
#2 C:\OSPanel\domains\localhost\crew\system\CodeIgniter.php(398): CodeIgniter\CodeIgniter->runController(Object(App\Controllers\Event))
#3 C:\OSPanel\domains\localhost\crew\system\CodeIgniter.php(306): CodeIgniter\CodeIgniter->handleRequest(NULL, Object(Config\Cache), false)
#4 C:\OSPanel\domains\localhost\crew\public\index.php(45): CodeIgniter\CodeIgniter->run()
#5 {main}
CRITICAL - 2020-02-27 08:29:13 --> Undefined property: stdClass::$event
#0 C:\OSPanel\domains\localhost\crew\app\Controllers\Event.php(33): CodeIgniter\Debug\Exceptions->errorHandler(8, 'Undefined prope...', 'C:\\OSPanel\\doma...', 33, Array)
#1 C:\OSPanel\domains\localhost\crew\system\CodeIgniter.php(910): App\Controllers\Event->index()
#2 C:\OSPanel\domains\localhost\crew\system\CodeIgniter.php(398): CodeIgniter\CodeIgniter->runController(Object(App\Controllers\Event))
#3 C:\OSPanel\domains\localhost\crew\system\CodeIgniter.php(306): CodeIgniter\CodeIgniter->handleRequest(NULL, Object(Config\Cache), false)
#4 C:\OSPanel\domains\localhost\crew\public\index.php(45): CodeIgniter\CodeIgniter->run()
#5 {main}
CRITICAL - 2020-02-27 08:29:18 --> Undefined property: stdClass::$event
#0 C:\OSPanel\domains\localhost\crew\app\Controllers\Event.php(33): CodeIgniter\Debug\Exceptions->errorHandler(8, 'Undefined prope...', 'C:\\OSPanel\\doma...', 33, Array)
#1 C:\OSPanel\domains\localhost\crew\system\CodeIgniter.php(910): App\Controllers\Event->index()
#2 C:\OSPanel\domains\localhost\crew\system\CodeIgniter.php(398): CodeIgniter\CodeIgniter->runController(Object(App\Controllers\Event))
#3 C:\OSPanel\domains\localhost\crew\system\CodeIgniter.php(306): CodeIgniter\CodeIgniter->handleRequest(NULL, Object(Config\Cache), false)
#4 C:\OSPanel\domains\localhost\crew\public\index.php(45): CodeIgniter\CodeIgniter->run()
#5 {main}
CRITICAL - 2020-02-27 08:31:01 --> Undefined property: stdClass::$event
#0 C:\OSPanel\domains\localhost\crew\app\Controllers\Event.php(33): CodeIgniter\Debug\Exceptions->errorHandler(8, 'Undefined prope...', 'C:\\OSPanel\\doma...', 33, Array)
#1 C:\OSPanel\domains\localhost\crew\system\CodeIgniter.php(910): App\Controllers\Event->index()
#2 C:\OSPanel\domains\localhost\crew\system\CodeIgniter.php(398): CodeIgniter\CodeIgniter->runController(Object(App\Controllers\Event))
#3 C:\OSPanel\domains\localhost\crew\system\CodeIgniter.php(306): CodeIgniter\CodeIgniter->handleRequest(NULL, Object(Config\Cache), false)
#4 C:\OSPanel\domains\localhost\crew\public\index.php(45): CodeIgniter\CodeIgniter->run()
#5 {main}
CRITICAL - 2020-02-27 08:31:35 --> Undefined property: stdClass::$event
#0 C:\OSPanel\domains\localhost\crew\app\Controllers\Event.php(36): CodeIgniter\Debug\Exceptions->errorHandler(8, 'Undefined prope...', 'C:\\OSPanel\\doma...', 36, Array)
#1 C:\OSPanel\domains\localhost\crew\system\CodeIgniter.php(910): App\Controllers\Event->index()
#2 C:\OSPanel\domains\localhost\crew\system\CodeIgniter.php(398): CodeIgniter\CodeIgniter->runController(Object(App\Controllers\Event))
#3 C:\OSPanel\domains\localhost\crew\system\CodeIgniter.php(306): CodeIgniter\CodeIgniter->handleRequest(NULL, Object(Config\Cache), false)
#4 C:\OSPanel\domains\localhost\crew\public\index.php(45): CodeIgniter\CodeIgniter->run()
#5 {main}
CRITICAL - 2020-02-27 08:46:57 --> Undefined variable: error
#0 C:\OSPanel\domains\localhost\crew\app\Controllers\Event.php(52): CodeIgniter\Debug\Exceptions->errorHandler(8, 'Undefined varia...', 'C:\\OSPanel\\doma...', 52, Array)
#1 C:\OSPanel\domains\localhost\crew\system\CodeIgniter.php(910): App\Controllers\Event->index()
#2 C:\OSPanel\domains\localhost\crew\system\CodeIgniter.php(398): CodeIgniter\CodeIgniter->runController(Object(App\Controllers\Event))
#3 C:\OSPanel\domains\localhost\crew\system\CodeIgniter.php(306): CodeIgniter\CodeIgniter->handleRequest(NULL, Object(Config\Cache), false)
#4 C:\OSPanel\domains\localhost\crew\public\index.php(45): CodeIgniter\CodeIgniter->run()
#5 {main}
CRITICAL - 2020-02-27 09:00:06 --> Class 'App\Models\Event' not found
#0 C:\OSPanel\domains\localhost\crew\system\CodeIgniter.php(910): App\Controllers\Event->index()
#1 C:\OSPanel\domains\localhost\crew\system\CodeIgniter.php(398): CodeIgniter\CodeIgniter->runController(Object(App\Controllers\Event))
#2 C:\OSPanel\domains\localhost\crew\system\CodeIgniter.php(306): CodeIgniter\CodeIgniter->handleRequest(NULL, Object(Config\Cache), false)
#3 C:\OSPanel\domains\localhost\crew\public\index.php(45): CodeIgniter\CodeIgniter->run()
#4 {main}
CRITICAL - 2020-02-27 09:00:06 --> Class 'App\Models\Event' not found
#0 C:\OSPanel\domains\localhost\crew\system\CodeIgniter.php(910): App\Controllers\Event->index()
#1 C:\OSPanel\domains\localhost\crew\system\CodeIgniter.php(398): CodeIgniter\CodeIgniter->runController(Object(App\Controllers\Event))
#2 C:\OSPanel\domains\localhost\crew\system\CodeIgniter.php(306): CodeIgniter\CodeIgniter->handleRequest(NULL, Object(Config\Cache), false)
#3 C:\OSPanel\domains\localhost\crew\public\index.php(45): CodeIgniter\CodeIgniter->run()
#4 {main}
CRITICAL - 2020-02-27 09:02:33 --> Class 'App\Models\Option' not found
#0 C:\OSPanel\domains\localhost\crew\system\CodeIgniter.php(910): App\Controllers\Event->index()
#1 C:\OSPanel\domains\localhost\crew\system\CodeIgniter.php(398): CodeIgniter\CodeIgniter->runController(Object(App\Controllers\Event))
#2 C:\OSPanel\domains\localhost\crew\system\CodeIgniter.php(306): CodeIgniter\CodeIgniter->handleRequest(NULL, Object(Config\Cache), false)
#3 C:\OSPanel\domains\localhost\crew\public\index.php(45): CodeIgniter\CodeIgniter->run()
#4 {main}
CRITICAL - 2020-02-27 09:03:02 --> Duplicate entry '1582814804' for key 'PRIMARY'
#0 C:\OSPanel\domains\localhost\crew\system\Database\MySQLi\Connection.php(330): mysqli->query('INSERT INTO `ev...')
#1 C:\OSPanel\domains\localhost\crew\system\Database\BaseConnection.php(738): CodeIgniter\Database\MySQLi\Connection->execute('INSERT INTO `ev...')
#2 C:\OSPanel\domains\localhost\crew\system\Database\BaseConnection.php(666): CodeIgniter\Database\BaseConnection->simpleQuery('INSERT INTO `ev...')
#3 C:\OSPanel\domains\localhost\crew\system\Database\BaseBuilder.php(2206): CodeIgniter\Database\BaseConnection->query('INSERT INTO `ev...', Array, false)
#4 C:\OSPanel\domains\localhost\crew\system\Model.php(722): CodeIgniter\Database\BaseBuilder->insert()
#5 C:\OSPanel\domains\localhost\crew\app\Controllers\Event.php(43): CodeIgniter\Model->insert(Array)
#6 C:\OSPanel\domains\localhost\crew\system\CodeIgniter.php(910): App\Controllers\Event->index()
#7 C:\OSPanel\domains\localhost\crew\system\CodeIgniter.php(398): CodeIgniter\CodeIgniter->runController(Object(App\Controllers\Event))
#8 C:\OSPanel\domains\localhost\crew\system\CodeIgniter.php(306): CodeIgniter\CodeIgniter->handleRequest(NULL, Object(Config\Cache), false)
#9 C:\OSPanel\domains\localhost\crew\public\index.php(45): CodeIgniter\CodeIgniter->run()
#10 {main}
CRITICAL - 2020-02-27 09:11:09 --> Undefined property: stdClass::$options
#0 C:\OSPanel\domains\localhost\crew\app\Controllers\Event.php(48): CodeIgniter\Debug\Exceptions->errorHandler(8, 'Undefined prope...', 'C:\\OSPanel\\doma...', 48, Array)
#1 C:\OSPanel\domains\localhost\crew\system\CodeIgniter.php(910): App\Controllers\Event->index()
#2 C:\OSPanel\domains\localhost\crew\system\CodeIgniter.php(398): CodeIgniter\CodeIgniter->runController(Object(App\Controllers\Event))
#3 C:\OSPanel\domains\localhost\crew\system\CodeIgniter.php(306): CodeIgniter\CodeIgniter->handleRequest(NULL, Object(Config\Cache), false)
#4 C:\OSPanel\domains\localhost\crew\public\index.php(45): CodeIgniter\CodeIgniter->run()
#5 {main}
CRITICAL - 2020-02-27 09:14:13 --> Undefined property: stdClass::$options
#0 C:\OSPanel\domains\localhost\crew\app\Controllers\Event.php(48): CodeIgniter\Debug\Exceptions->errorHandler(8, 'Undefined prope...', 'C:\\OSPanel\\doma...', 48, Array)
#1 C:\OSPanel\domains\localhost\crew\system\CodeIgniter.php(910): App\Controllers\Event->index()
#2 C:\OSPanel\domains\localhost\crew\system\CodeIgniter.php(398): CodeIgniter\CodeIgniter->runController(Object(App\Controllers\Event))
#3 C:\OSPanel\domains\localhost\crew\system\CodeIgniter.php(306): CodeIgniter\CodeIgniter->handleRequest(NULL, Object(Config\Cache), false)
#4 C:\OSPanel\domains\localhost\crew\public\index.php(45): CodeIgniter\CodeIgniter->run()
#5 {main}
CRITICAL - 2020-02-27 09:14:16 --> Trying to get property 'event' of non-object
#0 C:\OSPanel\domains\localhost\crew\app\Controllers\Event.php(38): CodeIgniter\Debug\Exceptions->errorHandler(8, 'Trying to get p...', 'C:\\OSPanel\\doma...', 38, Array)
#1 C:\OSPanel\domains\localhost\crew\system\CodeIgniter.php(910): App\Controllers\Event->index()
#2 C:\OSPanel\domains\localhost\crew\system\CodeIgniter.php(398): CodeIgniter\CodeIgniter->runController(Object(App\Controllers\Event))
#3 C:\OSPanel\domains\localhost\crew\system\CodeIgniter.php(306): CodeIgniter\CodeIgniter->handleRequest(NULL, Object(Config\Cache), false)
#4 C:\OSPanel\domains\localhost\crew\public\index.php(45): CodeIgniter\CodeIgniter->run()
#5 {main}
CRITICAL - 2020-02-27 09:14:47 --> Trying to get property 'email' of non-object
#0 C:\OSPanel\domains\localhost\crew\app\Controllers\Event.php(61): CodeIgniter\Debug\Exceptions->errorHandler(8, 'Trying to get p...', 'C:\\OSPanel\\doma...', 61, Array)
#1 C:\OSPanel\domains\localhost\crew\system\CodeIgniter.php(910): App\Controllers\Event->index()
#2 C:\OSPanel\domains\localhost\crew\system\CodeIgniter.php(398): CodeIgniter\CodeIgniter->runController(Object(App\Controllers\Event))
#3 C:\OSPanel\domains\localhost\crew\system\CodeIgniter.php(306): CodeIgniter\CodeIgniter->handleRequest(NULL, Object(Config\Cache), false)
#4 C:\OSPanel\domains\localhost\crew\public\index.php(45): CodeIgniter\CodeIgniter->run()
#5 {main}
CRITICAL - 2020-02-27 09:15:08 --> Duplicate entry '1582814804' for key 'PRIMARY'
#0 C:\OSPanel\domains\localhost\crew\system\Database\MySQLi\Connection.php(330): mysqli->query('INSERT INTO `ev...')
#1 C:\OSPanel\domains\localhost\crew\system\Database\BaseConnection.php(738): CodeIgniter\Database\MySQLi\Connection->execute('INSERT INTO `ev...')
#2 C:\OSPanel\domains\localhost\crew\system\Database\BaseConnection.php(666): CodeIgniter\Database\BaseConnection->simpleQuery('INSERT INTO `ev...')
#3 C:\OSPanel\domains\localhost\crew\system\Database\BaseBuilder.php(2206): CodeIgniter\Database\BaseConnection->query('INSERT INTO `ev...', Array, false)
#4 C:\OSPanel\domains\localhost\crew\system\Model.php(722): CodeIgniter\Database\BaseBuilder->insert()
#5 C:\OSPanel\domains\localhost\crew\app\Controllers\Event.php(47): CodeIgniter\Model->insert(Array)
#6 C:\OSPanel\domains\localhost\crew\system\CodeIgniter.php(910): App\Controllers\Event->index()
#7 C:\OSPanel\domains\localhost\crew\system\CodeIgniter.php(398): CodeIgniter\CodeIgniter->runController(Object(App\Controllers\Event))
#8 C:\OSPanel\domains\localhost\crew\system\CodeIgniter.php(306): CodeIgniter\CodeIgniter->handleRequest(NULL, Object(Config\Cache), false)
#9 C:\OSPanel\domains\localhost\crew\public\index.php(45): CodeIgniter\CodeIgniter->run()
#10 {main}
CRITICAL - 2020-02-27 09:17:44 --> Undefined variable: error
#0 C:\OSPanel\domains\localhost\crew\app\Controllers\Event.php(77): CodeIgniter\Debug\Exceptions->errorHandler(8, 'Undefined varia...', 'C:\\OSPanel\\doma...', 77, Array)
#1 C:\OSPanel\domains\localhost\crew\system\CodeIgniter.php(910): App\Controllers\Event->index()
#2 C:\OSPanel\domains\localhost\crew\system\CodeIgniter.php(398): CodeIgniter\CodeIgniter->runController(Object(App\Controllers\Event))
#3 C:\OSPanel\domains\localhost\crew\system\CodeIgniter.php(306): CodeIgniter\CodeIgniter->handleRequest(NULL, Object(Config\Cache), false)
#4 C:\OSPanel\domains\localhost\crew\public\index.php(45): CodeIgniter\CodeIgniter->run()
#5 {main}
CRITICAL - 2020-02-27 09:20:57 --> syntax error, unexpected '}'
#0 C:\OSPanel\domains\localhost\crew\system\Router\Router.php(192): CodeIgniter\Router\Router->autoRoute('event')
#1 C:\OSPanel\domains\localhost\crew\system\CodeIgniter.php(785): CodeIgniter\Router\Router->handle('event')
#2 C:\OSPanel\domains\localhost\crew\system\CodeIgniter.php(358): CodeIgniter\CodeIgniter->tryToRouteIt(Object(CodeIgniter\Router\RouteCollection))
#3 C:\OSPanel\domains\localhost\crew\system\CodeIgniter.php(306): CodeIgniter\CodeIgniter->handleRequest(NULL, Object(Config\Cache), false)
#4 C:\OSPanel\domains\localhost\crew\public\index.php(45): CodeIgniter\CodeIgniter->run()
#5 {main}
CRITICAL - 2020-02-27 10:03:05 --> syntax error, unexpected '}'
#0 C:\OSPanel\domains\localhost\crew\system\Router\Router.php(192): CodeIgniter\Router\Router->autoRoute('home/test')
#1 C:\OSPanel\domains\localhost\crew\system\CodeIgniter.php(785): CodeIgniter\Router\Router->handle('home/test')
#2 C:\OSPanel\domains\localhost\crew\system\CodeIgniter.php(358): CodeIgniter\CodeIgniter->tryToRouteIt(Object(CodeIgniter\Router\RouteCollection))
#3 C:\OSPanel\domains\localhost\crew\system\CodeIgniter.php(306): CodeIgniter\CodeIgniter->handleRequest(NULL, Object(Config\Cache), false)
#4 C:\OSPanel\domains\localhost\crew\public\index.php(45): CodeIgniter\CodeIgniter->run()
#5 {main}
CRITICAL - 2020-02-27 10:31:53 --> Too few arguments to function CodeIgniter\View\View::__construct(), 0 passed in C:\OSPanel\domains\localhost\crew\app\Controllers\Home.php on line 80 and at least 1 expected
#0 C:\OSPanel\domains\localhost\crew\app\Controllers\Home.php(80): CodeIgniter\View\View->__construct()
#1 C:\OSPanel\domains\localhost\crew\system\CodeIgniter.php(910): App\Controllers\Home->test()
#2 C:\OSPanel\domains\localhost\crew\system\CodeIgniter.php(398): CodeIgniter\CodeIgniter->runController(Object(App\Controllers\Home))
#3 C:\OSPanel\domains\localhost\crew\system\CodeIgniter.php(306): CodeIgniter\CodeIgniter->handleRequest(NULL, Object(Config\Cache), false)
#4 C:\OSPanel\domains\localhost\crew\public\index.php(45): CodeIgniter\CodeIgniter->run()
#5 {main}
CRITICAL - 2020-02-27 10:32:30 --> Undefined variable: url
#0 C:\OSPanel\domains\localhost\crew\app\Views\email\email.php(41): CodeIgniter\Debug\Exceptions->errorHandler(8, 'Undefined varia...', 'C:\\OSPanel\\doma...', 41, Array)
#1 C:\OSPanel\domains\localhost\crew\system\View\View.php(236): include('C:\\OSPanel\\doma...')
#2 C:\OSPanel\domains\localhost\crew\system\Common.php(1071): CodeIgniter\View\View->render('email/email', Array, true)
#3 C:\OSPanel\domains\localhost\crew\app\Controllers\Home.php(81): view('email/email')
#4 C:\OSPanel\domains\localhost\crew\system\CodeIgniter.php(910): App\Controllers\Home->test()
#5 C:\OSPanel\domains\localhost\crew\system\CodeIgniter.php(398): CodeIgniter\CodeIgniter->runController(Object(App\Controllers\Home))
#6 C:\OSPanel\domains\localhost\crew\system\CodeIgniter.php(306): CodeIgniter\CodeIgniter->handleRequest(NULL, Object(Config\Cache), false)
#7 C:\OSPanel\domains\localhost\crew\public\index.php(45): CodeIgniter\CodeIgniter->run()
#8 {main}
CRITICAL - 2020-02-27 11:09:20 --> Too few arguments to function App\Controllers\Event::sendEmail(), 2 passed in C:\OSPanel\domains\localhost\crew\app\Controllers\Event.php on line 67 and exactly 3 expected
#0 C:\OSPanel\domains\localhost\crew\app\Controllers\Event.php(67): App\Controllers\Event->sendEmail('mauguzun+denis@...', 'http://localhos...')
#1 C:\OSPanel\domains\localhost\crew\system\CodeIgniter.php(910): App\Controllers\Event->index()
#2 C:\OSPanel\domains\localhost\crew\system\CodeIgniter.php(398): CodeIgniter\CodeIgniter->runController(Object(App\Controllers\Event))
#3 C:\OSPanel\domains\localhost\crew\system\CodeIgniter.php(306): CodeIgniter\CodeIgniter->handleRequest(NULL, Object(Config\Cache), false)
#4 C:\OSPanel\domains\localhost\crew\public\index.php(45): CodeIgniter\CodeIgniter->run()
#5 {main}
CRITICAL - 2020-02-27 11:12:03 --> Too few arguments to function App\Controllers\Event::sendEmail(), 2 passed in C:\OSPanel\domains\localhost\crew\app\Controllers\Event.php on line 67 and exactly 3 expected
#0 C:\OSPanel\domains\localhost\crew\app\Controllers\Event.php(67): App\Controllers\Event->sendEmail('mauguzun@gmail....', 'http://localhos...')
#1 C:\OSPanel\domains\localhost\crew\system\CodeIgniter.php(910): App\Controllers\Event->index()
#2 C:\OSPanel\domains\localhost\crew\system\CodeIgniter.php(398): CodeIgniter\CodeIgniter->runController(Object(App\Controllers\Event))
#3 C:\OSPanel\domains\localhost\crew\system\CodeIgniter.php(306): CodeIgniter\CodeIgniter->handleRequest(NULL, Object(Config\Cache), false)
#4 C:\OSPanel\domains\localhost\crew\public\index.php(45): CodeIgniter\CodeIgniter->run()
#5 {main}
CRITICAL - 2020-02-27 11:15:06 --> syntax error, unexpected 'parent' (T_STRING)
#0 C:\OSPanel\domains\localhost\crew\system\Router\Router.php(192): CodeIgniter\Router\Router->autoRoute('home')
#1 C:\OSPanel\domains\localhost\crew\system\CodeIgniter.php(785): CodeIgniter\Router\Router->handle('home')
#2 C:\OSPanel\domains\localhost\crew\system\CodeIgniter.php(358): CodeIgniter\CodeIgniter->tryToRouteIt(Object(CodeIgniter\Router\RouteCollection))
#3 C:\OSPanel\domains\localhost\crew\system\CodeIgniter.php(306): CodeIgniter\CodeIgniter->handleRequest(NULL, Object(Config\Cache), false)
#4 C:\OSPanel\domains\localhost\crew\public\index.php(45): CodeIgniter\CodeIgniter->run()
#5 {main}
CRITICAL - 2020-02-27 11:15:11 --> syntax error, unexpected 'parent' (T_STRING)
#0 C:\OSPanel\domains\localhost\crew\system\Router\Router.php(192): CodeIgniter\Router\Router->autoRoute('home')
#1 C:\OSPanel\domains\localhost\crew\system\CodeIgniter.php(785): CodeIgniter\Router\Router->handle('home')
#2 C:\OSPanel\domains\localhost\crew\system\CodeIgniter.php(358): CodeIgniter\CodeIgniter->tryToRouteIt(Object(CodeIgniter\Router\RouteCollection))
#3 C:\OSPanel\domains\localhost\crew\system\CodeIgniter.php(306): CodeIgniter\CodeIgniter->handleRequest(NULL, Object(Config\Cache), false)
#4 C:\OSPanel\domains\localhost\crew\public\index.php(45): CodeIgniter\CodeIgniter->run()
#5 {main}
CRITICAL - 2020-02-27 11:17:01 --> strpos() expects parameter 1 to be string, object given
#0 [internal function]: CodeIgniter\Debug\Exceptions->errorHandler(2, 'strpos() expect...', 'C:\\OSPanel\\doma...', 709, Array)
#1 C:\OSPanel\domains\localhost\crew\system\Email\Email.php(709): strpos(Object(CodeIgniter\Email\Email), ',')
#2 C:\OSPanel\domains\localhost\crew\system\Email\Email.php(519): CodeIgniter\Email\Email->stringToArray(Object(CodeIgniter\Email\Email))
#3 C:\OSPanel\domains\localhost\crew\app\Controllers\Event.php(89): CodeIgniter\Email\Email->setTo(Object(CodeIgniter\Email\Email))
#4 C:\OSPanel\domains\localhost\crew\app\Controllers\Event.php(67): App\Controllers\Event->sendEmail(Object(CodeIgniter\Email\Email), '8 march party', 'http://localhos...')
#5 C:\OSPanel\domains\localhost\crew\system\CodeIgniter.php(910): App\Controllers\Event->index()
#6 C:\OSPanel\domains\localhost\crew\system\CodeIgniter.php(398): CodeIgniter\CodeIgniter->runController(Object(App\Controllers\Event))
#7 C:\OSPanel\domains\localhost\crew\system\CodeIgniter.php(306): CodeIgniter\CodeIgniter->handleRequest(NULL, Object(Config\Cache), false)
#8 C:\OSPanel\domains\localhost\crew\public\index.php(45): CodeIgniter\CodeIgniter->run()
#9 {main}
CRITICAL - 2020-02-27 11:17:49 --> Duplicate entry '1582823768' for key 'PRIMARY'
#0 C:\OSPanel\domains\localhost\crew\system\Database\MySQLi\Connection.php(330): mysqli->query('INSERT INTO `ev...')
#1 C:\OSPanel\domains\localhost\crew\system\Database\BaseConnection.php(738): CodeIgniter\Database\MySQLi\Connection->execute('INSERT INTO `ev...')
#2 C:\OSPanel\domains\localhost\crew\system\Database\BaseConnection.php(666): CodeIgniter\Database\BaseConnection->simpleQuery('INSERT INTO `ev...')
#3 C:\OSPanel\domains\localhost\crew\system\Database\BaseBuilder.php(2206): CodeIgniter\Database\BaseConnection->query('INSERT INTO `ev...', Array, false)
#4 C:\OSPanel\domains\localhost\crew\system\Model.php(722): CodeIgniter\Database\BaseBuilder->insert()
#5 C:\OSPanel\domains\localhost\crew\app\Controllers\Event.php(50): CodeIgniter\Model->insert(Array)
#6 C:\OSPanel\domains\localhost\crew\system\CodeIgniter.php(910): App\Controllers\Event->index()
#7 C:\OSPanel\domains\localhost\crew\system\CodeIgniter.php(398): CodeIgniter\CodeIgniter->runController(Object(App\Controllers\Event))
#8 C:\OSPanel\domains\localhost\crew\system\CodeIgniter.php(306): CodeIgniter\CodeIgniter->handleRequest(NULL, Object(Config\Cache), false)
#9 C:\OSPanel\domains\localhost\crew\public\index.php(45): CodeIgniter\CodeIgniter->run()
#10 {main}
CRITICAL - 2020-02-27 11:18:24 --> Duplicate entry '1582823768' for key 'PRIMARY'
#0 C:\OSPanel\domains\localhost\crew\system\Database\MySQLi\Connection.php(330): mysqli->query('INSERT INTO `ev...')
#1 C:\OSPanel\domains\localhost\crew\system\Database\BaseConnection.php(738): CodeIgniter\Database\MySQLi\Connection->execute('INSERT INTO `ev...')
#2 C:\OSPanel\domains\localhost\crew\system\Database\BaseConnection.php(666): CodeIgniter\Database\BaseConnection->simpleQuery('INSERT INTO `ev...')
#3 C:\OSPanel\domains\localhost\crew\system\Database\BaseBuilder.php(2206): CodeIgniter\Database\BaseConnection->query('INSERT INTO `ev...', Array, false)
#4 C:\OSPanel\domains\localhost\crew\system\Model.php(722): CodeIgniter\Database\BaseBuilder->insert()
#5 C:\OSPanel\domains\localhost\crew\app\Controllers\Event.php(50): CodeIgniter\Model->insert(Array)
#6 C:\OSPanel\domains\localhost\crew\system\CodeIgniter.php(910): App\Controllers\Event->index()
#7 C:\OSPanel\domains\localhost\crew\system\CodeIgniter.php(398): CodeIgniter\CodeIgniter->runController(Object(App\Controllers\Event))
#8 C:\OSPanel\domains\localhost\crew\system\CodeIgniter.php(306): CodeIgniter\CodeIgniter->handleRequest(NULL, Object(Config\Cache), false)
#9 C:\OSPanel\domains\localhost\crew\public\index.php(45): CodeIgniter\CodeIgniter->run()
#10 {main}
CRITICAL - 2020-02-27 11:18:45 --> strpos() expects parameter 1 to be string, object given
#0 [internal function]: CodeIgniter\Debug\Exceptions->errorHandler(2, 'strpos() expect...', 'C:\\OSPanel\\doma...', 709, Array)
#1 C:\OSPanel\domains\localhost\crew\system\Email\Email.php(709): strpos(Object(CodeIgniter\Email\Email), ',')
#2 C:\OSPanel\domains\localhost\crew\system\Email\Email.php(519): CodeIgniter\Email\Email->stringToArray(Object(CodeIgniter\Email\Email))
#3 C:\OSPanel\domains\localhost\crew\app\Controllers\Event.php(89): CodeIgniter\Email\Email->setTo(Object(CodeIgniter\Email\Email))
#4 C:\OSPanel\domains\localhost\crew\app\Controllers\Event.php(67): App\Controllers\Event->sendEmail(Object(CodeIgniter\Email\Email), '8 march party', 'http://localhos...')
#5 C:\OSPanel\domains\localhost\crew\system\CodeIgniter.php(910): App\Controllers\Event->index()
#6 C:\OSPanel\domains\localhost\crew\system\CodeIgniter.php(398): CodeIgniter\CodeIgniter->runController(Object(App\Controllers\Event))
#7 C:\OSPanel\domains\localhost\crew\system\CodeIgniter.php(306): CodeIgniter\CodeIgniter->handleRequest(NULL, Object(Config\Cache), false)
#8 C:\OSPanel\domains\localhost\crew\public\index.php(45): CodeIgniter\CodeIgniter->run()
#9 {main}
CRITICAL - 2020-02-27 11:22:35 --> Duplicate entry '1582823768' for key 'PRIMARY'
#0 C:\OSPanel\domains\localhost\crew\system\Database\MySQLi\Connection.php(330): mysqli->query('INSERT INTO `ev...')
#1 C:\OSPanel\domains\localhost\crew\system\Database\BaseConnection.php(738): CodeIgniter\Database\MySQLi\Connection->execute('INSERT INTO `ev...')
#2 C:\OSPanel\domains\localhost\crew\system\Database\BaseConnection.php(666): CodeIgniter\Database\BaseConnection->simpleQuery('INSERT INTO `ev...')
#3 C:\OSPanel\domains\localhost\crew\system\Database\BaseBuilder.php(2206): CodeIgniter\Database\BaseConnection->query('INSERT INTO `ev...', Array, false)
#4 C:\OSPanel\domains\localhost\crew\system\Model.php(722): CodeIgniter\Database\BaseBuilder->insert()
#5 C:\OSPanel\domains\localhost\crew\app\Controllers\Event.php(50): CodeIgniter\Model->insert(Array)
#6 C:\OSPanel\domains\localhost\crew\system\CodeIgniter.php(910): App\Controllers\Event->index()
#7 C:\OSPanel\domains\localhost\crew\system\CodeIgniter.php(398): CodeIgniter\CodeIgniter->runController(Object(App\Controllers\Event))
#8 C:\OSPanel\domains\localhost\crew\system\CodeIgniter.php(306): CodeIgniter\CodeIgniter->handleRequest(NULL, Object(Config\Cache), false)
#9 C:\OSPanel\domains\localhost\crew\public\index.php(45): CodeIgniter\CodeIgniter->run()
#10 {main}
CRITICAL - 2020-02-27 12:05:07 --> Undefined index: user_id
#0 C:\OSPanel\domains\localhost\crew\app\Controllers\Viewevent.php(40): CodeIgniter\Debug\Exceptions->errorHandler(8, 'Undefined index...', 'C:\\OSPanel\\doma...', 40, Array)
#1 C:\OSPanel\domains\localhost\crew\system\CodeIgniter.php(910): App\Controllers\Viewevent->index()
#2 C:\OSPanel\domains\localhost\crew\system\CodeIgniter.php(398): CodeIgniter\CodeIgniter->runController(Object(App\Controllers\Viewevent))
#3 C:\OSPanel\domains\localhost\crew\system\CodeIgniter.php(306): CodeIgniter\CodeIgniter->handleRequest(NULL, Object(Config\Cache), false)
#4 C:\OSPanel\domains\localhost\crew\public\index.php(45): CodeIgniter\CodeIgniter->run()
#5 {main}
CRITICAL - 2020-02-27 12:07:10 --> Undefined offset: 0
#0 C:\OSPanel\domains\localhost\crew\app\Controllers\Viewevent.php(36): CodeIgniter\Debug\Exceptions->errorHandler(8, 'Undefined offse...', 'C:\\OSPanel\\doma...', 36, Array)
#1 C:\OSPanel\domains\localhost\crew\system\CodeIgniter.php(910): App\Controllers\Viewevent->index()
#2 C:\OSPanel\domains\localhost\crew\system\CodeIgniter.php(398): CodeIgniter\CodeIgniter->runController(Object(App\Controllers\Viewevent))
#3 C:\OSPanel\domains\localhost\crew\system\CodeIgniter.php(306): CodeIgniter\CodeIgniter->handleRequest(NULL, Object(Config\Cache), false)
#4 C:\OSPanel\domains\localhost\crew\public\index.php(45): CodeIgniter\CodeIgniter->run()
#5 {main}
CRITICAL - 2020-02-27 12:07:58 --> syntax error, unexpected 'if' (T_IF)
#0 C:\OSPanel\domains\localhost\crew\system\Autoloader\Autoloader.php(296): CodeIgniter\Autoloader\Autoloader->requireFile('C:\\OSPanel\\doma...')
#1 C:\OSPanel\domains\localhost\crew\system\Autoloader\Autoloader.php(258): CodeIgniter\Autoloader\Autoloader->loadInNamespace('App\\Controllers...')
#2 [internal function]: CodeIgniter\Autoloader\Autoloader->loadClass('App\\Controllers...')
#3 [internal function]: spl_autoload_call('App\\Controllers...')
#4 C:\OSPanel\domains\localhost\crew\system\CodeIgniter.php(861): class_exists('\\App\\Controller...', true)
#5 C:\OSPanel\domains\localhost\crew\system\CodeIgniter.php(388): CodeIgniter\CodeIgniter->startController()
#6 C:\OSPanel\domains\localhost\crew\system\CodeIgniter.php(306): CodeIgniter\CodeIgniter->handleRequest(NULL, Object(Config\Cache), false)
#7 C:\OSPanel\domains\localhost\crew\public\index.php(45): CodeIgniter\CodeIgniter->run()
#8 {main}
CRITICAL - 2020-02-27 12:08:55 --> Cannot use object of type stdClass as array
#0 C:\OSPanel\domains\localhost\crew\system\CodeIgniter.php(910): App\Controllers\Viewevent->index()
#1 C:\OSPanel\domains\localhost\crew\system\CodeIgniter.php(398): CodeIgniter\CodeIgniter->runController(Object(App\Controllers\Viewevent))
#2 C:\OSPanel\domains\localhost\crew\system\CodeIgniter.php(306): CodeIgniter\CodeIgniter->handleRequest(NULL, Object(Config\Cache), false)
#3 C:\OSPanel\domains\localhost\crew\public\index.php(45): CodeIgniter\CodeIgniter->run()
#4 {main}
CRITICAL - 2020-02-27 12:09:05 --> Cannot use object of type stdClass as array
#0 C:\OSPanel\domains\localhost\crew\system\CodeIgniter.php(910): App\Controllers\Viewevent->index()
#1 C:\OSPanel\domains\localhost\crew\system\CodeIgniter.php(398): CodeIgniter\CodeIgniter->runController(Object(App\Controllers\Viewevent))
#2 C:\OSPanel\domains\localhost\crew\system\CodeIgniter.php(306): CodeIgniter\CodeIgniter->handleRequest(NULL, Object(Config\Cache), false)
#3 C:\OSPanel\domains\localhost\crew\public\index.php(45): CodeIgniter\CodeIgniter->run()
#4 {main}
CRITICAL - 2020-02-27 12:09:13 --> Cannot use object of type stdClass as array
#0 C:\OSPanel\domains\localhost\crew\system\CodeIgniter.php(910): App\Controllers\Viewevent->index()
#1 C:\OSPanel\domains\localhost\crew\system\CodeIgniter.php(398): CodeIgniter\CodeIgniter->runController(Object(App\Controllers\Viewevent))
#2 C:\OSPanel\domains\localhost\crew\system\CodeIgniter.php(306): CodeIgniter\CodeIgniter->handleRequest(NULL, Object(Config\Cache), false)
#3 C:\OSPanel\domains\localhost\crew\public\index.php(45): CodeIgniter\CodeIgniter->run()
#4 {main}
CRITICAL - 2020-02-27 12:09:38 --> Call to undefined method stdClass::resulArray()
#0 C:\OSPanel\domains\localhost\crew\system\CodeIgniter.php(910): App\Controllers\Viewevent->index()
#1 C:\OSPanel\domains\localhost\crew\system\CodeIgniter.php(398): CodeIgniter\CodeIgniter->runController(Object(App\Controllers\Viewevent))
#2 C:\OSPanel\domains\localhost\crew\system\CodeIgniter.php(306): CodeIgniter\CodeIgniter->handleRequest(NULL, Object(Config\Cache), false)
#3 C:\OSPanel\domains\localhost\crew\public\index.php(45): CodeIgniter\CodeIgniter->run()
#4 {main}
CRITICAL - 2020-02-27 12:09:45 --> Call to undefined method stdClass::resultArray()
#0 C:\OSPanel\domains\localhost\crew\system\CodeIgniter.php(910): App\Controllers\Viewevent->index()
#1 C:\OSPanel\domains\localhost\crew\system\CodeIgniter.php(398): CodeIgniter\CodeIgniter->runController(Object(App\Controllers\Viewevent))
#2 C:\OSPanel\domains\localhost\crew\system\CodeIgniter.php(306): CodeIgniter\CodeIgniter->handleRequest(NULL, Object(Config\Cache), false)
#3 C:\OSPanel\domains\localhost\crew\public\index.php(45): CodeIgniter\CodeIgniter->run()
#4 {main}
