CRITICAL - 2020-02-28 01:17:43 --> Too few arguments to function App\Controllers\Vote::index(), 0 passed in C:\OSPanel\domains\localhost\crew\system\CodeIgniter.php on line 910 and exactly 1 expected
#0 C:\OSPanel\domains\localhost\crew\system\CodeIgniter.php(910): App\Controllers\Vote->index()
#1 C:\OSPanel\domains\localhost\crew\system\CodeIgniter.php(398): CodeIgniter\CodeIgniter->runController(Object(App\Controllers\Vote))
#2 C:\OSPanel\domains\localhost\crew\system\CodeIgniter.php(306): CodeIgniter\CodeIgniter->handleRequest(NULL, Object(Config\Cache), false)
#3 C:\OSPanel\domains\localhost\crew\public\index.php(45): CodeIgniter\CodeIgniter->run()
#4 {main}
CRITICAL - 2020-02-28 01:17:56 --> Undefined index: id
#0 C:\OSPanel\domains\localhost\crew\app\Controllers\Vote.php(31): CodeIgniter\Debug\Exceptions->errorHandler(8, 'Undefined index...', 'C:\\OSPanel\\doma...', 31, Array)
#1 C:\OSPanel\domains\localhost\crew\system\CodeIgniter.php(910): App\Controllers\Vote->index()
#2 C:\OSPanel\domains\localhost\crew\system\CodeIgniter.php(398): CodeIgniter\CodeIgniter->runController(Object(App\Controllers\Vote))
#3 C:\OSPanel\domains\localhost\crew\system\CodeIgniter.php(306): CodeIgniter\CodeIgniter->handleRequest(NULL, Object(Config\Cache), false)
#4 C:\OSPanel\domains\localhost\crew\public\index.php(45): CodeIgniter\CodeIgniter->run()
#5 {main}
CRITICAL - 2020-02-28 01:18:29 --> Undefined index: id
#0 C:\OSPanel\domains\localhost\crew\app\Controllers\Vote.php(31): CodeIgniter\Debug\Exceptions->errorHandler(8, 'Undefined index...', 'C:\\OSPanel\\doma...', 31, Array)
#1 C:\OSPanel\domains\localhost\crew\system\CodeIgniter.php(910): App\Controllers\Vote->index()
#2 C:\OSPanel\domains\localhost\crew\system\CodeIgniter.php(398): CodeIgniter\CodeIgniter->runController(Object(App\Controllers\Vote))
#3 C:\OSPanel\domains\localhost\crew\system\CodeIgniter.php(306): CodeIgniter\CodeIgniter->handleRequest(NULL, Object(Config\Cache), false)
#4 C:\OSPanel\domains\localhost\crew\public\index.php(45): CodeIgniter\CodeIgniter->run()
#5 {main}
CRITICAL - 2020-02-28 01:20:24 --> Undefined index: id
#0 C:\OSPanel\domains\localhost\crew\app\Controllers\Vote.php(31): CodeIgniter\Debug\Exceptions->errorHandler(8, 'Undefined index...', 'C:\\OSPanel\\doma...', 31, Array)
#1 C:\OSPanel\domains\localhost\crew\system\CodeIgniter.php(910): App\Controllers\Vote->index()
#2 C:\OSPanel\domains\localhost\crew\system\CodeIgniter.php(398): CodeIgniter\CodeIgniter->runController(Object(App\Controllers\Vote))
#3 C:\OSPanel\domains\localhost\crew\system\CodeIgniter.php(306): CodeIgniter\CodeIgniter->handleRequest(NULL, Object(Config\Cache), false)
#4 C:\OSPanel\domains\localhost\crew\public\index.php(45): CodeIgniter\CodeIgniter->run()
#5 {main}
CRITICAL - 2020-02-28 01:45:06 --> syntax error, unexpected '}', expecting end of file
#0 C:\OSPanel\domains\localhost\crew\system\Router\Router.php(192): CodeIgniter\Router\Router->autoRoute('vote/12312312')
#1 C:\OSPanel\domains\localhost\crew\system\CodeIgniter.php(785): CodeIgniter\Router\Router->handle('vote/12312312')
#2 C:\OSPanel\domains\localhost\crew\system\CodeIgniter.php(358): CodeIgniter\CodeIgniter->tryToRouteIt(Object(CodeIgniter\Router\RouteCollection))
#3 C:\OSPanel\domains\localhost\crew\system\CodeIgniter.php(306): CodeIgniter\CodeIgniter->handleRequest(NULL, Object(Config\Cache), false)
#4 C:\OSPanel\domains\localhost\crew\public\index.php(45): CodeIgniter\CodeIgniter->run()
#5 {main}
CRITICAL - 2020-02-28 01:45:30 --> syntax error, unexpected '}', expecting end of file
#0 C:\OSPanel\domains\localhost\crew\system\Router\Router.php(192): CodeIgniter\Router\Router->autoRoute('vote/12312312')
#1 C:\OSPanel\domains\localhost\crew\system\CodeIgniter.php(785): CodeIgniter\Router\Router->handle('vote/12312312')
#2 C:\OSPanel\domains\localhost\crew\system\CodeIgniter.php(358): CodeIgniter\CodeIgniter->tryToRouteIt(Object(CodeIgniter\Router\RouteCollection))
#3 C:\OSPanel\domains\localhost\crew\system\CodeIgniter.php(306): CodeIgniter\CodeIgniter->handleRequest(NULL, Object(Config\Cache), false)
#4 C:\OSPanel\domains\localhost\crew\public\index.php(45): CodeIgniter\CodeIgniter->run()
#5 {main}
CRITICAL - 2020-02-28 02:12:11 --> Undefined property: stdClass::$viewLogins
#0 C:\OSPanel\domains\localhost\crew\app\Controllers\Vote.php(33): CodeIgniter\Debug\Exceptions->errorHandler(8, 'Undefined prope...', 'C:\\OSPanel\\doma...', 33, Array)
#1 C:\OSPanel\domains\localhost\crew\system\CodeIgniter.php(910): App\Controllers\Vote->index()
#2 C:\OSPanel\domains\localhost\crew\system\CodeIgniter.php(398): CodeIgniter\CodeIgniter->runController(Object(App\Controllers\Vote))
#3 C:\OSPanel\domains\localhost\crew\system\CodeIgniter.php(306): CodeIgniter\CodeIgniter->handleRequest(NULL, Object(Config\Cache), false)
#4 C:\OSPanel\domains\localhost\crew\public\index.php(45): CodeIgniter\CodeIgniter->run()
#5 {main}
CRITICAL - 2020-02-28 02:17:03 --> Unknown column 'id' in 'where clause'
#0 C:\OSPanel\domains\localhost\crew\system\Database\MySQLi\Connection.php(330): mysqli->query('DELETE FROM `vo...')
#1 C:\OSPanel\domains\localhost\crew\system\Database\BaseConnection.php(738): CodeIgniter\Database\MySQLi\Connection->execute('DELETE FROM `vo...')
#2 C:\OSPanel\domains\localhost\crew\system\Database\BaseConnection.php(666): CodeIgniter\Database\BaseConnection->simpleQuery('DELETE FROM `vo...')
#3 C:\OSPanel\domains\localhost\crew\system\Database\BaseBuilder.php(2798): CodeIgniter\Database\BaseConnection->query('DELETE FROM `vo...', Array, false)
#4 C:\OSPanel\domains\localhost\crew\system\Model.php(937): CodeIgniter\Database\BaseBuilder->delete()
#5 C:\OSPanel\domains\localhost\crew\app\Controllers\Vote.php(38): CodeIgniter\Model->delete(Array)
#6 C:\OSPanel\domains\localhost\crew\system\CodeIgniter.php(910): App\Controllers\Vote->index()
#7 C:\OSPanel\domains\localhost\crew\system\CodeIgniter.php(398): CodeIgniter\CodeIgniter->runController(Object(App\Controllers\Vote))
#8 C:\OSPanel\domains\localhost\crew\system\CodeIgniter.php(306): CodeIgniter\CodeIgniter->handleRequest(NULL, Object(Config\Cache), false)
#9 C:\OSPanel\domains\localhost\crew\public\index.php(45): CodeIgniter\CodeIgniter->run()
#10 {main}
CRITICAL - 2020-02-28 02:17:15 --> Unknown column 'id' in 'where clause'
#0 C:\OSPanel\domains\localhost\crew\system\Database\MySQLi\Connection.php(330): mysqli->query('DELETE FROM `vo...')
#1 C:\OSPanel\domains\localhost\crew\system\Database\BaseConnection.php(738): CodeIgniter\Database\MySQLi\Connection->execute('DELETE FROM `vo...')
#2 C:\OSPanel\domains\localhost\crew\system\Database\BaseConnection.php(666): CodeIgniter\Database\BaseConnection->simpleQuery('DELETE FROM `vo...')
#3 C:\OSPanel\domains\localhost\crew\system\Database\BaseBuilder.php(2798): CodeIgniter\Database\BaseConnection->query('DELETE FROM `vo...', Array, false)
#4 C:\OSPanel\domains\localhost\crew\system\Model.php(937): CodeIgniter\Database\BaseBuilder->delete()
#5 C:\OSPanel\domains\localhost\crew\app\Controllers\Vote.php(38): CodeIgniter\Model->delete(Array)
#6 C:\OSPanel\domains\localhost\crew\system\CodeIgniter.php(910): App\Controllers\Vote->index()
#7 C:\OSPanel\domains\localhost\crew\system\CodeIgniter.php(398): CodeIgniter\CodeIgniter->runController(Object(App\Controllers\Vote))
#8 C:\OSPanel\domains\localhost\crew\system\CodeIgniter.php(306): CodeIgniter\CodeIgniter->handleRequest(NULL, Object(Config\Cache), false)
#9 C:\OSPanel\domains\localhost\crew\public\index.php(45): CodeIgniter\CodeIgniter->run()
#10 {main}
CRITICAL - 2020-02-28 02:28:13 --> Unknown column 'id' in 'where clause'
#0 C:\OSPanel\domains\localhost\crew\system\Database\MySQLi\Connection.php(330): mysqli->query('DELETE FROM `vo...')
#1 C:\OSPanel\domains\localhost\crew\system\Database\BaseConnection.php(738): CodeIgniter\Database\MySQLi\Connection->execute('DELETE FROM `vo...')
#2 C:\OSPanel\domains\localhost\crew\system\Database\BaseConnection.php(666): CodeIgniter\Database\BaseConnection->simpleQuery('DELETE FROM `vo...')
#3 C:\OSPanel\domains\localhost\crew\system\Database\BaseBuilder.php(2798): CodeIgniter\Database\BaseConnection->query('DELETE FROM `vo...', Array, false)
#4 C:\OSPanel\domains\localhost\crew\system\Model.php(937): CodeIgniter\Database\BaseBuilder->delete()
#5 C:\OSPanel\domains\localhost\crew\app\Controllers\Vote.php(40): CodeIgniter\Model->delete(Array)
#6 C:\OSPanel\domains\localhost\crew\system\CodeIgniter.php(910): App\Controllers\Vote->index()
#7 C:\OSPanel\domains\localhost\crew\system\CodeIgniter.php(398): CodeIgniter\CodeIgniter->runController(Object(App\Controllers\Vote))
#8 C:\OSPanel\domains\localhost\crew\system\CodeIgniter.php(306): CodeIgniter\CodeIgniter->handleRequest(NULL, Object(Config\Cache), false)
#9 C:\OSPanel\domains\localhost\crew\public\index.php(45): CodeIgniter\CodeIgniter->run()
#10 {main}
CRITICAL - 2020-02-28 02:30:04 --> syntax error, unexpected ')', expecting identifier (T_STRING) or variable (T_VARIABLE) or '{' or '$'
#0 C:\OSPanel\domains\localhost\crew\system\Router\Router.php(192): CodeIgniter\Router\Router->autoRoute('vote')
#1 C:\OSPanel\domains\localhost\crew\system\CodeIgniter.php(785): CodeIgniter\Router\Router->handle('vote')
#2 C:\OSPanel\domains\localhost\crew\system\CodeIgniter.php(358): CodeIgniter\CodeIgniter->tryToRouteIt(Object(CodeIgniter\Router\RouteCollection))
#3 C:\OSPanel\domains\localhost\crew\system\CodeIgniter.php(306): CodeIgniter\CodeIgniter->handleRequest(NULL, Object(Config\Cache), false)
#4 C:\OSPanel\domains\localhost\crew\public\index.php(45): CodeIgniter\CodeIgniter->run()
#5 {main}
CRITICAL - 2020-02-28 02:31:03 --> Unknown column 'id' in 'where clause'
#0 C:\OSPanel\domains\localhost\crew\system\Database\MySQLi\Connection.php(330): mysqli->query('DELETE FROM `vo...')
#1 C:\OSPanel\domains\localhost\crew\system\Database\BaseConnection.php(738): CodeIgniter\Database\MySQLi\Connection->execute('DELETE FROM `vo...')
#2 C:\OSPanel\domains\localhost\crew\system\Database\BaseConnection.php(666): CodeIgniter\Database\BaseConnection->simpleQuery('DELETE FROM `vo...')
#3 C:\OSPanel\domains\localhost\crew\system\Database\BaseBuilder.php(2798): CodeIgniter\Database\BaseConnection->query('DELETE FROM `vo...', Array, false)
#4 C:\OSPanel\domains\localhost\crew\system\Model.php(937): CodeIgniter\Database\BaseBuilder->delete()
#5 C:\OSPanel\domains\localhost\crew\app\Controllers\Vote.php(40): CodeIgniter\Model->delete(Array)
#6 C:\OSPanel\domains\localhost\crew\system\CodeIgniter.php(910): App\Controllers\Vote->index()
#7 C:\OSPanel\domains\localhost\crew\system\CodeIgniter.php(398): CodeIgniter\CodeIgniter->runController(Object(App\Controllers\Vote))
#8 C:\OSPanel\domains\localhost\crew\system\CodeIgniter.php(306): CodeIgniter\CodeIgniter->handleRequest(NULL, Object(Config\Cache), false)
#9 C:\OSPanel\domains\localhost\crew\public\index.php(45): CodeIgniter\CodeIgniter->run()
#10 {main}
CRITICAL - 2020-02-28 02:31:13 --> Undefined property: stdClass::$seleted
#0 C:\OSPanel\domains\localhost\crew\app\Controllers\Vote.php(42): CodeIgniter\Debug\Exceptions->errorHandler(8, 'Undefined prope...', 'C:\\OSPanel\\doma...', 42, Array)
#1 C:\OSPanel\domains\localhost\crew\system\CodeIgniter.php(910): App\Controllers\Vote->index()
#2 C:\OSPanel\domains\localhost\crew\system\CodeIgniter.php(398): CodeIgniter\CodeIgniter->runController(Object(App\Controllers\Vote))
#3 C:\OSPanel\domains\localhost\crew\system\CodeIgniter.php(306): CodeIgniter\CodeIgniter->handleRequest(NULL, Object(Config\Cache), false)
#4 C:\OSPanel\domains\localhost\crew\public\index.php(45): CodeIgniter\CodeIgniter->run()
#5 {main}
CRITICAL - 2020-02-28 02:31:47 --> Duplicate entry '1582824510-0-mauguzun@gmail.com' for key 'PRIMARY'
#0 C:\OSPanel\domains\localhost\crew\system\Database\MySQLi\Connection.php(330): mysqli->query('INSERT INTO `vo...')
#1 C:\OSPanel\domains\localhost\crew\system\Database\BaseConnection.php(738): CodeIgniter\Database\MySQLi\Connection->execute('INSERT INTO `vo...')
#2 C:\OSPanel\domains\localhost\crew\system\Database\BaseConnection.php(666): CodeIgniter\Database\BaseConnection->simpleQuery('INSERT INTO `vo...')
#3 C:\OSPanel\domains\localhost\crew\system\Database\BaseBuilder.php(2206): CodeIgniter\Database\BaseConnection->query('INSERT INTO `vo...', Array, false)
#4 C:\OSPanel\domains\localhost\crew\system\Model.php(722): CodeIgniter\Database\BaseBuilder->insert()
#5 C:\OSPanel\domains\localhost\crew\app\Controllers\Vote.php(46): CodeIgniter\Model->insert(Array)
#6 C:\OSPanel\domains\localhost\crew\system\CodeIgniter.php(910): App\Controllers\Vote->index()
#7 C:\OSPanel\domains\localhost\crew\system\CodeIgniter.php(398): CodeIgniter\CodeIgniter->runController(Object(App\Controllers\Vote))
#8 C:\OSPanel\domains\localhost\crew\system\CodeIgniter.php(306): CodeIgniter\CodeIgniter->handleRequest(NULL, Object(Config\Cache), false)
#9 C:\OSPanel\domains\localhost\crew\public\index.php(45): CodeIgniter\CodeIgniter->run()
#10 {main}
CRITICAL - 2020-02-28 02:50:34 --> Illegal string offset 'voted'
#0 C:\OSPanel\domains\localhost\crew\app\Controllers\Viewevent.php(46): CodeIgniter\Debug\Exceptions->errorHandler(2, 'Illegal string ...', 'C:\\OSPanel\\doma...', 46, Array)
#1 C:\OSPanel\domains\localhost\crew\system\CodeIgniter.php(910): App\Controllers\Viewevent->index()
#2 C:\OSPanel\domains\localhost\crew\system\CodeIgniter.php(398): CodeIgniter\CodeIgniter->runController(Object(App\Controllers\Viewevent))
#3 C:\OSPanel\domains\localhost\crew\system\CodeIgniter.php(306): CodeIgniter\CodeIgniter->handleRequest(NULL, Object(Config\Cache), false)
#4 C:\OSPanel\domains\localhost\crew\public\index.php(45): CodeIgniter\CodeIgniter->run()
#5 {main}
CRITICAL - 2020-02-28 02:50:55 --> Illegal string offset 'voted'
#0 C:\OSPanel\domains\localhost\crew\app\Controllers\Viewevent.php(42): CodeIgniter\Debug\Exceptions->errorHandler(2, 'Illegal string ...', 'C:\\OSPanel\\doma...', 42, Array)
#1 C:\OSPanel\domains\localhost\crew\system\CodeIgniter.php(910): App\Controllers\Viewevent->index()
#2 C:\OSPanel\domains\localhost\crew\system\CodeIgniter.php(398): CodeIgniter\CodeIgniter->runController(Object(App\Controllers\Viewevent))
#3 C:\OSPanel\domains\localhost\crew\system\CodeIgniter.php(306): CodeIgniter\CodeIgniter->handleRequest(NULL, Object(Config\Cache), false)
#4 C:\OSPanel\domains\localhost\crew\public\index.php(45): CodeIgniter\CodeIgniter->run()
#5 {main}
CRITICAL - 2020-02-28 02:51:12 --> Illegal string offset 'voted'
#0 C:\OSPanel\domains\localhost\crew\app\Controllers\Viewevent.php(42): CodeIgniter\Debug\Exceptions->errorHandler(2, 'Illegal string ...', 'C:\\OSPanel\\doma...', 42, Array)
#1 C:\OSPanel\domains\localhost\crew\system\CodeIgniter.php(910): App\Controllers\Viewevent->index()
#2 C:\OSPanel\domains\localhost\crew\system\CodeIgniter.php(398): CodeIgniter\CodeIgniter->runController(Object(App\Controllers\Viewevent))
#3 C:\OSPanel\domains\localhost\crew\system\CodeIgniter.php(306): CodeIgniter\CodeIgniter->handleRequest(NULL, Object(Config\Cache), false)
#4 C:\OSPanel\domains\localhost\crew\public\index.php(45): CodeIgniter\CodeIgniter->run()
#5 {main}
CRITICAL - 2020-02-28 02:51:53 --> Illegal string offset 'voted'
#0 C:\OSPanel\domains\localhost\crew\app\Controllers\Viewevent.php(42): CodeIgniter\Debug\Exceptions->errorHandler(2, 'Illegal string ...', 'C:\\OSPanel\\doma...', 42, Array)
#1 C:\OSPanel\domains\localhost\crew\system\CodeIgniter.php(910): App\Controllers\Viewevent->index()
#2 C:\OSPanel\domains\localhost\crew\system\CodeIgniter.php(398): CodeIgniter\CodeIgniter->runController(Object(App\Controllers\Viewevent))
#3 C:\OSPanel\domains\localhost\crew\system\CodeIgniter.php(306): CodeIgniter\CodeIgniter->handleRequest(NULL, Object(Config\Cache), false)
#4 C:\OSPanel\domains\localhost\crew\public\index.php(45): CodeIgniter\CodeIgniter->run()
#5 {main}
CRITICAL - 2020-02-28 02:52:07 --> Illegal string offset 'voted'
#0 C:\OSPanel\domains\localhost\crew\app\Controllers\Viewevent.php(43): CodeIgniter\Debug\Exceptions->errorHandler(2, 'Illegal string ...', 'C:\\OSPanel\\doma...', 43, Array)
#1 C:\OSPanel\domains\localhost\crew\system\CodeIgniter.php(910): App\Controllers\Viewevent->index()
#2 C:\OSPanel\domains\localhost\crew\system\CodeIgniter.php(398): CodeIgniter\CodeIgniter->runController(Object(App\Controllers\Viewevent))
#3 C:\OSPanel\domains\localhost\crew\system\CodeIgniter.php(306): CodeIgniter\CodeIgniter->handleRequest(NULL, Object(Config\Cache), false)
#4 C:\OSPanel\domains\localhost\crew\public\index.php(45): CodeIgniter\CodeIgniter->run()
#5 {main}
CRITICAL - 2020-02-28 02:52:25 --> Cannot use object of type stdClass as array
#0 C:\OSPanel\domains\localhost\crew\system\CodeIgniter.php(910): App\Controllers\Viewevent->index()
#1 C:\OSPanel\domains\localhost\crew\system\CodeIgniter.php(398): CodeIgniter\CodeIgniter->runController(Object(App\Controllers\Viewevent))
#2 C:\OSPanel\domains\localhost\crew\system\CodeIgniter.php(306): CodeIgniter\CodeIgniter->handleRequest(NULL, Object(Config\Cache), false)
#3 C:\OSPanel\domains\localhost\crew\public\index.php(45): CodeIgniter\CodeIgniter->run()
#4 {main}
CRITICAL - 2020-02-28 02:52:48 --> Illegal string offset 'voted'
#0 C:\OSPanel\domains\localhost\crew\app\Controllers\Viewevent.php(47): CodeIgniter\Debug\Exceptions->errorHandler(2, 'Illegal string ...', 'C:\\OSPanel\\doma...', 47, Array)
#1 C:\OSPanel\domains\localhost\crew\system\CodeIgniter.php(910): App\Controllers\Viewevent->index()
#2 C:\OSPanel\domains\localhost\crew\system\CodeIgniter.php(398): CodeIgniter\CodeIgniter->runController(Object(App\Controllers\Viewevent))
#3 C:\OSPanel\domains\localhost\crew\system\CodeIgniter.php(306): CodeIgniter\CodeIgniter->handleRequest(NULL, Object(Config\Cache), false)
#4 C:\OSPanel\domains\localhost\crew\public\index.php(45): CodeIgniter\CodeIgniter->run()
#5 {main}
CRITICAL - 2020-02-28 02:53:22 --> Illegal string offset 'voted'
#0 C:\OSPanel\domains\localhost\crew\app\Controllers\Viewevent.php(48): CodeIgniter\Debug\Exceptions->errorHandler(2, 'Illegal string ...', 'C:\\OSPanel\\doma...', 48, Array)
#1 C:\OSPanel\domains\localhost\crew\system\CodeIgniter.php(910): App\Controllers\Viewevent->index()
#2 C:\OSPanel\domains\localhost\crew\system\CodeIgniter.php(398): CodeIgniter\CodeIgniter->runController(Object(App\Controllers\Viewevent))
#3 C:\OSPanel\domains\localhost\crew\system\CodeIgniter.php(306): CodeIgniter\CodeIgniter->handleRequest(NULL, Object(Config\Cache), false)
#4 C:\OSPanel\domains\localhost\crew\public\index.php(45): CodeIgniter\CodeIgniter->run()
#5 {main}
CRITICAL - 2020-02-28 02:53:53 --> Illegal string offset 'options'
#0 C:\OSPanel\domains\localhost\crew\app\Controllers\Viewevent.php(53): CodeIgniter\Debug\Exceptions->errorHandler(2, 'Illegal string ...', 'C:\\OSPanel\\doma...', 53, Array)
#1 C:\OSPanel\domains\localhost\crew\system\CodeIgniter.php(910): App\Controllers\Viewevent->index()
#2 C:\OSPanel\domains\localhost\crew\system\CodeIgniter.php(398): CodeIgniter\CodeIgniter->runController(Object(App\Controllers\Viewevent))
#3 C:\OSPanel\domains\localhost\crew\system\CodeIgniter.php(306): CodeIgniter\CodeIgniter->handleRequest(NULL, Object(Config\Cache), false)
#4 C:\OSPanel\domains\localhost\crew\public\index.php(45): CodeIgniter\CodeIgniter->run()
#5 {main}
CRITICAL - 2020-02-28 02:54:36 --> Illegal string offset 'options'
#0 C:\OSPanel\domains\localhost\crew\app\Controllers\Viewevent.php(56): CodeIgniter\Debug\Exceptions->errorHandler(2, 'Illegal string ...', 'C:\\OSPanel\\doma...', 56, Array)
#1 C:\OSPanel\domains\localhost\crew\system\CodeIgniter.php(910): App\Controllers\Viewevent->index()
#2 C:\OSPanel\domains\localhost\crew\system\CodeIgniter.php(398): CodeIgniter\CodeIgniter->runController(Object(App\Controllers\Viewevent))
#3 C:\OSPanel\domains\localhost\crew\system\CodeIgniter.php(306): CodeIgniter\CodeIgniter->handleRequest(NULL, Object(Config\Cache), false)
#4 C:\OSPanel\domains\localhost\crew\public\index.php(45): CodeIgniter\CodeIgniter->run()
#5 {main}
CRITICAL - 2020-02-28 02:55:08 --> Illegal string offset 'voted'
#0 C:\OSPanel\domains\localhost\crew\app\Controllers\Viewevent.php(48): CodeIgniter\Debug\Exceptions->errorHandler(2, 'Illegal string ...', 'C:\\OSPanel\\doma...', 48, Array)
#1 C:\OSPanel\domains\localhost\crew\system\CodeIgniter.php(910): App\Controllers\Viewevent->index()
#2 C:\OSPanel\domains\localhost\crew\system\CodeIgniter.php(398): CodeIgniter\CodeIgniter->runController(Object(App\Controllers\Viewevent))
#3 C:\OSPanel\domains\localhost\crew\system\CodeIgniter.php(306): CodeIgniter\CodeIgniter->handleRequest(NULL, Object(Config\Cache), false)
#4 C:\OSPanel\domains\localhost\crew\public\index.php(45): CodeIgniter\CodeIgniter->run()
#5 {main}
CRITICAL - 2020-02-28 02:55:26 --> Illegal string offset 'voted'
#0 C:\OSPanel\domains\localhost\crew\app\Controllers\Viewevent.php(49): CodeIgniter\Debug\Exceptions->errorHandler(2, 'Illegal string ...', 'C:\\OSPanel\\doma...', 49, Array)
#1 C:\OSPanel\domains\localhost\crew\system\CodeIgniter.php(910): App\Controllers\Viewevent->index()
#2 C:\OSPanel\domains\localhost\crew\system\CodeIgniter.php(398): CodeIgniter\CodeIgniter->runController(Object(App\Controllers\Viewevent))
#3 C:\OSPanel\domains\localhost\crew\system\CodeIgniter.php(306): CodeIgniter\CodeIgniter->handleRequest(NULL, Object(Config\Cache), false)
#4 C:\OSPanel\domains\localhost\crew\public\index.php(45): CodeIgniter\CodeIgniter->run()
#5 {main}
CRITICAL - 2020-02-28 02:55:53 --> Illegal string offset 'voted'
#0 C:\OSPanel\domains\localhost\crew\app\Controllers\Viewevent.php(49): CodeIgniter\Debug\Exceptions->errorHandler(2, 'Illegal string ...', 'C:\\OSPanel\\doma...', 49, Array)
#1 C:\OSPanel\domains\localhost\crew\system\CodeIgniter.php(910): App\Controllers\Viewevent->index()
#2 C:\OSPanel\domains\localhost\crew\system\CodeIgniter.php(398): CodeIgniter\CodeIgniter->runController(Object(App\Controllers\Viewevent))
#3 C:\OSPanel\domains\localhost\crew\system\CodeIgniter.php(306): CodeIgniter\CodeIgniter->handleRequest(NULL, Object(Config\Cache), false)
#4 C:\OSPanel\domains\localhost\crew\public\index.php(45): CodeIgniter\CodeIgniter->run()
#5 {main}
CRITICAL - 2020-02-28 02:56:19 --> Illegal string offset 'voted'
#0 C:\OSPanel\domains\localhost\crew\app\Controllers\Viewevent.php(53): CodeIgniter\Debug\Exceptions->errorHandler(2, 'Illegal string ...', 'C:\\OSPanel\\doma...', 53, Array)
#1 C:\OSPanel\domains\localhost\crew\system\CodeIgniter.php(910): App\Controllers\Viewevent->index()
#2 C:\OSPanel\domains\localhost\crew\system\CodeIgniter.php(398): CodeIgniter\CodeIgniter->runController(Object(App\Controllers\Viewevent))
#3 C:\OSPanel\domains\localhost\crew\system\CodeIgniter.php(306): CodeIgniter\CodeIgniter->handleRequest(NULL, Object(Config\Cache), false)
#4 C:\OSPanel\domains\localhost\crew\public\index.php(45): CodeIgniter\CodeIgniter->run()
#5 {main}
CRITICAL - 2020-02-28 02:56:43 --> Illegal string offset 'omg'
#0 C:\OSPanel\domains\localhost\crew\app\Controllers\Viewevent.php(50): CodeIgniter\Debug\Exceptions->errorHandler(2, 'Illegal string ...', 'C:\\OSPanel\\doma...', 50, Array)
#1 C:\OSPanel\domains\localhost\crew\system\CodeIgniter.php(910): App\Controllers\Viewevent->index()
#2 C:\OSPanel\domains\localhost\crew\system\CodeIgniter.php(398): CodeIgniter\CodeIgniter->runController(Object(App\Controllers\Viewevent))
#3 C:\OSPanel\domains\localhost\crew\system\CodeIgniter.php(306): CodeIgniter\CodeIgniter->handleRequest(NULL, Object(Config\Cache), false)
#4 C:\OSPanel\domains\localhost\crew\public\index.php(45): CodeIgniter\CodeIgniter->run()
#5 {main}
CRITICAL - 2020-02-28 02:57:01 --> Illegal string offset 'omg'
#0 C:\OSPanel\domains\localhost\crew\app\Controllers\Viewevent.php(50): CodeIgniter\Debug\Exceptions->errorHandler(2, 'Illegal string ...', 'C:\\OSPanel\\doma...', 50, Array)
#1 C:\OSPanel\domains\localhost\crew\system\CodeIgniter.php(910): App\Controllers\Viewevent->index()
#2 C:\OSPanel\domains\localhost\crew\system\CodeIgniter.php(398): CodeIgniter\CodeIgniter->runController(Object(App\Controllers\Viewevent))
#3 C:\OSPanel\domains\localhost\crew\system\CodeIgniter.php(306): CodeIgniter\CodeIgniter->handleRequest(NULL, Object(Config\Cache), false)
#4 C:\OSPanel\domains\localhost\crew\public\index.php(45): CodeIgniter\CodeIgniter->run()
#5 {main}
CRITICAL - 2020-02-28 02:57:17 --> Illegal string offset 'options'
#0 C:\OSPanel\domains\localhost\crew\app\Controllers\Viewevent.php(53): CodeIgniter\Debug\Exceptions->errorHandler(2, 'Illegal string ...', 'C:\\OSPanel\\doma...', 53, Array)
#1 C:\OSPanel\domains\localhost\crew\system\CodeIgniter.php(910): App\Controllers\Viewevent->index()
#2 C:\OSPanel\domains\localhost\crew\system\CodeIgniter.php(398): CodeIgniter\CodeIgniter->runController(Object(App\Controllers\Viewevent))
#3 C:\OSPanel\domains\localhost\crew\system\CodeIgniter.php(306): CodeIgniter\CodeIgniter->handleRequest(NULL, Object(Config\Cache), false)
#4 C:\OSPanel\domains\localhost\crew\public\index.php(45): CodeIgniter\CodeIgniter->run()
#5 {main}
CRITICAL - 2020-02-28 02:57:29 --> Illegal string offset 'options'
#0 C:\OSPanel\domains\localhost\crew\app\Controllers\Viewevent.php(53): CodeIgniter\Debug\Exceptions->errorHandler(2, 'Illegal string ...', 'C:\\OSPanel\\doma...', 53, Array)
#1 C:\OSPanel\domains\localhost\crew\system\CodeIgniter.php(910): App\Controllers\Viewevent->index()
#2 C:\OSPanel\domains\localhost\crew\system\CodeIgniter.php(398): CodeIgniter\CodeIgniter->runController(Object(App\Controllers\Viewevent))
#3 C:\OSPanel\domains\localhost\crew\system\CodeIgniter.php(306): CodeIgniter\CodeIgniter->handleRequest(NULL, Object(Config\Cache), false)
#4 C:\OSPanel\domains\localhost\crew\public\index.php(45): CodeIgniter\CodeIgniter->run()
#5 {main}
CRITICAL - 2020-02-28 02:58:07 --> Illegal string offset 'options'
#0 C:\OSPanel\domains\localhost\crew\app\Controllers\Viewevent.php(53): CodeIgniter\Debug\Exceptions->errorHandler(2, 'Illegal string ...', 'C:\\OSPanel\\doma...', 53, Array)
#1 C:\OSPanel\domains\localhost\crew\system\CodeIgniter.php(910): App\Controllers\Viewevent->index()
#2 C:\OSPanel\domains\localhost\crew\system\CodeIgniter.php(398): CodeIgniter\CodeIgniter->runController(Object(App\Controllers\Viewevent))
#3 C:\OSPanel\domains\localhost\crew\system\CodeIgniter.php(306): CodeIgniter\CodeIgniter->handleRequest(NULL, Object(Config\Cache), false)
#4 C:\OSPanel\domains\localhost\crew\public\index.php(45): CodeIgniter\CodeIgniter->run()
#5 {main}
CRITICAL - 2020-02-28 02:58:37 --> Illegal string offset 'options'
#0 C:\OSPanel\domains\localhost\crew\app\Controllers\Viewevent.php(46): CodeIgniter\Debug\Exceptions->errorHandler(2, 'Illegal string ...', 'C:\\OSPanel\\doma...', 46, Array)
#1 C:\OSPanel\domains\localhost\crew\system\CodeIgniter.php(910): App\Controllers\Viewevent->index()
#2 C:\OSPanel\domains\localhost\crew\system\CodeIgniter.php(398): CodeIgniter\CodeIgniter->runController(Object(App\Controllers\Viewevent))
#3 C:\OSPanel\domains\localhost\crew\system\CodeIgniter.php(306): CodeIgniter\CodeIgniter->handleRequest(NULL, Object(Config\Cache), false)
#4 C:\OSPanel\domains\localhost\crew\public\index.php(45): CodeIgniter\CodeIgniter->run()
#5 {main}
CRITICAL - 2020-02-28 02:59:01 --> Illegal string offset 'options'
#0 C:\OSPanel\domains\localhost\crew\app\Controllers\Viewevent.php(46): CodeIgniter\Debug\Exceptions->errorHandler(2, 'Illegal string ...', 'C:\\OSPanel\\doma...', 46, Array)
#1 C:\OSPanel\domains\localhost\crew\system\CodeIgniter.php(910): App\Controllers\Viewevent->index()
#2 C:\OSPanel\domains\localhost\crew\system\CodeIgniter.php(398): CodeIgniter\CodeIgniter->runController(Object(App\Controllers\Viewevent))
#3 C:\OSPanel\domains\localhost\crew\system\CodeIgniter.php(306): CodeIgniter\CodeIgniter->handleRequest(NULL, Object(Config\Cache), false)
#4 C:\OSPanel\domains\localhost\crew\public\index.php(45): CodeIgniter\CodeIgniter->run()
#5 {main}
CRITICAL - 2020-02-28 02:59:29 --> Illegal string offset 'options'
#0 C:\OSPanel\domains\localhost\crew\app\Controllers\Viewevent.php(46): CodeIgniter\Debug\Exceptions->errorHandler(2, 'Illegal string ...', 'C:\\OSPanel\\doma...', 46, Array)
#1 C:\OSPanel\domains\localhost\crew\system\CodeIgniter.php(910): App\Controllers\Viewevent->index()
#2 C:\OSPanel\domains\localhost\crew\system\CodeIgniter.php(398): CodeIgniter\CodeIgniter->runController(Object(App\Controllers\Viewevent))
#3 C:\OSPanel\domains\localhost\crew\system\CodeIgniter.php(306): CodeIgniter\CodeIgniter->handleRequest(NULL, Object(Config\Cache), false)
#4 C:\OSPanel\domains\localhost\crew\public\index.php(45): CodeIgniter\CodeIgniter->run()
#5 {main}
CRITICAL - 2020-02-28 02:59:56 --> Illegal string offset 'asd'
#0 C:\OSPanel\domains\localhost\crew\app\Controllers\Viewevent.php(46): CodeIgniter\Debug\Exceptions->errorHandler(2, 'Illegal string ...', 'C:\\OSPanel\\doma...', 46, Array)
#1 C:\OSPanel\domains\localhost\crew\system\CodeIgniter.php(910): App\Controllers\Viewevent->index()
#2 C:\OSPanel\domains\localhost\crew\system\CodeIgniter.php(398): CodeIgniter\CodeIgniter->runController(Object(App\Controllers\Viewevent))
#3 C:\OSPanel\domains\localhost\crew\system\CodeIgniter.php(306): CodeIgniter\CodeIgniter->handleRequest(NULL, Object(Config\Cache), false)
#4 C:\OSPanel\domains\localhost\crew\public\index.php(45): CodeIgniter\CodeIgniter->run()
#5 {main}
CRITICAL - 2020-02-28 03:00:37 --> Illegal string offset 'options'
#0 C:\OSPanel\domains\localhost\crew\app\Controllers\Viewevent.php(46): CodeIgniter\Debug\Exceptions->errorHandler(2, 'Illegal string ...', 'C:\\OSPanel\\doma...', 46, Array)
#1 C:\OSPanel\domains\localhost\crew\system\CodeIgniter.php(910): App\Controllers\Viewevent->index()
#2 C:\OSPanel\domains\localhost\crew\system\CodeIgniter.php(398): CodeIgniter\CodeIgniter->runController(Object(App\Controllers\Viewevent))
#3 C:\OSPanel\domains\localhost\crew\system\CodeIgniter.php(306): CodeIgniter\CodeIgniter->handleRequest(NULL, Object(Config\Cache), false)
#4 C:\OSPanel\domains\localhost\crew\public\index.php(45): CodeIgniter\CodeIgniter->run()
#5 {main}
CRITICAL - 2020-02-28 03:00:50 --> Illegal string offset 'options'
#0 C:\OSPanel\domains\localhost\crew\app\Controllers\Viewevent.php(46): CodeIgniter\Debug\Exceptions->errorHandler(2, 'Illegal string ...', 'C:\\OSPanel\\doma...', 46, Array)
#1 C:\OSPanel\domains\localhost\crew\system\CodeIgniter.php(910): App\Controllers\Viewevent->index()
#2 C:\OSPanel\domains\localhost\crew\system\CodeIgniter.php(398): CodeIgniter\CodeIgniter->runController(Object(App\Controllers\Viewevent))
#3 C:\OSPanel\domains\localhost\crew\system\CodeIgniter.php(306): CodeIgniter\CodeIgniter->handleRequest(NULL, Object(Config\Cache), false)
#4 C:\OSPanel\domains\localhost\crew\public\index.php(45): CodeIgniter\CodeIgniter->run()
#5 {main}
CRITICAL - 2020-02-28 03:03:40 --> Illegal string offset 'options'
#0 C:\OSPanel\domains\localhost\crew\app\Controllers\Viewevent.php(46): CodeIgniter\Debug\Exceptions->errorHandler(2, 'Illegal string ...', 'C:\\OSPanel\\doma...', 46, Array)
#1 C:\OSPanel\domains\localhost\crew\system\CodeIgniter.php(910): App\Controllers\Viewevent->index()
#2 C:\OSPanel\domains\localhost\crew\system\CodeIgniter.php(398): CodeIgniter\CodeIgniter->runController(Object(App\Controllers\Viewevent))
#3 C:\OSPanel\domains\localhost\crew\system\CodeIgniter.php(306): CodeIgniter\CodeIgniter->handleRequest(NULL, Object(Config\Cache), false)
#4 C:\OSPanel\domains\localhost\crew\public\index.php(45): CodeIgniter\CodeIgniter->run()
#5 {main}
CRITICAL - 2020-02-28 03:04:20 --> Illegal string offset 'options'
#0 C:\OSPanel\domains\localhost\crew\app\Controllers\Viewevent.php(46): CodeIgniter\Debug\Exceptions->errorHandler(2, 'Illegal string ...', 'C:\\OSPanel\\doma...', 46, Array)
#1 C:\OSPanel\domains\localhost\crew\system\CodeIgniter.php(910): App\Controllers\Viewevent->index()
#2 C:\OSPanel\domains\localhost\crew\system\CodeIgniter.php(398): CodeIgniter\CodeIgniter->runController(Object(App\Controllers\Viewevent))
#3 C:\OSPanel\domains\localhost\crew\system\CodeIgniter.php(306): CodeIgniter\CodeIgniter->handleRequest(NULL, Object(Config\Cache), false)
#4 C:\OSPanel\domains\localhost\crew\public\index.php(45): CodeIgniter\CodeIgniter->run()
#5 {main}
CRITICAL - 2020-02-28 03:04:32 --> Illegal string offset 'options'
#0 C:\OSPanel\domains\localhost\crew\app\Controllers\Viewevent.php(46): CodeIgniter\Debug\Exceptions->errorHandler(2, 'Illegal string ...', 'C:\\OSPanel\\doma...', 46, Array)
#1 C:\OSPanel\domains\localhost\crew\system\CodeIgniter.php(910): App\Controllers\Viewevent->index()
#2 C:\OSPanel\domains\localhost\crew\system\CodeIgniter.php(398): CodeIgniter\CodeIgniter->runController(Object(App\Controllers\Viewevent))
#3 C:\OSPanel\domains\localhost\crew\system\CodeIgniter.php(306): CodeIgniter\CodeIgniter->handleRequest(NULL, Object(Config\Cache), false)
#4 C:\OSPanel\domains\localhost\crew\public\index.php(45): CodeIgniter\CodeIgniter->run()
#5 {main}
CRITICAL - 2020-02-28 03:04:45 --> Illegal string offset 'options'
#0 C:\OSPanel\domains\localhost\crew\app\Controllers\Viewevent.php(47): CodeIgniter\Debug\Exceptions->errorHandler(2, 'Illegal string ...', 'C:\\OSPanel\\doma...', 47, Array)
#1 C:\OSPanel\domains\localhost\crew\system\CodeIgniter.php(910): App\Controllers\Viewevent->index()
#2 C:\OSPanel\domains\localhost\crew\system\CodeIgniter.php(398): CodeIgniter\CodeIgniter->runController(Object(App\Controllers\Viewevent))
#3 C:\OSPanel\domains\localhost\crew\system\CodeIgniter.php(306): CodeIgniter\CodeIgniter->handleRequest(NULL, Object(Config\Cache), false)
#4 C:\OSPanel\domains\localhost\crew\public\index.php(45): CodeIgniter\CodeIgniter->run()
#5 {main}
CRITICAL - 2020-02-28 03:05:48 --> array_push() expects parameter 1 to be array, null given
#0 [internal function]: CodeIgniter\Debug\Exceptions->errorHandler(2, 'array_push() ex...', 'C:\\OSPanel\\doma...', 46, Array)
#1 C:\OSPanel\domains\localhost\crew\app\Controllers\Viewevent.php(46): array_push(NULL, '1582824521')
#2 C:\OSPanel\domains\localhost\crew\system\CodeIgniter.php(910): App\Controllers\Viewevent->index()
#3 C:\OSPanel\domains\localhost\crew\system\CodeIgniter.php(398): CodeIgniter\CodeIgniter->runController(Object(App\Controllers\Viewevent))
#4 C:\OSPanel\domains\localhost\crew\system\CodeIgniter.php(306): CodeIgniter\CodeIgniter->handleRequest(NULL, Object(Config\Cache), false)
#5 C:\OSPanel\domains\localhost\crew\public\index.php(45): CodeIgniter\CodeIgniter->run()
#6 {main}
CRITICAL - 2020-02-28 05:18:05 --> Undefined property: stdClass::$user_id
#0 C:\OSPanel\domains\localhost\crew\app\Controllers\Eventlist.php(28): CodeIgniter\Debug\Exceptions->errorHandler(8, 'Undefined prope...', 'C:\\OSPanel\\doma...', 28, Array)
#1 C:\OSPanel\domains\localhost\crew\system\CodeIgniter.php(910): App\Controllers\Eventlist->index()
#2 C:\OSPanel\domains\localhost\crew\system\CodeIgniter.php(398): CodeIgniter\CodeIgniter->runController(Object(App\Controllers\Eventlist))
#3 C:\OSPanel\domains\localhost\crew\system\CodeIgniter.php(306): CodeIgniter\CodeIgniter->handleRequest(NULL, Object(Config\Cache), false)
#4 C:\OSPanel\domains\localhost\crew\public\index.php(45): CodeIgniter\CodeIgniter->run()
#5 {main}
CRITICAL - 2020-02-28 05:18:13 --> Undefined property: stdClass::$user_id
#0 C:\OSPanel\domains\localhost\crew\app\Controllers\Eventlist.php(28): CodeIgniter\Debug\Exceptions->errorHandler(8, 'Undefined prope...', 'C:\\OSPanel\\doma...', 28, Array)
#1 C:\OSPanel\domains\localhost\crew\system\CodeIgniter.php(910): App\Controllers\Eventlist->index()
#2 C:\OSPanel\domains\localhost\crew\system\CodeIgniter.php(398): CodeIgniter\CodeIgniter->runController(Object(App\Controllers\Eventlist))
#3 C:\OSPanel\domains\localhost\crew\system\CodeIgniter.php(306): CodeIgniter\CodeIgniter->handleRequest(NULL, Object(Config\Cache), false)
#4 C:\OSPanel\domains\localhost\crew\public\index.php(45): CodeIgniter\CodeIgniter->run()
#5 {main}
CRITICAL - 2020-02-28 05:20:20 --> Argument 1 passed to CodeIgniter\Model::findAll() must be of the type int, array given, called in C:\OSPanel\domains\localhost\crew\app\Controllers\Eventlist.php on line 28
#0 C:\OSPanel\domains\localhost\crew\app\Controllers\Eventlist.php(28): CodeIgniter\Model->findAll(Array)
#1 C:\OSPanel\domains\localhost\crew\system\CodeIgniter.php(910): App\Controllers\Eventlist->index()
#2 C:\OSPanel\domains\localhost\crew\system\CodeIgniter.php(398): CodeIgniter\CodeIgniter->runController(Object(App\Controllers\Eventlist))
#3 C:\OSPanel\domains\localhost\crew\system\CodeIgniter.php(306): CodeIgniter\CodeIgniter->handleRequest(NULL, Object(Config\Cache), false)
#4 C:\OSPanel\domains\localhost\crew\public\index.php(45): CodeIgniter\CodeIgniter->run()
#5 {main}
CRITICAL - 2020-02-28 12:38:32 --> Undefined variable: data
#0 C:\OSPanel\domains\localhost\crew\app\Controllers\Manage.php(38): CodeIgniter\Debug\Exceptions->errorHandler(8, 'Undefined varia...', 'C:\\OSPanel\\doma...', 38, Array)
#1 C:\OSPanel\domains\localhost\crew\system\CodeIgniter.php(910): App\Controllers\Manage->index()
#2 C:\OSPanel\domains\localhost\crew\system\CodeIgniter.php(398): CodeIgniter\CodeIgniter->runController(Object(App\Controllers\Manage))
#3 C:\OSPanel\domains\localhost\crew\system\CodeIgniter.php(306): CodeIgniter\CodeIgniter->handleRequest(NULL, Object(Config\Cache), false)
#4 C:\OSPanel\domains\localhost\crew\public\index.php(45): CodeIgniter\CodeIgniter->run()
#5 {main}
CRITICAL - 2020-02-28 12:38:38 --> Undefined variable: data
#0 C:\OSPanel\domains\localhost\crew\app\Controllers\Manage.php(38): CodeIgniter\Debug\Exceptions->errorHandler(8, 'Undefined varia...', 'C:\\OSPanel\\doma...', 38, Array)
#1 C:\OSPanel\domains\localhost\crew\system\CodeIgniter.php(910): App\Controllers\Manage->index()
#2 C:\OSPanel\domains\localhost\crew\system\CodeIgniter.php(398): CodeIgniter\CodeIgniter->runController(Object(App\Controllers\Manage))
#3 C:\OSPanel\domains\localhost\crew\system\CodeIgniter.php(306): CodeIgniter\CodeIgniter->handleRequest(NULL, Object(Config\Cache), false)
#4 C:\OSPanel\domains\localhost\crew\public\index.php(45): CodeIgniter\CodeIgniter->run()
#5 {main}
CRITICAL - 2020-02-28 12:44:01 --> Unknown column 'event_id' in 'where clause'
#0 C:\OSPanel\domains\localhost\crew\system\Database\MySQLi\Connection.php(330): mysqli->query('SELECT *\nFROM `...')
#1 C:\OSPanel\domains\localhost\crew\system\Database\BaseConnection.php(738): CodeIgniter\Database\MySQLi\Connection->execute('SELECT *\nFROM `...')
#2 C:\OSPanel\domains\localhost\crew\system\Database\BaseConnection.php(666): CodeIgniter\Database\BaseConnection->simpleQuery('SELECT *\nFROM `...')
#3 C:\OSPanel\domains\localhost\crew\system\Database\BaseBuilder.php(1819): CodeIgniter\Database\BaseConnection->query('SELECT *\nFROM `...', Array, false)
#4 C:\OSPanel\domains\localhost\crew\system\Model.php(445): CodeIgniter\Database\BaseBuilder->get()
#5 C:\OSPanel\domains\localhost\crew\app\Controllers\Manage.php(35): CodeIgniter\Model->findAll()
#6 C:\OSPanel\domains\localhost\crew\system\CodeIgniter.php(910): App\Controllers\Manage->index()
#7 C:\OSPanel\domains\localhost\crew\system\CodeIgniter.php(398): CodeIgniter\CodeIgniter->runController(Object(App\Controllers\Manage))
#8 C:\OSPanel\domains\localhost\crew\system\CodeIgniter.php(306): CodeIgniter\CodeIgniter->handleRequest(NULL, Object(Config\Cache), false)
#9 C:\OSPanel\domains\localhost\crew\public\index.php(45): CodeIgniter\CodeIgniter->run()
#10 {main}
CRITICAL - 2020-02-28 12:44:04 --> Unknown column 'event_id' in 'where clause'
#0 C:\OSPanel\domains\localhost\crew\system\Database\MySQLi\Connection.php(330): mysqli->query('SELECT *\nFROM `...')
#1 C:\OSPanel\domains\localhost\crew\system\Database\BaseConnection.php(738): CodeIgniter\Database\MySQLi\Connection->execute('SELECT *\nFROM `...')
#2 C:\OSPanel\domains\localhost\crew\system\Database\BaseConnection.php(666): CodeIgniter\Database\BaseConnection->simpleQuery('SELECT *\nFROM `...')
#3 C:\OSPanel\domains\localhost\crew\system\Database\BaseBuilder.php(1819): CodeIgniter\Database\BaseConnection->query('SELECT *\nFROM `...', Array, false)
#4 C:\OSPanel\domains\localhost\crew\system\Model.php(445): CodeIgniter\Database\BaseBuilder->get()
#5 C:\OSPanel\domains\localhost\crew\app\Controllers\Manage.php(35): CodeIgniter\Model->findAll()
#6 C:\OSPanel\domains\localhost\crew\system\CodeIgniter.php(910): App\Controllers\Manage->index()
#7 C:\OSPanel\domains\localhost\crew\system\CodeIgniter.php(398): CodeIgniter\CodeIgniter->runController(Object(App\Controllers\Manage))
#8 C:\OSPanel\domains\localhost\crew\system\CodeIgniter.php(306): CodeIgniter\CodeIgniter->handleRequest(NULL, Object(Config\Cache), false)
#9 C:\OSPanel\domains\localhost\crew\public\index.php(45): CodeIgniter\CodeIgniter->run()
#10 {main}
CRITICAL - 2020-02-28 12:44:37 --> Unknown column 'event_id' in 'where clause'
#0 C:\OSPanel\domains\localhost\crew\system\Database\MySQLi\Connection.php(330): mysqli->query('SELECT *\nFROM `...')
#1 C:\OSPanel\domains\localhost\crew\system\Database\BaseConnection.php(738): CodeIgniter\Database\MySQLi\Connection->execute('SELECT *\nFROM `...')
#2 C:\OSPanel\domains\localhost\crew\system\Database\BaseConnection.php(666): CodeIgniter\Database\BaseConnection->simpleQuery('SELECT *\nFROM `...')
#3 C:\OSPanel\domains\localhost\crew\system\Database\BaseBuilder.php(1819): CodeIgniter\Database\BaseConnection->query('SELECT *\nFROM `...', Array, false)
#4 C:\OSPanel\domains\localhost\crew\system\Model.php(445): CodeIgniter\Database\BaseBuilder->get()
#5 C:\OSPanel\domains\localhost\crew\app\Controllers\Manage.php(35): CodeIgniter\Model->findAll()
#6 C:\OSPanel\domains\localhost\crew\system\CodeIgniter.php(910): App\Controllers\Manage->index()
#7 C:\OSPanel\domains\localhost\crew\system\CodeIgniter.php(398): CodeIgniter\CodeIgniter->runController(Object(App\Controllers\Manage))
#8 C:\OSPanel\domains\localhost\crew\system\CodeIgniter.php(306): CodeIgniter\CodeIgniter->handleRequest(NULL, Object(Config\Cache), false)
#9 C:\OSPanel\domains\localhost\crew\public\index.php(45): CodeIgniter\CodeIgniter->run()
#10 {main}
CRITICAL - 2020-02-28 12:44:48 --> Unknown column 'event_id' in 'where clause'
#0 C:\OSPanel\domains\localhost\crew\system\Database\MySQLi\Connection.php(330): mysqli->query('SELECT *\nFROM `...')
#1 C:\OSPanel\domains\localhost\crew\system\Database\BaseConnection.php(738): CodeIgniter\Database\MySQLi\Connection->execute('SELECT *\nFROM `...')
#2 C:\OSPanel\domains\localhost\crew\system\Database\BaseConnection.php(666): CodeIgniter\Database\BaseConnection->simpleQuery('SELECT *\nFROM `...')
#3 C:\OSPanel\domains\localhost\crew\system\Database\BaseBuilder.php(1819): CodeIgniter\Database\BaseConnection->query('SELECT *\nFROM `...', Array, false)
#4 C:\OSPanel\domains\localhost\crew\system\Model.php(445): CodeIgniter\Database\BaseBuilder->get()
#5 C:\OSPanel\domains\localhost\crew\app\Controllers\Manage.php(35): CodeIgniter\Model->findAll()
#6 C:\OSPanel\domains\localhost\crew\system\CodeIgniter.php(910): App\Controllers\Manage->index()
#7 C:\OSPanel\domains\localhost\crew\system\CodeIgniter.php(398): CodeIgniter\CodeIgniter->runController(Object(App\Controllers\Manage))
#8 C:\OSPanel\domains\localhost\crew\system\CodeIgniter.php(306): CodeIgniter\CodeIgniter->handleRequest(NULL, Object(Config\Cache), false)
#9 C:\OSPanel\domains\localhost\crew\public\index.php(45): CodeIgniter\CodeIgniter->run()
#10 {main}
CRITICAL - 2020-02-28 12:45:10 --> Unknown column 'event_id' in 'where clause'
#0 C:\OSPanel\domains\localhost\crew\system\Database\MySQLi\Connection.php(330): mysqli->query('SELECT *\nFROM `...')
#1 C:\OSPanel\domains\localhost\crew\system\Database\BaseConnection.php(738): CodeIgniter\Database\MySQLi\Connection->execute('SELECT *\nFROM `...')
#2 C:\OSPanel\domains\localhost\crew\system\Database\BaseConnection.php(666): CodeIgniter\Database\BaseConnection->simpleQuery('SELECT *\nFROM `...')
#3 C:\OSPanel\domains\localhost\crew\system\Database\BaseBuilder.php(1819): CodeIgniter\Database\BaseConnection->query('SELECT *\nFROM `...', Array, false)
#4 C:\OSPanel\domains\localhost\crew\system\Model.php(445): CodeIgniter\Database\BaseBuilder->get()
#5 C:\OSPanel\domains\localhost\crew\app\Controllers\Manage.php(35): CodeIgniter\Model->findAll()
#6 C:\OSPanel\domains\localhost\crew\system\CodeIgniter.php(910): App\Controllers\Manage->index()
#7 C:\OSPanel\domains\localhost\crew\system\CodeIgniter.php(398): CodeIgniter\CodeIgniter->runController(Object(App\Controllers\Manage))
#8 C:\OSPanel\domains\localhost\crew\system\CodeIgniter.php(306): CodeIgniter\CodeIgniter->handleRequest(NULL, Object(Config\Cache), false)
#9 C:\OSPanel\domains\localhost\crew\public\index.php(45): CodeIgniter\CodeIgniter->run()
#10 {main}
CRITICAL - 2020-02-28 12:45:38 --> Unknown column 'event_id' in 'where clause'
#0 C:\OSPanel\domains\localhost\crew\system\Database\MySQLi\Connection.php(330): mysqli->query('SELECT *\nFROM `...')
#1 C:\OSPanel\domains\localhost\crew\system\Database\BaseConnection.php(738): CodeIgniter\Database\MySQLi\Connection->execute('SELECT *\nFROM `...')
#2 C:\OSPanel\domains\localhost\crew\system\Database\BaseConnection.php(666): CodeIgniter\Database\BaseConnection->simpleQuery('SELECT *\nFROM `...')
#3 C:\OSPanel\domains\localhost\crew\system\Database\BaseBuilder.php(1819): CodeIgniter\Database\BaseConnection->query('SELECT *\nFROM `...', Array, false)
#4 C:\OSPanel\domains\localhost\crew\system\Model.php(445): CodeIgniter\Database\BaseBuilder->get()
#5 C:\OSPanel\domains\localhost\crew\app\Controllers\Manage.php(35): CodeIgniter\Model->findAll()
#6 C:\OSPanel\domains\localhost\crew\system\CodeIgniter.php(910): App\Controllers\Manage->index()
#7 C:\OSPanel\domains\localhost\crew\system\CodeIgniter.php(398): CodeIgniter\CodeIgniter->runController(Object(App\Controllers\Manage))
#8 C:\OSPanel\domains\localhost\crew\system\CodeIgniter.php(306): CodeIgniter\CodeIgniter->handleRequest(NULL, Object(Config\Cache), false)
#9 C:\OSPanel\domains\localhost\crew\public\index.php(45): CodeIgniter\CodeIgniter->run()
#10 {main}
CRITICAL - 2020-02-28 12:45:39 --> Unknown column 'event_id' in 'where clause'
#0 C:\OSPanel\domains\localhost\crew\system\Database\MySQLi\Connection.php(330): mysqli->query('SELECT *\nFROM `...')
#1 C:\OSPanel\domains\localhost\crew\system\Database\BaseConnection.php(738): CodeIgniter\Database\MySQLi\Connection->execute('SELECT *\nFROM `...')
#2 C:\OSPanel\domains\localhost\crew\system\Database\BaseConnection.php(666): CodeIgniter\Database\BaseConnection->simpleQuery('SELECT *\nFROM `...')
#3 C:\OSPanel\domains\localhost\crew\system\Database\BaseBuilder.php(1819): CodeIgniter\Database\BaseConnection->query('SELECT *\nFROM `...', Array, false)
#4 C:\OSPanel\domains\localhost\crew\system\Model.php(445): CodeIgniter\Database\BaseBuilder->get()
#5 C:\OSPanel\domains\localhost\crew\app\Controllers\Manage.php(35): CodeIgniter\Model->findAll()
#6 C:\OSPanel\domains\localhost\crew\system\CodeIgniter.php(910): App\Controllers\Manage->index()
#7 C:\OSPanel\domains\localhost\crew\system\CodeIgniter.php(398): CodeIgniter\CodeIgniter->runController(Object(App\Controllers\Manage))
#8 C:\OSPanel\domains\localhost\crew\system\CodeIgniter.php(306): CodeIgniter\CodeIgniter->handleRequest(NULL, Object(Config\Cache), false)
#9 C:\OSPanel\domains\localhost\crew\public\index.php(45): CodeIgniter\CodeIgniter->run()
#10 {main}
CRITICAL - 2020-02-28 12:45:40 --> Unknown column 'event_id' in 'where clause'
#0 C:\OSPanel\domains\localhost\crew\system\Database\MySQLi\Connection.php(330): mysqli->query('SELECT *\nFROM `...')
#1 C:\OSPanel\domains\localhost\crew\system\Database\BaseConnection.php(738): CodeIgniter\Database\MySQLi\Connection->execute('SELECT *\nFROM `...')
#2 C:\OSPanel\domains\localhost\crew\system\Database\BaseConnection.php(666): CodeIgniter\Database\BaseConnection->simpleQuery('SELECT *\nFROM `...')
#3 C:\OSPanel\domains\localhost\crew\system\Database\BaseBuilder.php(1819): CodeIgniter\Database\BaseConnection->query('SELECT *\nFROM `...', Array, false)
#4 C:\OSPanel\domains\localhost\crew\system\Model.php(445): CodeIgniter\Database\BaseBuilder->get()
#5 C:\OSPanel\domains\localhost\crew\app\Controllers\Manage.php(35): CodeIgniter\Model->findAll()
#6 C:\OSPanel\domains\localhost\crew\system\CodeIgniter.php(910): App\Controllers\Manage->index()
#7 C:\OSPanel\domains\localhost\crew\system\CodeIgniter.php(398): CodeIgniter\CodeIgniter->runController(Object(App\Controllers\Manage))
#8 C:\OSPanel\domains\localhost\crew\system\CodeIgniter.php(306): CodeIgniter\CodeIgniter->handleRequest(NULL, Object(Config\Cache), false)
#9 C:\OSPanel\domains\localhost\crew\public\index.php(45): CodeIgniter\CodeIgniter->run()
#10 {main}
CRITICAL - 2020-02-28 12:46:19 --> Unknown column 'event_id' in 'where clause'
#0 C:\OSPanel\domains\localhost\crew\system\Database\MySQLi\Connection.php(330): mysqli->query('SELECT *\nFROM `...')
#1 C:\OSPanel\domains\localhost\crew\system\Database\BaseConnection.php(738): CodeIgniter\Database\MySQLi\Connection->execute('SELECT *\nFROM `...')
#2 C:\OSPanel\domains\localhost\crew\system\Database\BaseConnection.php(666): CodeIgniter\Database\BaseConnection->simpleQuery('SELECT *\nFROM `...')
#3 C:\OSPanel\domains\localhost\crew\system\Database\BaseBuilder.php(1819): CodeIgniter\Database\BaseConnection->query('SELECT *\nFROM `...', Array, false)
#4 C:\OSPanel\domains\localhost\crew\system\Model.php(445): CodeIgniter\Database\BaseBuilder->get()
#5 C:\OSPanel\domains\localhost\crew\app\Controllers\Manage.php(35): CodeIgniter\Model->findAll()
#6 C:\OSPanel\domains\localhost\crew\system\CodeIgniter.php(910): App\Controllers\Manage->index()
#7 C:\OSPanel\domains\localhost\crew\system\CodeIgniter.php(398): CodeIgniter\CodeIgniter->runController(Object(App\Controllers\Manage))
#8 C:\OSPanel\domains\localhost\crew\system\CodeIgniter.php(306): CodeIgniter\CodeIgniter->handleRequest(NULL, Object(Config\Cache), false)
#9 C:\OSPanel\domains\localhost\crew\public\index.php(45): CodeIgniter\CodeIgniter->run()
#10 {main}
CRITICAL - 2020-02-28 13:06:06 --> Undefined variable: data
#0 C:\OSPanel\domains\localhost\crew\app\Controllers\Manage.php(38): CodeIgniter\Debug\Exceptions->errorHandler(8, 'Undefined varia...', 'C:\\OSPanel\\doma...', 38, Array)
#1 C:\OSPanel\domains\localhost\crew\system\CodeIgniter.php(910): App\Controllers\Manage->index()
#2 C:\OSPanel\domains\localhost\crew\system\CodeIgniter.php(398): CodeIgniter\CodeIgniter->runController(Object(App\Controllers\Manage))
#3 C:\OSPanel\domains\localhost\crew\system\CodeIgniter.php(306): CodeIgniter\CodeIgniter->handleRequest(NULL, Object(Config\Cache), false)
#4 C:\OSPanel\domains\localhost\crew\public\index.php(45): CodeIgniter\CodeIgniter->run()
#5 {main}
CRITICAL - 2020-02-28 13:14:15 --> syntax error, unexpected '$row' (T_VARIABLE)
#0 C:\OSPanel\domains\localhost\crew\system\Autoloader\Autoloader.php(296): CodeIgniter\Autoloader\Autoloader->requireFile('C:\\OSPanel\\doma...')
#1 C:\OSPanel\domains\localhost\crew\system\Autoloader\Autoloader.php(258): CodeIgniter\Autoloader\Autoloader->loadInNamespace('App\\Models\\Vote')
#2 [internal function]: CodeIgniter\Autoloader\Autoloader->loadClass('App\\Models\\Vote')
#3 C:\OSPanel\domains\localhost\crew\app\Controllers\Manage.php(33): spl_autoload_call('App\\Models\\Vote')
#4 C:\OSPanel\domains\localhost\crew\system\CodeIgniter.php(910): App\Controllers\Manage->index()
#5 C:\OSPanel\domains\localhost\crew\system\CodeIgniter.php(398): CodeIgniter\CodeIgniter->runController(Object(App\Controllers\Manage))
#6 C:\OSPanel\domains\localhost\crew\system\CodeIgniter.php(306): CodeIgniter\CodeIgniter->handleRequest(NULL, Object(Config\Cache), false)
#7 C:\OSPanel\domains\localhost\crew\public\index.php(45): CodeIgniter\CodeIgniter->run()
#8 {main}
CRITICAL - 2020-02-28 13:19:25 --> syntax error, unexpected '}'
#0 C:\OSPanel\domains\localhost\crew\system\Autoloader\Autoloader.php(296): CodeIgniter\Autoloader\Autoloader->requireFile('C:\\OSPanel\\doma...')
#1 C:\OSPanel\domains\localhost\crew\system\Autoloader\Autoloader.php(258): CodeIgniter\Autoloader\Autoloader->loadInNamespace('App\\Models\\Vote')
#2 [internal function]: CodeIgniter\Autoloader\Autoloader->loadClass('App\\Models\\Vote')
#3 C:\OSPanel\domains\localhost\crew\app\Controllers\Manage.php(33): spl_autoload_call('App\\Models\\Vote')
#4 C:\OSPanel\domains\localhost\crew\system\CodeIgniter.php(910): App\Controllers\Manage->index()
#5 C:\OSPanel\domains\localhost\crew\system\CodeIgniter.php(398): CodeIgniter\CodeIgniter->runController(Object(App\Controllers\Manage))
#6 C:\OSPanel\domains\localhost\crew\system\CodeIgniter.php(306): CodeIgniter\CodeIgniter->handleRequest(NULL, Object(Config\Cache), false)
#7 C:\OSPanel\domains\localhost\crew\public\index.php(45): CodeIgniter\CodeIgniter->run()
#8 {main}
CRITICAL - 2020-02-28 13:20:14 --> Undefined index: email
#0 C:\OSPanel\domains\localhost\crew\app\Models\Vote.php(42): CodeIgniter\Debug\Exceptions->errorHandler(8, 'Undefined index...', 'C:\\OSPanel\\doma...', 42, Array)
#1 C:\OSPanel\domains\localhost\crew\app\Controllers\Manage.php(36): App\Models\Vote->getVoting()
#2 C:\OSPanel\domains\localhost\crew\system\CodeIgniter.php(910): App\Controllers\Manage->index()
#3 C:\OSPanel\domains\localhost\crew\system\CodeIgniter.php(398): CodeIgniter\CodeIgniter->runController(Object(App\Controllers\Manage))
#4 C:\OSPanel\domains\localhost\crew\system\CodeIgniter.php(306): CodeIgniter\CodeIgniter->handleRequest(NULL, Object(Config\Cache), false)
#5 C:\OSPanel\domains\localhost\crew\public\index.php(45): CodeIgniter\CodeIgniter->run()
#6 {main}
CRITICAL - 2020-02-28 13:24:37 --> Too few arguments to function App\Models\Vote::getVoting(), 0 passed in C:\OSPanel\domains\localhost\crew\app\Controllers\Manage.php on line 36 and exactly 1 expected
#0 C:\OSPanel\domains\localhost\crew\app\Controllers\Manage.php(36): App\Models\Vote->getVoting()
#1 C:\OSPanel\domains\localhost\crew\system\CodeIgniter.php(910): App\Controllers\Manage->index()
#2 C:\OSPanel\domains\localhost\crew\system\CodeIgniter.php(398): CodeIgniter\CodeIgniter->runController(Object(App\Controllers\Manage))
#3 C:\OSPanel\domains\localhost\crew\system\CodeIgniter.php(306): CodeIgniter\CodeIgniter->handleRequest(NULL, Object(Config\Cache), false)
#4 C:\OSPanel\domains\localhost\crew\public\index.php(45): CodeIgniter\CodeIgniter->run()
#5 {main}
CRITICAL - 2020-02-28 13:25:18 --> You have an error in your SQL syntax; check the manual that corresponds to your MariaDB server version for the right syntax to use near 'WHERE options.id = 1582882514' at line 7
#0 C:\OSPanel\domains\localhost\crew\system\Database\MySQLi\Connection.php(330): mysqli->query('SELECT \n\t\t\topti...')
#1 C:\OSPanel\domains\localhost\crew\system\Database\BaseConnection.php(738): CodeIgniter\Database\MySQLi\Connection->execute('SELECT \n\t\t\topti...')
#2 C:\OSPanel\domains\localhost\crew\system\Database\BaseConnection.php(666): CodeIgniter\Database\BaseConnection->simpleQuery('SELECT \n\t\t\topti...')
#3 C:\OSPanel\domains\localhost\crew\app\Models\Vote.php(33): CodeIgniter\Database\BaseConnection->query('SELECT \n\t\t\topti...')
#4 C:\OSPanel\domains\localhost\crew\app\Controllers\Manage.php(36): App\Models\Vote->getVoting('1582882514')
#5 C:\OSPanel\domains\localhost\crew\system\CodeIgniter.php(910): App\Controllers\Manage->index()
#6 C:\OSPanel\domains\localhost\crew\system\CodeIgniter.php(398): CodeIgniter\CodeIgniter->runController(Object(App\Controllers\Manage))
#7 C:\OSPanel\domains\localhost\crew\system\CodeIgniter.php(306): CodeIgniter\CodeIgniter->handleRequest(NULL, Object(Config\Cache), false)
#8 C:\OSPanel\domains\localhost\crew\public\index.php(45): CodeIgniter\CodeIgniter->run()
#9 {main}
